<?xml version="1.0" encoding="UTF-8"?>
<coverage generated="1760172863468" clover="3.2.0">
  <project timestamp="1760172863468" name="All files">
    <metrics statements="586" coveredstatements="80" conditionals="260" coveredconditionals="40" methods="236" coveredmethods="19" elements="1082" coveredelements="139" complexity="0" loc="586" ncloc="586" packages="15" files="42" classes="42">
      <package name="src">
        <metrics statements="1" coveredstatements="0" conditionals="0" coveredconditionals="0" methods="0" coveredmethods="0"/>
        <file name="App.vue" path="C:\Users\jianzi\Desktop\softtest\White-Jotter-master\wj-vue\src\App.vue">
          <metrics statements="1" coveredstatements="0" conditionals="0" coveredconditionals="0" methods="0" coveredmethods="0"/>
          <line num="8" count="0" type="stmt"/>
        </file>
      </package>
      <package name="src.components">
        <metrics statements="19" coveredstatements="0" conditionals="6" coveredconditionals="0" methods="8" coveredmethods="0"/>
        <file name="Home.vue" path="C:\Users\jianzi\Desktop\softtest\White-Jotter-master\wj-vue\src\components\Home.vue">
          <metrics statements="1" coveredstatements="0" conditionals="0" coveredconditionals="0" methods="0" coveredmethods="0"/>
          <line num="9" count="0" type="stmt"/>
        </file>
        <file name="Login.vue" path="C:\Users\jianzi\Desktop\softtest\White-Jotter-master\wj-vue\src\components\Login.vue">
          <metrics statements="10" coveredstatements="0" conditionals="4" coveredconditionals="0" methods="4" coveredmethods="0"/>
          <line num="26" count="0" type="stmt"/>
          <line num="40" count="0" type="stmt"/>
          <line num="41" count="0" type="stmt"/>
          <line num="42" count="0" type="stmt"/>
          <line num="48" count="0" type="cond" truecount="0" falsecount="2"/>
          <line num="49" count="0" type="stmt"/>
          <line num="50" count="0" type="stmt"/>
          <line num="51" count="0" type="stmt"/>
          <line num="52" count="0" type="cond" truecount="0" falsecount="2"/>
          <line num="54" count="0" type="stmt"/>
        </file>
        <file name="Register.vue" path="C:\Users\jianzi\Desktop\softtest\White-Jotter-master\wj-vue\src\components\Register.vue">
          <metrics statements="8" coveredstatements="0" conditionals="2" coveredconditionals="0" methods="4" coveredmethods="0"/>
          <line num="35" count="0" type="stmt"/>
          <line num="52" count="0" type="stmt"/>
          <line num="53" count="0" type="stmt"/>
          <line num="54" count="0" type="stmt"/>
          <line num="63" count="0" type="cond" truecount="0" falsecount="2"/>
          <line num="64" count="0" type="stmt"/>
          <line num="67" count="0" type="stmt"/>
          <line num="69" count="0" type="stmt"/>
        </file>
      </package>
      <package name="src.components.admin">
        <metrics statements="14" coveredstatements="0" conditionals="4" coveredconditionals="0" methods="8" coveredmethods="0"/>
        <file name="AdminIndex.vue" path="C:\Users\jianzi\Desktop\softtest\White-Jotter-master\wj-vue\src\components\admin\AdminIndex.vue">
          <metrics statements="3" coveredstatements="0" conditionals="0" coveredconditionals="0" methods="2" coveredmethods="0"/>
          <line num="19" count="0" type="stmt"/>
          <line num="20" count="0" type="stmt"/>
          <line num="26" count="0" type="stmt"/>
        </file>
        <file name="AdminMenu.vue" path="C:\Users\jianzi\Desktop\softtest\White-Jotter-master\wj-vue\src\components\admin\AdminMenu.vue">
          <metrics statements="3" coveredstatements="0" conditionals="0" coveredconditionals="0" methods="3" coveredmethods="0"/>
          <line num="30" count="0" type="stmt"/>
          <line num="36" count="0" type="stmt"/>
          <line num="39" count="0" type="stmt"/>
        </file>
        <file name="Header.vue" path="C:\Users\jianzi\Desktop\softtest\White-Jotter-master\wj-vue\src\components\admin\Header.vue">
          <metrics statements="8" coveredstatements="0" conditionals="4" coveredconditionals="0" methods="3" coveredmethods="0"/>
          <line num="12" count="0" type="stmt"/>
          <line num="18" count="0" type="stmt"/>
          <line num="19" count="0" type="stmt"/>
          <line num="20" count="0" type="cond" truecount="0" falsecount="4"/>
          <line num="21" count="0" type="stmt"/>
          <line num="22" count="0" type="stmt"/>
          <line num="24" count="0" type="stmt"/>
          <line num="25" count="0" type="stmt"/>
        </file>
      </package>
      <package name="src.components.admin.content">
        <metrics statements="68" coveredstatements="0" conditionals="30" coveredconditionals="0" methods="42" coveredmethods="0"/>
        <file name="ArticleEditor.vue" path="C:\Users\jianzi\Desktop\softtest\White-Jotter-master\wj-vue\src\components\admin\content\ArticleEditor.vue">
          <metrics statements="11" coveredstatements="0" conditionals="6" coveredconditionals="0" methods="7" coveredmethods="0"/>
          <line num="52" count="0" type="stmt"/>
          <line num="58" count="0" type="stmt"/>
          <line num="64" count="0" type="cond" truecount="0" falsecount="2"/>
          <line num="65" count="0" type="stmt"/>
          <line num="69" count="0" type="stmt"/>
          <line num="71" count="0" type="stmt"/>
          <line num="76" count="0" type="stmt"/>
          <line num="86" count="0" type="cond" truecount="0" falsecount="4"/>
          <line num="87" count="0" type="stmt"/>
          <line num="95" count="0" type="stmt"/>
          <line num="102" count="0" type="stmt"/>
        </file>
        <file name="ArticleManagement.vue" path="C:\Users\jianzi\Desktop\softtest\White-Jotter-master\wj-vue\src\components\admin\content\ArticleManagement.vue">
          <metrics statements="22" coveredstatements="0" conditionals="12" coveredconditionals="0" methods="13" coveredmethods="0"/>
          <line num="86" count="0" type="stmt"/>
          <line num="93" count="0" type="stmt"/>
          <line num="97" count="0" type="stmt"/>
          <line num="102" count="0" type="stmt"/>
          <line num="103" count="0" type="stmt"/>
          <line num="104" count="0" type="cond" truecount="0" falsecount="4"/>
          <line num="105" count="0" type="stmt"/>
          <line num="106" count="0" type="stmt"/>
          <line num="111" count="0" type="stmt"/>
          <line num="112" count="0" type="stmt"/>
          <line num="113" count="0" type="cond" truecount="0" falsecount="4"/>
          <line num="114" count="0" type="stmt"/>
          <line num="115" count="0" type="stmt"/>
          <line num="120" count="0" type="stmt"/>
          <line num="128" count="0" type="stmt"/>
          <line num="131" count="0" type="stmt"/>
          <line num="140" count="0" type="stmt"/>
          <line num="141" count="0" type="stmt"/>
          <line num="146" count="0" type="stmt"/>
          <line num="148" count="0" type="cond" truecount="0" falsecount="4"/>
          <line num="149" count="0" type="stmt"/>
          <line num="154" count="0" type="stmt"/>
        </file>
        <file name="BookManagement.vue" path="C:\Users\jianzi\Desktop\softtest\White-Jotter-master\wj-vue\src\components\admin\content\BookManagement.vue">
          <metrics statements="16" coveredstatements="0" conditionals="8" coveredconditionals="0" methods="10" coveredmethods="0"/>
          <line num="90" count="0" type="stmt"/>
          <line num="95" count="0" type="stmt"/>
          <line num="100" count="0" type="stmt"/>
          <line num="104" count="0" type="stmt"/>
          <line num="108" count="0" type="stmt"/>
          <line num="109" count="0" type="stmt"/>
          <line num="114" count="0" type="stmt"/>
          <line num="116" count="0" type="cond" truecount="0" falsecount="4"/>
          <line num="117" count="0" type="stmt"/>
          <line num="122" count="0" type="stmt"/>
          <line num="129" count="0" type="stmt"/>
          <line num="130" count="0" type="stmt"/>
          <line num="148" count="0" type="stmt"/>
          <line num="149" count="0" type="stmt"/>
          <line num="150" count="0" type="cond" truecount="0" falsecount="4"/>
          <line num="151" count="0" type="stmt"/>
        </file>
        <file name="EditForm.vue" path="C:\Users\jianzi\Desktop\softtest\White-Jotter-master\wj-vue\src\components\admin\content\EditForm.vue">
          <metrics statements="10" coveredstatements="0" conditionals="4" coveredconditionals="0" methods="5" coveredmethods="0"/>
          <line num="51" count="0" type="stmt"/>
          <line num="56" count="0" type="stmt"/>
          <line num="77" count="0" type="stmt"/>
          <line num="78" count="0" type="stmt"/>
          <line num="92" count="0" type="stmt"/>
          <line num="93" count="0" type="stmt"/>
          <line num="104" count="0" type="cond" truecount="0" falsecount="4"/>
          <line num="105" count="0" type="stmt"/>
          <line num="106" count="0" type="stmt"/>
          <line num="111" count="0" type="stmt"/>
        </file>
        <file name="ImgUpload.vue" path="C:\Users\jianzi\Desktop\softtest\White-Jotter-master\wj-vue\src\components\admin\content\ImgUpload.vue">
          <metrics statements="9" coveredstatements="0" conditionals="0" coveredconditionals="0" methods="7" coveredmethods="0"/>
          <line num="24" count="0" type="stmt"/>
          <line num="31" count="0" type="stmt"/>
          <line num="34" count="0" type="stmt"/>
          <line num="39" count="0" type="stmt"/>
          <line num="42" count="0" type="stmt"/>
          <line num="45" count="0" type="stmt"/>
          <line num="47" count="0" type="stmt"/>
          <line num="48" count="0" type="stmt"/>
          <line num="51" count="0" type="stmt"/>
        </file>
      </package>
      <package name="src.components.admin.dashboard.admin">
        <metrics statements="11" coveredstatements="0" conditionals="0" coveredconditionals="0" methods="2" coveredmethods="0"/>
        <file name="index.vue" path="C:\Users\jianzi\Desktop\softtest\White-Jotter-master\wj-vue\src\components\admin\dashboard\admin\index.vue">
          <metrics statements="11" coveredstatements="0" conditionals="0" coveredconditionals="0" methods="2" coveredmethods="0"/>
          <line num="45" count="0" type="stmt"/>
          <line num="46" count="0" type="stmt"/>
          <line num="47" count="0" type="stmt"/>
          <line num="48" count="0" type="stmt"/>
          <line num="49" count="0" type="stmt"/>
          <line num="50" count="0" type="stmt"/>
          <line num="51" count="0" type="stmt"/>
          <line num="52" count="0" type="stmt"/>
          <line num="54" count="0" type="stmt"/>
          <line num="87" count="0" type="stmt"/>
          <line num="93" count="0" type="stmt"/>
        </file>
      </package>
      <package name="src.components.admin.dashboard.admin.components">
        <metrics statements="68" coveredstatements="0" conditionals="10" coveredconditionals="0" methods="30" coveredmethods="0"/>
        <file name="BarChart.vue" path="C:\Users\jianzi\Desktop\softtest\White-Jotter-master\wj-vue\src\components\admin\dashboard\admin\components\BarChart.vue">
          <metrics statements="14" coveredstatements="0" conditionals="2" coveredconditionals="0" methods="5" coveredmethods="0"/>
          <line num="6" count="0" type="stmt"/>
          <line num="7" count="0" type="stmt"/>
          <line num="8" count="0" type="stmt"/>
          <line num="10" count="0" type="stmt"/>
          <line num="29" count="0" type="stmt"/>
          <line num="33" count="0" type="stmt"/>
          <line num="34" count="0" type="stmt"/>
          <line num="35" count="0" type="stmt"/>
          <line num="39" count="0" type="cond" truecount="0" falsecount="2"/>
          <line num="40" count="0" type="stmt"/>
          <line num="42" count="0" type="stmt"/>
          <line num="43" count="0" type="stmt"/>
          <line num="47" count="0" type="stmt"/>
          <line num="49" count="0" type="stmt"/>
        </file>
        <file name="BoxCard.vue" path="C:\Users\jianzi\Desktop\softtest\White-Jotter-master\wj-vue\src\components\admin\dashboard\admin\components\BoxCard.vue">
          <metrics statements="4" coveredstatements="0" conditionals="0" coveredconditionals="0" methods="2" coveredmethods="0"/>
          <line num="30" count="0" type="stmt"/>
          <line num="39" count="0" type="stmt"/>
          <line num="43" count="0" type="stmt"/>
          <line num="47" count="0" type="stmt"/>
        </file>
        <file name="LineChart.vue" path="C:\Users\jianzi\Desktop\softtest\White-Jotter-master\wj-vue\src\components\admin\dashboard\admin\components\LineChart.vue">
          <metrics statements="16" coveredstatements="0" conditionals="4" coveredconditionals="0" methods="7" coveredmethods="0"/>
          <line num="6" count="0" type="stmt"/>
          <line num="7" count="0" type="stmt"/>
          <line num="8" count="0" type="stmt"/>
          <line num="35" count="0" type="stmt"/>
          <line num="43" count="0" type="stmt"/>
          <line num="47" count="0" type="stmt"/>
          <line num="48" count="0" type="stmt"/>
          <line num="49" count="0" type="stmt"/>
          <line num="53" count="0" type="cond" truecount="0" falsecount="2"/>
          <line num="54" count="0" type="stmt"/>
          <line num="56" count="0" type="stmt"/>
          <line num="57" count="0" type="stmt"/>
          <line num="61" count="0" type="stmt"/>
          <line num="62" count="0" type="stmt"/>
          <line num="64" count="0" type="cond" truecount="0" falsecount="2"/>
          <line num="65" count="0" type="stmt"/>
        </file>
        <file name="PanelGroup.vue" path="C:\Users\jianzi\Desktop\softtest\White-Jotter-master\wj-vue\src\components\admin\dashboard\admin\components\PanelGroup.vue">
          <metrics statements="2" coveredstatements="0" conditionals="0" coveredconditionals="0" methods="1" coveredmethods="0"/>
          <line num="59" count="0" type="stmt"/>
          <line num="67" count="0" type="stmt"/>
        </file>
        <file name="PieChart.vue" path="C:\Users\jianzi\Desktop\softtest\White-Jotter-master\wj-vue\src\components\admin\dashboard\admin\components\PieChart.vue">
          <metrics statements="13" coveredstatements="0" conditionals="2" coveredconditionals="0" methods="5" coveredmethods="0"/>
          <line num="6" count="0" type="stmt"/>
          <line num="7" count="0" type="stmt"/>
          <line num="8" count="0" type="stmt"/>
          <line num="27" count="0" type="stmt"/>
          <line num="31" count="0" type="stmt"/>
          <line num="32" count="0" type="stmt"/>
          <line num="33" count="0" type="stmt"/>
          <line num="37" count="0" type="cond" truecount="0" falsecount="2"/>
          <line num="38" count="0" type="stmt"/>
          <line num="40" count="0" type="stmt"/>
          <line num="41" count="0" type="stmt"/>
          <line num="45" count="0" type="stmt"/>
          <line num="47" count="0" type="stmt"/>
        </file>
        <file name="RaddarChart.vue" path="C:\Users\jianzi\Desktop\softtest\White-Jotter-master\wj-vue\src\components\admin\dashboard\admin\components\RaddarChart.vue">
          <metrics statements="14" coveredstatements="0" conditionals="2" coveredconditionals="0" methods="5" coveredmethods="0"/>
          <line num="6" count="0" type="stmt"/>
          <line num="7" count="0" type="stmt"/>
          <line num="8" count="0" type="stmt"/>
          <line num="10" count="0" type="stmt"/>
          <line num="29" count="0" type="stmt"/>
          <line num="33" count="0" type="stmt"/>
          <line num="34" count="0" type="stmt"/>
          <line num="35" count="0" type="stmt"/>
          <line num="39" count="0" type="cond" truecount="0" falsecount="2"/>
          <line num="40" count="0" type="stmt"/>
          <line num="42" count="0" type="stmt"/>
          <line num="43" count="0" type="stmt"/>
          <line num="47" count="0" type="stmt"/>
          <line num="49" count="0" type="stmt"/>
        </file>
        <file name="TransactionTable.vue" path="C:\Users\jianzi\Desktop\softtest\White-Jotter-master\wj-vue\src\components\admin\dashboard\admin\components\TransactionTable.vue">
          <metrics statements="5" coveredstatements="0" conditionals="0" coveredconditionals="0" methods="5" coveredmethods="0"/>
          <line num="29" count="0" type="stmt"/>
          <line num="33" count="0" type="stmt"/>
          <line num="36" count="0" type="stmt"/>
          <line num="40" count="0" type="stmt"/>
          <line num="45" count="0" type="stmt"/>
        </file>
      </package>
      <package name="src.components.admin.dashboard.admin.components.TodoList">
        <metrics statements="51" coveredstatements="0" conditionals="10" coveredconditionals="0" methods="29" coveredmethods="0"/>
        <file name="Todo.vue" path="C:\Users\jianzi\Desktop\softtest\White-Jotter-master\wj-vue\src\components\admin\dashboard\admin\components\TodoList\Todo.vue">
          <metrics statements="19" coveredstatements="0" conditionals="6" coveredconditionals="0" methods="9" coveredmethods="0"/>
          <line num="30" count="0" type="stmt"/>
          <line num="31" count="0" type="cond" truecount="0" falsecount="2"/>
          <line num="32" count="0" type="stmt"/>
          <line num="33" count="0" type="stmt"/>
          <line num="42" count="0" type="stmt"/>
          <line num="47" count="0" type="stmt"/>
          <line num="53" count="0" type="stmt"/>
          <line num="55" count="0" type="stmt"/>
          <line num="56" count="0" type="stmt"/>
          <line num="59" count="0" type="stmt"/>
          <line num="61" count="0" type="stmt"/>
          <line num="62" count="0" type="stmt"/>
          <line num="64" count="0" type="cond" truecount="0" falsecount="2"/>
          <line num="65" count="0" type="stmt"/>
          <line num="68" count="0" type="cond" truecount="0" falsecount="2"/>
          <line num="69" count="0" type="stmt"/>
          <line num="73" count="0" type="stmt"/>
          <line num="77" count="0" type="stmt"/>
          <line num="78" count="0" type="stmt"/>
        </file>
        <file name="index.vue" path="C:\Users\jianzi\Desktop\softtest\White-Jotter-master\wj-vue\src\components\admin\dashboard\admin\components\TodoList\index.vue">
          <metrics statements="32" coveredstatements="0" conditionals="4" coveredconditionals="0" methods="20" coveredmethods="0"/>
          <line num="41" count="0" type="stmt"/>
          <line num="43" count="0" type="stmt"/>
          <line num="44" count="0" type="stmt"/>
          <line num="45" count="0" type="stmt"/>
          <line num="46" count="0" type="stmt"/>
          <line num="47" count="0" type="stmt"/>
          <line num="49" count="0" type="stmt"/>
          <line num="62" count="0" type="cond" truecount="0" falsecount="2"/>
          <line num="63" count="0" type="stmt"/>
          <line num="66" count="0" type="stmt"/>
          <line num="75" count="0" type="stmt"/>
          <line num="78" count="0" type="stmt"/>
          <line num="81" count="0" type="stmt"/>
          <line num="86" count="0" type="stmt"/>
          <line num="89" count="0" type="stmt"/>
          <line num="90" count="0" type="cond" truecount="0" falsecount="2"/>
          <line num="91" count="0" type="stmt"/>
          <line num="95" count="0" type="stmt"/>
          <line num="97" count="0" type="stmt"/>
          <line num="100" count="0" type="stmt"/>
          <line num="101" count="0" type="stmt"/>
          <line num="104" count="0" type="stmt"/>
          <line num="105" count="0" type="stmt"/>
          <line num="107" count="0" type="stmt"/>
          <line num="108" count="0" type="stmt"/>
          <line num="109" count="0" type="stmt"/>
          <line num="112" count="0" type="stmt"/>
          <line num="113" count="0" type="stmt"/>
          <line num="115" count="0" type="stmt"/>
          <line num="116" count="0" type="stmt"/>
          <line num="117" count="0" type="stmt"/>
          <line num="118" count="0" type="stmt"/>
        </file>
      </package>
      <package name="src.components.admin.dashboard.admin.components.mixins">
        <metrics statements="21" coveredstatements="0" conditionals="8" coveredconditionals="0" methods="11" coveredmethods="0"/>
        <file name="resize.js" path="C:\Users\jianzi\Desktop\softtest\White-Jotter-master\wj-vue\src\components\admin\dashboard\admin\components\mixins\resize.js">
          <metrics statements="21" coveredstatements="0" conditionals="8" coveredconditionals="0" methods="11" coveredmethods="0"/>
          <line num="1" count="0" type="stmt"/>
          <line num="5" count="0" type="stmt"/>
          <line num="10" count="0" type="stmt"/>
          <line num="11" count="0" type="stmt"/>
          <line num="12" count="0" type="cond" truecount="0" falsecount="2"/>
          <line num="13" count="0" type="stmt"/>
          <line num="16" count="0" type="stmt"/>
          <line num="17" count="0" type="stmt"/>
          <line num="20" count="0" type="stmt"/>
          <line num="21" count="0" type="stmt"/>
          <line num="26" count="0" type="stmt"/>
          <line num="27" count="0" type="stmt"/>
          <line num="30" count="0" type="stmt"/>
          <line num="31" count="0" type="stmt"/>
          <line num="37" count="0" type="stmt"/>
          <line num="40" count="0" type="stmt"/>
          <line num="43" count="0" type="cond" truecount="0" falsecount="2"/>
          <line num="44" count="0" type="stmt"/>
          <line num="48" count="0" type="stmt"/>
          <line num="49" count="0" type="cond" truecount="0" falsecount="2"/>
          <line num="52" count="0" type="cond" truecount="0" falsecount="2"/>
        </file>
      </package>
      <package name="src.components.admin.user">
        <metrics statements="123" coveredstatements="0" conditionals="62" coveredconditionals="0" methods="41" coveredmethods="0"/>
        <file name="BulkRegistration.vue" path="C:\Users\jianzi\Desktop\softtest\White-Jotter-master\wj-vue\src\components\admin\user\BulkRegistration.vue">
          <metrics statements="9" coveredstatements="0" conditionals="2" coveredconditionals="0" methods="5" coveredmethods="0"/>
          <line num="43" count="0" type="stmt"/>
          <line num="60" count="0" type="stmt"/>
          <line num="68" count="0" type="stmt"/>
          <line num="69" count="0" type="stmt"/>
          <line num="78" count="0" type="cond" truecount="0" falsecount="2"/>
          <line num="79" count="0" type="stmt"/>
          <line num="82" count="0" type="stmt"/>
          <line num="83" count="0" type="stmt"/>
          <line num="85" count="0" type="stmt"/>
        </file>
        <file name="Role.vue" path="C:\Users\jianzi\Desktop\softtest\White-Jotter-master\wj-vue\src\components\admin\user\Role.vue">
          <metrics statements="59" coveredstatements="0" conditionals="32" coveredconditionals="0" methods="17" coveredmethods="0"/>
          <line num="106" count="0" type="stmt"/>
          <line num="111" count="0" type="stmt"/>
          <line num="127" count="0" type="stmt"/>
          <line num="128" count="0" type="stmt"/>
          <line num="129" count="0" type="stmt"/>
          <line num="133" count="0" type="stmt"/>
          <line num="138" count="0" type="stmt"/>
          <line num="139" count="0" type="stmt"/>
          <line num="140" count="0" type="cond" truecount="0" falsecount="4"/>
          <line num="141" count="0" type="stmt"/>
          <line num="146" count="0" type="stmt"/>
          <line num="147" count="0" type="stmt"/>
          <line num="148" count="0" type="cond" truecount="0" falsecount="4"/>
          <line num="149" count="0" type="stmt"/>
          <line num="154" count="0" type="stmt"/>
          <line num="155" count="0" type="stmt"/>
          <line num="156" count="0" type="cond" truecount="0" falsecount="4"/>
          <line num="157" count="0" type="stmt"/>
          <line num="161" count="0" type="stmt"/>
          <line num="162" count="0" type="cond" truecount="0" falsecount="2"/>
          <line num="163" count="0" type="stmt"/>
          <line num="168" count="0" type="stmt"/>
          <line num="172" count="0" type="cond" truecount="0" falsecount="4"/>
          <line num="173" count="0" type="cond" truecount="0" falsecount="2"/>
          <line num="174" count="0" type="stmt"/>
          <line num="176" count="0" type="stmt"/>
          <line num="181" count="0" type="stmt"/>
          <line num="182" count="0" type="stmt"/>
          <line num="188" count="0" type="stmt"/>
          <line num="189" count="0" type="stmt"/>
          <line num="193" count="0" type="stmt"/>
          <line num="194" count="0" type="stmt"/>
          <line num="195" count="0" type="stmt"/>
          <line num="196" count="0" type="stmt"/>
          <line num="197" count="0" type="stmt"/>
          <line num="199" count="0" type="stmt"/>
          <line num="200" count="0" type="stmt"/>
          <line num="201" count="0" type="stmt"/>
          <line num="202" count="0" type="stmt"/>
          <line num="203" count="0" type="stmt"/>
          <line num="204" count="0" type="stmt"/>
          <line num="207" count="0" type="stmt"/>
          <line num="209" count="0" type="cond" truecount="0" falsecount="2"/>
          <line num="210" count="0" type="stmt"/>
          <line num="213" count="0" type="stmt"/>
          <line num="214" count="0" type="stmt"/>
          <line num="216" count="0" type="stmt"/>
          <line num="217" count="0" type="stmt"/>
          <line num="218" count="0" type="stmt"/>
          <line num="219" count="0" type="cond" truecount="0" falsecount="2"/>
          <line num="220" count="0" type="stmt"/>
          <line num="224" count="0" type="stmt"/>
          <line num="231" count="0" type="cond" truecount="0" falsecount="4"/>
          <line num="232" count="0" type="stmt"/>
          <line num="233" count="0" type="stmt"/>
          <line num="234" count="0" type="stmt"/>
          <line num="237" count="0" type="stmt"/>
          <line num="240" count="0" type="cond" truecount="0" falsecount="4"/>
          <line num="241" count="0" type="stmt"/>
        </file>
        <file name="RoleCreate.vue" path="C:\Users\jianzi\Desktop\softtest\White-Jotter-master\wj-vue\src\components\admin\user\RoleCreate.vue">
          <metrics statements="10" coveredstatements="0" conditionals="2" coveredconditionals="0" methods="5" coveredmethods="0"/>
          <line num="34" count="0" type="stmt"/>
          <line num="49" count="0" type="stmt"/>
          <line num="54" count="0" type="stmt"/>
          <line num="55" count="0" type="stmt"/>
          <line num="61" count="0" type="cond" truecount="0" falsecount="2"/>
          <line num="62" count="0" type="stmt"/>
          <line num="65" count="0" type="stmt"/>
          <line num="66" count="0" type="stmt"/>
          <line num="68" count="0" type="stmt"/>
          <line num="74" count="0" type="stmt"/>
        </file>
        <file name="UserProfile.vue" path="C:\Users\jianzi\Desktop\softtest\White-Jotter-master\wj-vue\src\components\admin\user\UserProfile.vue">
          <metrics statements="45" coveredstatements="0" conditionals="26" coveredconditionals="0" methods="14" coveredmethods="0"/>
          <line num="119" count="0" type="stmt"/>
          <line num="124" count="0" type="stmt"/>
          <line num="133" count="0" type="stmt"/>
          <line num="134" count="0" type="stmt"/>
          <line num="138" count="0" type="stmt"/>
          <line num="143" count="0" type="stmt"/>
          <line num="144" count="0" type="stmt"/>
          <line num="145" count="0" type="cond" truecount="0" falsecount="4"/>
          <line num="146" count="0" type="stmt"/>
          <line num="151" count="0" type="stmt"/>
          <line num="152" count="0" type="stmt"/>
          <line num="153" count="0" type="cond" truecount="0" falsecount="4"/>
          <line num="154" count="0" type="stmt"/>
          <line num="158" count="0" type="stmt"/>
          <line num="159" count="0" type="cond" truecount="0" falsecount="2"/>
          <line num="160" count="0" type="stmt"/>
          <line num="164" count="0" type="cond" truecount="0" falsecount="4"/>
          <line num="165" count="0" type="cond" truecount="0" falsecount="2"/>
          <line num="166" count="0" type="stmt"/>
          <line num="168" count="0" type="stmt"/>
          <line num="173" count="0" type="stmt"/>
          <line num="174" count="0" type="stmt"/>
          <line num="177" count="0" type="stmt"/>
          <line num="178" count="0" type="stmt"/>
          <line num="180" count="0" type="stmt"/>
          <line num="181" count="0" type="stmt"/>
          <line num="182" count="0" type="stmt"/>
          <line num="183" count="0" type="cond" truecount="0" falsecount="2"/>
          <line num="184" count="0" type="stmt"/>
          <line num="188" count="0" type="stmt"/>
          <line num="195" count="0" type="cond" truecount="0" falsecount="4"/>
          <line num="196" count="0" type="stmt"/>
          <line num="197" count="0" type="stmt"/>
          <line num="199" count="0" type="stmt"/>
          <line num="201" count="0" type="stmt"/>
          <line num="206" count="0" type="stmt"/>
          <line num="207" count="0" type="stmt"/>
          <line num="208" count="0" type="stmt"/>
          <line num="209" count="0" type="stmt"/>
          <line num="210" count="0" type="stmt"/>
          <line num="212" count="0" type="stmt"/>
          <line num="214" count="0" type="stmt"/>
          <line num="215" count="0" type="stmt"/>
          <line num="218" count="0" type="cond" truecount="0" falsecount="4"/>
          <line num="219" count="0" type="stmt"/>
        </file>
      </package>
      <package name="src.components.common">
        <metrics statements="6" coveredstatements="0" conditionals="2" coveredconditionals="0" methods="3" coveredmethods="0"/>
        <file name="NavMenu.vue" path="C:\Users\jianzi\Desktop\softtest\White-Jotter-master\wj-vue\src\components\common\NavMenu.vue">
          <metrics statements="6" coveredstatements="0" conditionals="2" coveredconditionals="0" methods="3" coveredmethods="0"/>
          <line num="30" count="0" type="stmt"/>
          <line num="42" count="0" type="stmt"/>
          <line num="45" count="0" type="stmt"/>
          <line num="46" count="0" type="cond" truecount="0" falsecount="2"/>
          <line num="47" count="0" type="stmt"/>
          <line num="49" count="0" type="stmt"/>
        </file>
      </package>
      <package name="src.components.home">
        <metrics statements="7" coveredstatements="0" conditionals="0" coveredconditionals="0" methods="1" coveredmethods="0"/>
        <file name="AppIndex.vue" path="C:\Users\jianzi\Desktop\softtest\White-Jotter-master\wj-vue\src\components\home\AppIndex.vue">
          <metrics statements="6" coveredstatements="0" conditionals="0" coveredconditionals="0" methods="0" coveredmethods="0"/>
          <line num="18" count="0" type="stmt"/>
          <line num="19" count="0" type="stmt"/>
          <line num="20" count="0" type="stmt"/>
          <line num="21" count="0" type="stmt"/>
          <line num="22" count="0" type="stmt"/>
          <line num="23" count="0" type="stmt"/>
        </file>
        <file name="Carousel.vue" path="C:\Users\jianzi\Desktop\softtest\White-Jotter-master\wj-vue\src\components\home\Carousel.vue">
          <metrics statements="1" coveredstatements="0" conditionals="0" coveredconditionals="0" methods="1" coveredmethods="0"/>
          <line num="54" count="0" type="stmt"/>
        </file>
      </package>
      <package name="src.components.jotter">
        <metrics statements="20" coveredstatements="0" conditionals="12" coveredconditionals="0" methods="12" coveredmethods="0"/>
        <file name="ArticleDetails.vue" path="C:\Users\jianzi\Desktop\softtest\White-Jotter-master\wj-vue\src\components\jotter\ArticleDetails.vue">
          <metrics statements="6" coveredstatements="0" conditionals="4" coveredconditionals="0" methods="4" coveredmethods="0"/>
          <line num="19" count="0" type="stmt"/>
          <line num="24" count="0" type="stmt"/>
          <line num="28" count="0" type="stmt"/>
          <line num="29" count="0" type="stmt"/>
          <line num="30" count="0" type="cond" truecount="0" falsecount="4"/>
          <line num="31" count="0" type="stmt"/>
        </file>
        <file name="Articles.vue" path="C:\Users\jianzi\Desktop\softtest\White-Jotter-master\wj-vue\src\components\jotter\Articles.vue">
          <metrics statements="12" coveredstatements="0" conditionals="8" coveredconditionals="0" methods="6" coveredmethods="0"/>
          <line num="35" count="0" type="stmt"/>
          <line num="42" count="0" type="stmt"/>
          <line num="46" count="0" type="stmt"/>
          <line num="47" count="0" type="stmt"/>
          <line num="48" count="0" type="cond" truecount="0" falsecount="4"/>
          <line num="49" count="0" type="stmt"/>
          <line num="50" count="0" type="stmt"/>
          <line num="55" count="0" type="stmt"/>
          <line num="56" count="0" type="stmt"/>
          <line num="57" count="0" type="cond" truecount="0" falsecount="4"/>
          <line num="58" count="0" type="stmt"/>
          <line num="59" count="0" type="stmt"/>
        </file>
        <file name="JotterNav.vue" path="C:\Users\jianzi\Desktop\softtest\White-Jotter-master\wj-vue\src\components\jotter\JotterNav.vue">
          <metrics statements="2" coveredstatements="0" conditionals="0" coveredconditionals="0" methods="2" coveredmethods="0"/>
          <line num="58" count="0" type="stmt"/>
          <line num="61" count="0" type="stmt"/>
        </file>
      </package>
      <package name="src.components.library">
        <metrics statements="29" coveredstatements="0" conditionals="12" coveredconditionals="0" methods="15" coveredmethods="0"/>
        <file name="Books.vue" path="C:\Users\jianzi\Desktop\softtest\White-Jotter-master\wj-vue\src\components\library\Books.vue">
          <metrics statements="13" coveredstatements="0" conditionals="8" coveredconditionals="0" methods="7" coveredmethods="0"/>
          <line num="42" count="0" type="stmt"/>
          <line num="43" count="0" type="stmt"/>
          <line num="49" count="0" type="stmt"/>
          <line num="56" count="0" type="stmt"/>
          <line num="60" count="0" type="stmt"/>
          <line num="61" count="0" type="stmt"/>
          <line num="62" count="0" type="cond" truecount="0" falsecount="4"/>
          <line num="63" count="0" type="stmt"/>
          <line num="68" count="0" type="stmt"/>
          <line num="71" count="0" type="stmt"/>
          <line num="72" count="0" type="stmt"/>
          <line num="75" count="0" type="cond" truecount="0" falsecount="4"/>
          <line num="76" count="0" type="stmt"/>
        </file>
        <file name="LibraryIndex.vue" path="C:\Users\jianzi\Desktop\softtest\White-Jotter-master\wj-vue\src\components\library\LibraryIndex.vue">
          <metrics statements="9" coveredstatements="0" conditionals="4" coveredconditionals="0" methods="2" coveredmethods="0"/>
          <line num="14" count="0" type="stmt"/>
          <line num="15" count="0" type="stmt"/>
          <line num="22" count="0" type="stmt"/>
          <line num="23" count="0" type="stmt"/>
          <line num="24" count="0" type="stmt"/>
          <line num="25" count="0" type="stmt"/>
          <line num="26" count="0" type="cond" truecount="0" falsecount="4"/>
          <line num="27" count="0" type="stmt"/>
          <line num="28" count="0" type="stmt"/>
        </file>
        <file name="SearchBar.vue" path="C:\Users\jianzi\Desktop\softtest\White-Jotter-master\wj-vue\src\components\library\SearchBar.vue">
          <metrics statements="2" coveredstatements="0" conditionals="0" coveredconditionals="0" methods="2" coveredmethods="0"/>
          <line num="19" count="0" type="stmt"/>
          <line num="27" count="0" type="stmt"/>
        </file>
        <file name="SideMenu.vue" path="C:\Users\jianzi\Desktop\softtest\White-Jotter-master\wj-vue\src\components\library\SideMenu.vue">
          <metrics statements="3" coveredstatements="0" conditionals="0" coveredconditionals="0" methods="2" coveredmethods="0"/>
          <line num="42" count="0" type="stmt"/>
          <line num="48" count="0" type="stmt"/>
          <line num="49" count="0" type="stmt"/>
        </file>
        <file name="Tag.vue" path="C:\Users\jianzi\Desktop\softtest\White-Jotter-master\wj-vue\src\components\library\Tag.vue">
          <metrics statements="1" coveredstatements="0" conditionals="0" coveredconditionals="0" methods="1" coveredmethods="0"/>
          <line num="17" count="0" type="stmt"/>
        </file>
        <file name="ViewSwitch.vue" path="C:\Users\jianzi\Desktop\softtest\White-Jotter-master\wj-vue\src\components\library\ViewSwitch.vue">
          <metrics statements="1" coveredstatements="0" conditionals="0" coveredconditionals="0" methods="1" coveredmethods="0"/>
          <line num="12" count="0" type="stmt"/>
        </file>
      </package>
      <package name="src.store">
        <metrics statements="7" coveredstatements="7" conditionals="4" coveredconditionals="1" methods="0" coveredmethods="0"/>
        <file name="index.js" path="C:\Users\jianzi\Desktop\softtest\White-Jotter-master\wj-vue\src\store\index.js">
          <metrics statements="7" coveredstatements="7" conditionals="4" coveredconditionals="1" methods="0" coveredmethods="0"/>
          <line num="4" count="1" type="stmt"/>
          <line num="13" count="1" type="stmt"/>
          <line num="16" count="2" type="stmt"/>
          <line num="17" count="2" type="stmt"/>
          <line num="21" count="1" type="stmt"/>
          <line num="22" count="1" type="stmt"/>
          <line num="23" count="1" type="stmt"/>
        </file>
      </package>
      <package name="src.utils">
        <metrics statements="141" coveredstatements="73" conditionals="100" coveredconditionals="39" methods="34" coveredmethods="19"/>
        <file name="index.js" path="C:\Users\jianzi\Desktop\softtest\White-Jotter-master\wj-vue\src\utils\index.js">
          <metrics statements="122" coveredstatements="55" conditionals="94" coveredconditionals="34" methods="25" coveredmethods="10"/>
          <line num="12" count="7" type="cond" truecount="2" falsecount="0"/>
          <line num="13" count="1" type="stmt"/>
          <line num="15" count="6" type="cond" truecount="2" falsecount="0"/>
          <line num="17" count="6" type="cond" truecount="2" falsecount="0"/>
          <line num="18" count="4" type="stmt"/>
          <line num="20" count="2" type="cond" truecount="2" falsecount="2"/>
          <line num="21" count="0" type="stmt"/>
          <line num="23" count="2" type="cond" truecount="3" falsecount="1"/>
          <line num="24" count="0" type="stmt"/>
          <line num="26" count="2" type="stmt"/>
          <line num="28" count="6" type="stmt"/>
          <line num="37" count="6" type="stmt"/>
          <line num="38" count="25" type="stmt"/>
          <line num="40" count="25" type="cond" truecount="2" falsecount="0"/>
          <line num="41" count="24" type="stmt"/>
          <line num="43" count="6" type="stmt"/>
          <line num="52" count="7" type="cond" truecount="2" falsecount="0"/>
          <line num="53" count="1" type="stmt"/>
          <line num="55" count="6" type="stmt"/>
          <line num="57" count="7" type="stmt"/>
          <line num="58" count="7" type="stmt"/>
          <line num="60" count="7" type="stmt"/>
          <line num="62" count="7" type="cond" truecount="2" falsecount="0"/>
          <line num="63" count="3" type="stmt"/>
          <line num="64" count="4" type="cond" truecount="2" falsecount="0"/>
          <line num="66" count="1" type="stmt"/>
          <line num="67" count="3" type="cond" truecount="2" falsecount="0"/>
          <line num="68" count="1" type="stmt"/>
          <line num="69" count="2" type="cond" truecount="2" falsecount="0"/>
          <line num="70" count="1" type="stmt"/>
          <line num="72" count="1" type="cond" truecount="1" falsecount="1"/>
          <line num="73" count="1" type="stmt"/>
          <line num="75" count="0" type="stmt"/>
          <line num="94" count="4" type="cond" truecount="1" falsecount="1"/>
          <line num="95" count="4" type="stmt"/>
          <line num="96" count="4" type="stmt"/>
          <line num="97" count="4" type="stmt"/>
          <line num="98" count="4" type="stmt"/>
          <line num="99" count="7" type="stmt"/>
          <line num="100" count="7" type="stmt"/>
          <line num="101" count="7" type="stmt"/>
          <line num="102" count="7" type="stmt"/>
          <line num="103" count="7" type="stmt"/>
          <line num="105" count="4" type="stmt"/>
          <line num="114" count="0" type="stmt"/>
          <line num="115" count="0" type="stmt"/>
          <line num="116" count="0" type="stmt"/>
          <line num="117" count="0" type="cond" truecount="0" falsecount="4"/>
          <line num="118" count="0" type="cond" truecount="0" falsecount="4"/>
          <line num="119" count="0" type="cond" truecount="0" falsecount="4"/>
          <line num="121" count="0" type="stmt"/>
          <line num="129" count="0" type="stmt"/>
          <line num="130" count="0" type="stmt"/>
          <line num="131" count="0" type="cond" truecount="0" falsecount="2"/>
          <line num="132" count="0" type="stmt"/>
          <line num="135" count="0" type="stmt"/>
          <line num="143" count="0" type="cond" truecount="0" falsecount="2"/>
          <line num="144" count="0" type="stmt"/>
          <line num="146" count="0" type="cond" truecount="0" falsecount="2"/>
          <line num="147" count="0" type="stmt"/>
          <line num="157" count="2" type="stmt"/>
          <line num="158" count="2" type="cond" truecount="1" falsecount="1"/>
          <line num="159" count="0" type="stmt"/>
          <line num="161" count="2" type="stmt"/>
          <line num="177" count="0" type="stmt"/>
          <line num="178" count="0" type="stmt"/>
          <line num="179" count="0" type="cond" truecount="0" falsecount="2"/>
          <line num="189" count="0" type="cond" truecount="0" falsecount="2"/>
          <line num="190" count="0" type="stmt"/>
          <line num="192" count="0" type="cond" truecount="0" falsecount="2"/>
          <line num="193" count="0" type="stmt"/>
          <line num="195" count="0" type="stmt"/>
          <line num="196" count="0" type="stmt"/>
          <line num="197" count="0" type="cond" truecount="0" falsecount="2"/>
          <line num="198" count="0" type="stmt"/>
          <line num="200" count="0" type="stmt"/>
          <line num="203" count="0" type="stmt"/>
          <line num="211" count="0" type="cond" truecount="0" falsecount="4"/>
          <line num="212" count="0" type="stmt"/>
          <line num="214" count="0" type="stmt"/>
          <line num="215" count="0" type="stmt"/>
          <line num="216" count="0" type="cond" truecount="0" falsecount="2"/>
          <line num="217" count="0" type="stmt"/>
          <line num="219" count="0" type="stmt"/>
          <line num="223" count="0" type="stmt"/>
          <line num="231" count="0" type="cond" truecount="0" falsecount="2"/>
          <line num="232" count="0" type="stmt"/>
          <line num="234" count="0" type="stmt"/>
          <line num="247" count="0" type="stmt"/>
          <line num="249" count="0" type="stmt"/>
          <line num="252" count="0" type="cond" truecount="0" falsecount="4"/>
          <line num="253" count="0" type="stmt"/>
          <line num="255" count="0" type="stmt"/>
          <line num="257" count="0" type="cond" truecount="0" falsecount="2"/>
          <line num="258" count="0" type="stmt"/>
          <line num="259" count="0" type="cond" truecount="0" falsecount="2"/>
          <line num="264" count="0" type="stmt"/>
          <line num="265" count="0" type="stmt"/>
          <line num="266" count="0" type="stmt"/>
          <line num="267" count="0" type="cond" truecount="0" falsecount="2"/>
          <line num="269" count="0" type="cond" truecount="0" falsecount="2"/>
          <line num="270" count="0" type="cond" truecount="0" falsecount="2"/>
          <line num="271" count="0" type="stmt"/>
          <line num="272" count="0" type="stmt"/>
          <line num="275" count="0" type="stmt"/>
          <line num="287" count="8" type="cond" truecount="2" falsecount="2"/>
          <line num="288" count="0" type="stmt"/>
          <line num="290" count="8" type="cond" truecount="2" falsecount="0"/>
          <line num="291" count="8" type="stmt"/>
          <line num="292" count="17" type="cond" truecount="4" falsecount="0"/>
          <line num="293" count="5" type="stmt"/>
          <line num="295" count="12" type="stmt"/>
          <line num="298" count="8" type="stmt"/>
          <line num="306" count="4" type="stmt"/>
          <line num="313" count="13" type="stmt"/>
          <line num="314" count="13" type="stmt"/>
          <line num="315" count="13" type="stmt"/>
          <line num="325" count="0" type="stmt"/>
          <line num="334" count="0" type="cond" truecount="0" falsecount="2"/>
          <line num="343" count="0" type="cond" truecount="0" falsecount="2"/>
          <line num="344" count="0" type="stmt"/>
          <line num="345" count="0" type="stmt"/>
        </file>
        <file name="validate.js" path="C:\Users\jianzi\Desktop\softtest\White-Jotter-master\wj-vue\src\utils\validate.js">
          <metrics statements="19" coveredstatements="18" conditionals="6" coveredconditionals="5" methods="9" coveredmethods="9"/>
          <line num="10" count="7" type="stmt"/>
          <line num="18" count="6" type="stmt"/>
          <line num="19" count="6" type="stmt"/>
          <line num="27" count="9" type="stmt"/>
          <line num="28" count="9" type="stmt"/>
          <line num="36" count="7" type="stmt"/>
          <line num="37" count="7" type="stmt"/>
          <line num="45" count="7" type="stmt"/>
          <line num="46" count="7" type="stmt"/>
          <line num="54" count="8" type="stmt"/>
          <line num="55" count="8" type="stmt"/>
          <line num="64" count="10" type="stmt"/>
          <line num="65" count="10" type="stmt"/>
          <line num="73" count="10" type="cond" truecount="4" falsecount="0"/>
          <line num="74" count="4" type="stmt"/>
          <line num="76" count="6" type="stmt"/>
          <line num="84" count="9" type="cond" truecount="1" falsecount="1"/>
          <line num="85" count="0" type="stmt"/>
          <line num="87" count="9" type="stmt"/>
        </file>
      </package>
    </metrics>
  </project>
</coverage>
