{"C:\\Users\\jianzi\\Desktop\\softtest\\White-Jotter-master\\wj-vue\\src\\App.vue": {"path":"C:\\Users\\jianzi\\Desktop\\softtest\\White-Jotter-master\\wj-vue\\src\\App.vue","statementMap":{"0":{"start":{"line":8,"column":0},"end":{"line":null,"column":-1}}},"fnMap":{},"branchMap":{},"s":{"0":0},"f":{},"b":{}}
,"C:\\Users\\jianzi\\Desktop\\softtest\\White-Jotter-master\\wj-vue\\src\\components\\Home.vue": {"path":"C:\\Users\\jianzi\\Desktop\\softtest\\White-Jotter-master\\wj-vue\\src\\components\\Home.vue","statementMap":{"0":{"start":{"line":9,"column":0},"end":{"line":null,"column":-1}}},"fnMap":{},"branchMap":{},"s":{"0":0},"f":{},"b":{}}
,"C:\\Users\\jianzi\\Desktop\\softtest\\White-Jotter-master\\wj-vue\\src\\components\\Login.vue": {"path":"C:\\Users\\jianzi\\Desktop\\softtest\\White-Jotter-master\\wj-vue\\src\\components\\Login.vue","statementMap":{"0":{"start":{"line":26,"column":0},"end":{"line":null,"column":-1}},"1":{"start":{"line":40,"column":0},"end":{"line":null,"column":-1}},"2":{"start":{"line":41,"column":0},"end":{"line":null,"column":-1}},"3":{"start":{"line":42,"column":0},"end":{"line":58,"column":0}},"4":{"start":{"line":48,"column":0},"end":{"line":57,"column":0}},"5":{"start":{"line":49,"column":0},"end":{"line":null,"column":-1}},"6":{"start":{"line":50,"column":0},"end":{"line":null,"column":-1}},"7":{"start":{"line":51,"column":0},"end":{"line":null,"column":-1}},"8":{"start":{"line":52,"column":0},"end":{"line":null,"column":-1}},"9":{"start":{"line":54,"column":0},"end":{"line":null,"column":-1}}},"fnMap":{"0":{"name":"data","decl":{"start":{"line":25,"column":0},"end":{"line":null,"column":-1}},"loc":{"start":{"line":25,"column":0},"end":{"line":38,"column":0}}},"1":{"name":"login","decl":{"start":{"line":40,"column":0},"end":{"line":null,"column":-1}},"loc":{"start":{"line":40,"column":0},"end":{"line":60,"column":0}}},"2":{"name":"(anonymous_3)","decl":{"start":{"line":43,"column":0},"end":{"line":null,"column":-1}},"loc":{"start":{"line":43,"column":0},"end":{"line":58,"column":0}}},"3":{"name":"(anonymous_4)","decl":{"start":{"line":58,"column":0},"end":{"line":null,"column":-1}},"loc":{"start":{"line":58,"column":0},"end":{"line":null,"column":-1}}}},"branchMap":{"0":{"loc":{"start":{"line":48,"column":0},"end":{"line":57,"column":0}},"type":"if","locations":[{"start":{"line":48,"column":0},"end":{"line":57,"column":0}},{"start":{"line":48,"column":0},"end":{"line":57,"column":0}}]},"1":{"loc":{"start":{"line":52,"column":0},"end":{"line":null,"column":-1}},"type":"cond-expr","locations":[{"start":{"line":52,"column":0},"end":{"line":null,"column":-1}},{"start":{"line":52,"column":0},"end":{"line":null,"column":-1}}]}},"s":{"0":0,"1":0,"2":0,"3":0,"4":0,"5":0,"6":0,"7":0,"8":0,"9":0},"f":{"0":0,"1":0,"2":0,"3":0},"b":{"0":[0,0],"1":[0,0]}}
,"C:\\Users\\jianzi\\Desktop\\softtest\\White-Jotter-master\\wj-vue\\src\\components\\Register.vue": {"path":"C:\\Users\\jianzi\\Desktop\\softtest\\White-Jotter-master\\wj-vue\\src\\components\\Register.vue","statementMap":{"0":{"start":{"line":35,"column":0},"end":{"line":null,"column":-1}},"1":{"start":{"line":52,"column":0},"end":{"line":null,"column":-1}},"2":{"start":{"line":53,"column":0},"end":{"line":null,"column":-1}},"3":{"start":{"line":54,"column":0},"end":{"line":73,"column":0}},"4":{"start":{"line":63,"column":0},"end":{"line":72,"column":0}},"5":{"start":{"line":64,"column":0},"end":{"line":null,"column":-1}},"6":{"start":{"line":67,"column":0},"end":{"line":null,"column":-1}},"7":{"start":{"line":69,"column":0},"end":{"line":null,"column":-1}}},"fnMap":{"0":{"name":"data","decl":{"start":{"line":34,"column":0},"end":{"line":null,"column":-1}},"loc":{"start":{"line":34,"column":0},"end":{"line":50,"column":0}}},"1":{"name":"register","decl":{"start":{"line":52,"column":0},"end":{"line":null,"column":-1}},"loc":{"start":{"line":52,"column":0},"end":{"line":75,"column":0}}},"2":{"name":"(anonymous_3)","decl":{"start":{"line":55,"column":0},"end":{"line":null,"column":-1}},"loc":{"start":{"line":55,"column":0},"end":{"line":73,"column":0}}},"3":{"name":"(anonymous_4)","decl":{"start":{"line":73,"column":0},"end":{"line":null,"column":-1}},"loc":{"start":{"line":73,"column":0},"end":{"line":null,"column":-1}}}},"branchMap":{"0":{"loc":{"start":{"line":63,"column":0},"end":{"line":72,"column":0}},"type":"if","locations":[{"start":{"line":63,"column":0},"end":{"line":72,"column":0}},{"start":{"line":63,"column":0},"end":{"line":72,"column":0}}]}},"s":{"0":0,"1":0,"2":0,"3":0,"4":0,"5":0,"6":0,"7":0},"f":{"0":0,"1":0,"2":0,"3":0},"b":{"0":[0,0]}}
,"C:\\Users\\jianzi\\Desktop\\softtest\\White-Jotter-master\\wj-vue\\src\\components\\admin\\AdminIndex.vue": {"path":"C:\\Users\\jianzi\\Desktop\\softtest\\White-Jotter-master\\wj-vue\\src\\components\\admin\\AdminIndex.vue","statementMap":{"0":{"start":{"line":19,"column":0},"end":{"line":null,"column":-1}},"1":{"start":{"line":20,"column":0},"end":{"line":null,"column":-1}},"2":{"start":{"line":26,"column":0},"end":{"line":null,"column":-1}}},"fnMap":{"0":{"name":"data","decl":{"start":{"line":25,"column":0},"end":{"line":null,"column":-1}},"loc":{"start":{"line":25,"column":0},"end":{"line":29,"column":0}}},"1":{"name":"mounted","decl":{"start":{"line":30,"column":0},"end":{"line":null,"column":-1}},"loc":{"start":{"line":30,"column":0},"end":{"line":32,"column":0}}}},"branchMap":{},"s":{"0":0,"1":0,"2":0},"f":{"0":0,"1":0},"b":{}}
,"C:\\Users\\jianzi\\Desktop\\softtest\\White-Jotter-master\\wj-vue\\src\\components\\admin\\AdminMenu.vue": {"path":"C:\\Users\\jianzi\\Desktop\\softtest\\White-Jotter-master\\wj-vue\\src\\components\\admin\\AdminMenu.vue","statementMap":{"0":{"start":{"line":30,"column":0},"end":{"line":null,"column":-1}},"1":{"start":{"line":36,"column":0},"end":{"line":null,"column":-1}},"2":{"start":{"line":39,"column":0},"end":{"line":null,"column":-1}}},"fnMap":{"0":{"name":"data","decl":{"start":{"line":29,"column":0},"end":{"line":null,"column":-1}},"loc":{"start":{"line":29,"column":0},"end":{"line":33,"column":0}}},"1":{"name":"adminMenus","decl":{"start":{"line":35,"column":0},"end":{"line":null,"column":-1}},"loc":{"start":{"line":35,"column":0},"end":{"line":37,"column":0}}},"2":{"name":"currentPath","decl":{"start":{"line":38,"column":0},"end":{"line":null,"column":-1}},"loc":{"start":{"line":38,"column":0},"end":{"line":40,"column":0}}}},"branchMap":{},"s":{"0":0,"1":0,"2":0},"f":{"0":0,"1":0,"2":0},"b":{}}
,"C:\\Users\\jianzi\\Desktop\\softtest\\White-Jotter-master\\wj-vue\\src\\components\\admin\\Header.vue": {"path":"C:\\Users\\jianzi\\Desktop\\softtest\\White-Jotter-master\\wj-vue\\src\\components\\admin\\Header.vue","statementMap":{"0":{"start":{"line":12,"column":0},"end":{"line":null,"column":-1}},"1":{"start":{"line":18,"column":0},"end":{"line":null,"column":-1}},"2":{"start":{"line":19,"column":0},"end":{"line":27,"column":0}},"3":{"start":{"line":20,"column":0},"end":{"line":26,"column":0}},"4":{"start":{"line":21,"column":0},"end":{"line":null,"column":-1}},"5":{"start":{"line":22,"column":0},"end":{"line":null,"column":-1}},"6":{"start":{"line":24,"column":0},"end":{"line":null,"column":-1}},"7":{"start":{"line":25,"column":0},"end":{"line":null,"column":-1}}},"fnMap":{"0":{"name":"logout","decl":{"start":{"line":17,"column":0},"end":{"line":null,"column":-1}},"loc":{"start":{"line":17,"column":0},"end":{"line":28,"column":0}}},"1":{"name":"(anonymous_2)","decl":{"start":{"line":19,"column":0},"end":{"line":null,"column":-1}},"loc":{"start":{"line":19,"column":0},"end":{"line":27,"column":0}}},"2":{"name":"(anonymous_3)","decl":{"start":{"line":27,"column":0},"end":{"line":null,"column":-1}},"loc":{"start":{"line":27,"column":0},"end":{"line":null,"column":-1}}}},"branchMap":{"0":{"loc":{"start":{"line":20,"column":0},"end":{"line":26,"column":0}},"type":"if","locations":[{"start":{"line":20,"column":0},"end":{"line":26,"column":0}},{"start":{"line":20,"column":0},"end":{"line":26,"column":0}}]},"1":{"loc":{"start":{"line":20,"column":0},"end":{"line":null,"column":-1}},"type":"binary-expr","locations":[{"start":{"line":20,"column":0},"end":{"line":null,"column":-1}},{"start":{"line":20,"column":0},"end":{"line":null,"column":-1}}]}},"s":{"0":0,"1":0,"2":0,"3":0,"4":0,"5":0,"6":0,"7":0},"f":{"0":0,"1":0,"2":0},"b":{"0":[0,0],"1":[0,0]}}
,"C:\\Users\\jianzi\\Desktop\\softtest\\White-Jotter-master\\wj-vue\\src\\components\\admin\\content\\ArticleEditor.vue": {"path":"C:\\Users\\jianzi\\Desktop\\softtest\\White-Jotter-master\\wj-vue\\src\\components\\admin\\content\\ArticleEditor.vue","statementMap":{"0":{"start":{"line":52,"column":0},"end":{"line":null,"column":-1}},"1":{"start":{"line":58,"column":0},"end":{"line":null,"column":-1}},"2":{"start":{"line":64,"column":0},"end":{"line":66,"column":0}},"3":{"start":{"line":65,"column":0},"end":{"line":null,"column":-1}},"4":{"start":{"line":69,"column":0},"end":{"line":null,"column":-1}},"5":{"start":{"line":71,"column":0},"end":{"line":99,"column":0}},"6":{"start":{"line":76,"column":0},"end":{"line":92,"column":0}},"7":{"start":{"line":86,"column":0},"end":{"line":91,"column":0}},"8":{"start":{"line":87,"column":0},"end":{"line":null,"column":-1}},"9":{"start":{"line":95,"column":0},"end":{"line":null,"column":-1}},"10":{"start":{"line":102,"column":0},"end":{"line":null,"column":-1}}},"fnMap":{"0":{"name":"data","decl":{"start":{"line":57,"column":0},"end":{"line":null,"column":-1}},"loc":{"start":{"line":57,"column":0},"end":{"line":62,"column":0}}},"1":{"name":"mounted","decl":{"start":{"line":63,"column":0},"end":{"line":null,"column":-1}},"loc":{"start":{"line":63,"column":0},"end":{"line":67,"column":0}}},"2":{"name":"saveArticles","decl":{"start":{"line":69,"column":0},"end":{"line":null,"column":-1}},"loc":{"start":{"line":69,"column":0},"end":{"line":100,"column":0}}},"3":{"name":"(anonymous_5)","decl":{"start":{"line":71,"column":0},"end":{"line":null,"column":-1}},"loc":{"start":{"line":71,"column":0},"end":{"line":93,"column":0}}},"4":{"name":"(anonymous_6)","decl":{"start":{"line":77,"column":0},"end":{"line":null,"column":-1}},"loc":{"start":{"line":77,"column":0},"end":{"line":92,"column":0}}},"5":{"name":"(anonymous_7)","decl":{"start":{"line":93,"column":0},"end":{"line":null,"column":-1}},"loc":{"start":{"line":93,"column":0},"end":{"line":99,"column":0}}},"6":{"name":"uploadImg","decl":{"start":{"line":101,"column":0},"end":{"line":null,"column":-1}},"loc":{"start":{"line":101,"column":0},"end":{"line":103,"column":0}}}},"branchMap":{"0":{"loc":{"start":{"line":64,"column":0},"end":{"line":66,"column":0}},"type":"if","locations":[{"start":{"line":64,"column":0},"end":{"line":66,"column":0}},{"start":{"line":64,"column":0},"end":{"line":66,"column":0}}]},"1":{"loc":{"start":{"line":86,"column":0},"end":{"line":91,"column":0}},"type":"if","locations":[{"start":{"line":86,"column":0},"end":{"line":91,"column":0}},{"start":{"line":86,"column":0},"end":{"line":91,"column":0}}]},"2":{"loc":{"start":{"line":86,"column":0},"end":{"line":null,"column":-1}},"type":"binary-expr","locations":[{"start":{"line":86,"column":0},"end":{"line":null,"column":-1}},{"start":{"line":86,"column":0},"end":{"line":null,"column":-1}}]}},"s":{"0":0,"1":0,"2":0,"3":0,"4":0,"5":0,"6":0,"7":0,"8":0,"9":0,"10":0},"f":{"0":0,"1":0,"2":0,"3":0,"4":0,"5":0,"6":0},"b":{"0":[0,0],"1":[0,0],"2":[0,0]}}
,"C:\\Users\\jianzi\\Desktop\\softtest\\White-Jotter-master\\wj-vue\\src\\components\\admin\\content\\ArticleManagement.vue": {"path":"C:\\Users\\jianzi\\Desktop\\softtest\\White-Jotter-master\\wj-vue\\src\\components\\admin\\content\\ArticleManagement.vue","statementMap":{"0":{"start":{"line":86,"column":0},"end":{"line":null,"column":-1}},"1":{"start":{"line":93,"column":0},"end":{"line":null,"column":-1}},"2":{"start":{"line":97,"column":0},"end":{"line":null,"column":-1}},"3":{"start":{"line":102,"column":0},"end":{"line":null,"column":-1}},"4":{"start":{"line":103,"column":0},"end":{"line":108,"column":0}},"5":{"start":{"line":104,"column":0},"end":{"line":107,"column":0}},"6":{"start":{"line":105,"column":0},"end":{"line":null,"column":-1}},"7":{"start":{"line":106,"column":0},"end":{"line":null,"column":-1}},"8":{"start":{"line":111,"column":0},"end":{"line":null,"column":-1}},"9":{"start":{"line":112,"column":0},"end":{"line":117,"column":0}},"10":{"start":{"line":113,"column":0},"end":{"line":116,"column":0}},"11":{"start":{"line":114,"column":0},"end":{"line":null,"column":-1}},"12":{"start":{"line":115,"column":0},"end":{"line":null,"column":-1}},"13":{"start":{"line":120,"column":0},"end":{"line":121,"column":0}},"14":{"start":{"line":128,"column":0},"end":{"line":null,"column":-1}},"15":{"start":{"line":131,"column":0},"end":{"line":132,"column":0}},"16":{"start":{"line":140,"column":0},"end":{"line":null,"column":-1}},"17":{"start":{"line":141,"column":0},"end":{"line":158,"column":0}},"18":{"start":{"line":146,"column":0},"end":{"line":151,"column":0}},"19":{"start":{"line":148,"column":0},"end":{"line":150,"column":0}},"20":{"start":{"line":149,"column":0},"end":{"line":null,"column":-1}},"21":{"start":{"line":154,"column":0},"end":{"line":null,"column":-1}}},"fnMap":{"0":{"name":"data","decl":{"start":{"line":85,"column":0},"end":{"line":null,"column":-1}},"loc":{"start":{"line":85,"column":0},"end":{"line":91,"column":0}}},"1":{"name":"mounted","decl":{"start":{"line":92,"column":0},"end":{"line":null,"column":-1}},"loc":{"start":{"line":92,"column":0},"end":{"line":94,"column":0}}},"2":{"name":"tableHeight","decl":{"start":{"line":96,"column":0},"end":{"line":null,"column":-1}},"loc":{"start":{"line":96,"column":0},"end":{"line":98,"column":0}}},"3":{"name":"loadArticles","decl":{"start":{"line":101,"column":0},"end":{"line":null,"column":-1}},"loc":{"start":{"line":101,"column":0},"end":{"line":109,"column":0}}},"4":{"name":"(anonymous_5)","decl":{"start":{"line":103,"column":0},"end":{"line":null,"column":-1}},"loc":{"start":{"line":103,"column":0},"end":{"line":108,"column":0}}},"5":{"name":"handleCurrentChange","decl":{"start":{"line":110,"column":0},"end":{"line":null,"column":-1}},"loc":{"start":{"line":110,"column":0},"end":{"line":118,"column":0}}},"6":{"name":"(anonymous_7)","decl":{"start":{"line":112,"column":0},"end":{"line":null,"column":-1}},"loc":{"start":{"line":112,"column":0},"end":{"line":117,"column":0}}},"7":{"name":"viewArticle","decl":{"start":{"line":119,"column":0},"end":{"line":null,"column":-1}},"loc":{"start":{"line":119,"column":0},"end":{"line":129,"column":0}}},"8":{"name":"editArticle","decl":{"start":{"line":130,"column":0},"end":{"line":null,"column":-1}},"loc":{"start":{"line":130,"column":0},"end":{"line":139,"column":0}}},"9":{"name":"deleteArticle","decl":{"start":{"line":140,"column":0},"end":{"line":null,"column":-1}},"loc":{"start":{"line":140,"column":0},"end":{"line":159,"column":0}}},"10":{"name":"(anonymous_11)","decl":{"start":{"line":141,"column":0},"end":{"line":null,"column":-1}},"loc":{"start":{"line":141,"column":0},"end":{"line":152,"column":0}}},"11":{"name":"(anonymous_12)","decl":{"start":{"line":146,"column":0},"end":{"line":null,"column":-1}},"loc":{"start":{"line":146,"column":0},"end":{"line":151,"column":0}}},"12":{"name":"(anonymous_13)","decl":{"start":{"line":152,"column":0},"end":{"line":null,"column":-1}},"loc":{"start":{"line":152,"column":0},"end":{"line":158,"column":0}}}},"branchMap":{"0":{"loc":{"start":{"line":104,"column":0},"end":{"line":107,"column":0}},"type":"if","locations":[{"start":{"line":104,"column":0},"end":{"line":107,"column":0}},{"start":{"line":104,"column":0},"end":{"line":107,"column":0}}]},"1":{"loc":{"start":{"line":104,"column":0},"end":{"line":null,"column":-1}},"type":"binary-expr","locations":[{"start":{"line":104,"column":0},"end":{"line":null,"column":-1}},{"start":{"line":104,"column":0},"end":{"line":null,"column":-1}}]},"2":{"loc":{"start":{"line":113,"column":0},"end":{"line":116,"column":0}},"type":"if","locations":[{"start":{"line":113,"column":0},"end":{"line":116,"column":0}},{"start":{"line":113,"column":0},"end":{"line":116,"column":0}}]},"3":{"loc":{"start":{"line":113,"column":0},"end":{"line":null,"column":-1}},"type":"binary-expr","locations":[{"start":{"line":113,"column":0},"end":{"line":null,"column":-1}},{"start":{"line":113,"column":0},"end":{"line":null,"column":-1}}]},"4":{"loc":{"start":{"line":148,"column":0},"end":{"line":150,"column":0}},"type":"if","locations":[{"start":{"line":148,"column":0},"end":{"line":150,"column":0}},{"start":{"line":148,"column":0},"end":{"line":150,"column":0}}]},"5":{"loc":{"start":{"line":148,"column":0},"end":{"line":null,"column":-1}},"type":"binary-expr","locations":[{"start":{"line":148,"column":0},"end":{"line":null,"column":-1}},{"start":{"line":148,"column":0},"end":{"line":null,"column":-1}}]}},"s":{"0":0,"1":0,"2":0,"3":0,"4":0,"5":0,"6":0,"7":0,"8":0,"9":0,"10":0,"11":0,"12":0,"13":0,"14":0,"15":0,"16":0,"17":0,"18":0,"19":0,"20":0,"21":0},"f":{"0":0,"1":0,"2":0,"3":0,"4":0,"5":0,"6":0,"7":0,"8":0,"9":0,"10":0,"11":0,"12":0},"b":{"0":[0,0],"1":[0,0],"2":[0,0],"3":[0,0],"4":[0,0],"5":[0,0]}}
,"C:\\Users\\jianzi\\Desktop\\softtest\\White-Jotter-master\\wj-vue\\src\\components\\admin\\content\\BookManagement.vue": {"path":"C:\\Users\\jianzi\\Desktop\\softtest\\White-Jotter-master\\wj-vue\\src\\components\\admin\\content\\BookManagement.vue","statementMap":{"0":{"start":{"line":90,"column":0},"end":{"line":null,"column":-1}},"1":{"start":{"line":95,"column":0},"end":{"line":null,"column":-1}},"2":{"start":{"line":100,"column":0},"end":{"line":null,"column":-1}},"3":{"start":{"line":104,"column":0},"end":{"line":null,"column":-1}},"4":{"start":{"line":108,"column":0},"end":{"line":null,"column":-1}},"5":{"start":{"line":109,"column":0},"end":{"line":126,"column":0}},"6":{"start":{"line":114,"column":0},"end":{"line":119,"column":0}},"7":{"start":{"line":116,"column":0},"end":{"line":118,"column":0}},"8":{"start":{"line":117,"column":0},"end":{"line":null,"column":-1}},"9":{"start":{"line":122,"column":0},"end":{"line":null,"column":-1}},"10":{"start":{"line":129,"column":0},"end":{"line":null,"column":-1}},"11":{"start":{"line":130,"column":0},"end":{"line":null,"column":-1}},"12":{"start":{"line":148,"column":0},"end":{"line":null,"column":-1}},"13":{"start":{"line":149,"column":0},"end":{"line":153,"column":0}},"14":{"start":{"line":150,"column":0},"end":{"line":152,"column":0}},"15":{"start":{"line":151,"column":0},"end":{"line":null,"column":-1}}},"fnMap":{"0":{"name":"data","decl":{"start":{"line":94,"column":0},"end":{"line":null,"column":-1}},"loc":{"start":{"line":94,"column":0},"end":{"line":98,"column":0}}},"1":{"name":"mounted","decl":{"start":{"line":99,"column":0},"end":{"line":null,"column":-1}},"loc":{"start":{"line":99,"column":0},"end":{"line":101,"column":0}}},"2":{"name":"tableHeight","decl":{"start":{"line":103,"column":0},"end":{"line":null,"column":-1}},"loc":{"start":{"line":103,"column":0},"end":{"line":105,"column":0}}},"3":{"name":"deleteBook","decl":{"start":{"line":108,"column":0},"end":{"line":null,"column":-1}},"loc":{"start":{"line":108,"column":0},"end":{"line":127,"column":0}}},"4":{"name":"(anonymous_6)","decl":{"start":{"line":109,"column":0},"end":{"line":null,"column":-1}},"loc":{"start":{"line":109,"column":0},"end":{"line":120,"column":0}}},"5":{"name":"(anonymous_7)","decl":{"start":{"line":114,"column":0},"end":{"line":null,"column":-1}},"loc":{"start":{"line":114,"column":0},"end":{"line":119,"column":0}}},"6":{"name":"(anonymous_8)","decl":{"start":{"line":120,"column":0},"end":{"line":null,"column":-1}},"loc":{"start":{"line":120,"column":0},"end":{"line":126,"column":0}}},"7":{"name":"editBook","decl":{"start":{"line":128,"column":0},"end":{"line":null,"column":-1}},"loc":{"start":{"line":128,"column":0},"end":{"line":146,"column":0}}},"8":{"name":"loadBooks","decl":{"start":{"line":147,"column":0},"end":{"line":null,"column":-1}},"loc":{"start":{"line":147,"column":0},"end":{"line":154,"column":0}}},"9":{"name":"(anonymous_11)","decl":{"start":{"line":149,"column":0},"end":{"line":null,"column":-1}},"loc":{"start":{"line":149,"column":0},"end":{"line":153,"column":0}}}},"branchMap":{"0":{"loc":{"start":{"line":116,"column":0},"end":{"line":118,"column":0}},"type":"if","locations":[{"start":{"line":116,"column":0},"end":{"line":118,"column":0}},{"start":{"line":116,"column":0},"end":{"line":118,"column":0}}]},"1":{"loc":{"start":{"line":116,"column":0},"end":{"line":null,"column":-1}},"type":"binary-expr","locations":[{"start":{"line":116,"column":0},"end":{"line":null,"column":-1}},{"start":{"line":116,"column":0},"end":{"line":null,"column":-1}}]},"2":{"loc":{"start":{"line":150,"column":0},"end":{"line":152,"column":0}},"type":"if","locations":[{"start":{"line":150,"column":0},"end":{"line":152,"column":0}},{"start":{"line":150,"column":0},"end":{"line":152,"column":0}}]},"3":{"loc":{"start":{"line":150,"column":0},"end":{"line":null,"column":-1}},"type":"binary-expr","locations":[{"start":{"line":150,"column":0},"end":{"line":null,"column":-1}},{"start":{"line":150,"column":0},"end":{"line":null,"column":-1}}]}},"s":{"0":0,"1":0,"2":0,"3":0,"4":0,"5":0,"6":0,"7":0,"8":0,"9":0,"10":0,"11":0,"12":0,"13":0,"14":0,"15":0},"f":{"0":0,"1":0,"2":0,"3":0,"4":0,"5":0,"6":0,"7":0,"8":0,"9":0},"b":{"0":[0,0],"1":[0,0],"2":[0,0],"3":[0,0]}}
,"C:\\Users\\jianzi\\Desktop\\softtest\\White-Jotter-master\\wj-vue\\src\\components\\admin\\content\\EditForm.vue": {"path":"C:\\Users\\jianzi\\Desktop\\softtest\\White-Jotter-master\\wj-vue\\src\\components\\admin\\content\\EditForm.vue","statementMap":{"0":{"start":{"line":51,"column":0},"end":{"line":null,"column":-1}},"1":{"start":{"line":56,"column":0},"end":{"line":null,"column":-1}},"2":{"start":{"line":77,"column":0},"end":{"line":null,"column":-1}},"3":{"start":{"line":78,"column":0},"end":{"line":null,"column":-1}},"4":{"start":{"line":92,"column":0},"end":{"line":null,"column":-1}},"5":{"start":{"line":93,"column":0},"end":{"line":108,"column":0}},"6":{"start":{"line":104,"column":0},"end":{"line":107,"column":0}},"7":{"start":{"line":105,"column":0},"end":{"line":null,"column":-1}},"8":{"start":{"line":106,"column":0},"end":{"line":null,"column":-1}},"9":{"start":{"line":111,"column":0},"end":{"line":null,"column":-1}}},"fnMap":{"0":{"name":"data","decl":{"start":{"line":55,"column":0},"end":{"line":null,"column":-1}},"loc":{"start":{"line":55,"column":0},"end":{"line":74,"column":0}}},"1":{"name":"clear","decl":{"start":{"line":76,"column":0},"end":{"line":null,"column":-1}},"loc":{"start":{"line":76,"column":0},"end":{"line":91,"column":0}}},"2":{"name":"onSubmit","decl":{"start":{"line":92,"column":0},"end":{"line":null,"column":-1}},"loc":{"start":{"line":92,"column":0},"end":{"line":109,"column":0}}},"3":{"name":"(anonymous_5)","decl":{"start":{"line":94,"column":0},"end":{"line":null,"column":-1}},"loc":{"start":{"line":94,"column":0},"end":{"line":108,"column":0}}},"4":{"name":"uploadImg","decl":{"start":{"line":110,"column":0},"end":{"line":null,"column":-1}},"loc":{"start":{"line":110,"column":0},"end":{"line":112,"column":0}}}},"branchMap":{"0":{"loc":{"start":{"line":104,"column":0},"end":{"line":107,"column":0}},"type":"if","locations":[{"start":{"line":104,"column":0},"end":{"line":107,"column":0}},{"start":{"line":104,"column":0},"end":{"line":107,"column":0}}]},"1":{"loc":{"start":{"line":104,"column":0},"end":{"line":null,"column":-1}},"type":"binary-expr","locations":[{"start":{"line":104,"column":0},"end":{"line":null,"column":-1}},{"start":{"line":104,"column":0},"end":{"line":null,"column":-1}}]}},"s":{"0":0,"1":0,"2":0,"3":0,"4":0,"5":0,"6":0,"7":0,"8":0,"9":0},"f":{"0":0,"1":0,"2":0,"3":0,"4":0},"b":{"0":[0,0],"1":[0,0]}}
,"C:\\Users\\jianzi\\Desktop\\softtest\\White-Jotter-master\\wj-vue\\src\\components\\admin\\content\\ImgUpload.vue": {"path":"C:\\Users\\jianzi\\Desktop\\softtest\\White-Jotter-master\\wj-vue\\src\\components\\admin\\content\\ImgUpload.vue","statementMap":{"0":{"start":{"line":24,"column":0},"end":{"line":null,"column":-1}},"1":{"start":{"line":31,"column":0},"end":{"line":null,"column":-1}},"2":{"start":{"line":34,"column":0},"end":{"line":null,"column":-1}},"3":{"start":{"line":39,"column":0},"end":{"line":null,"column":-1}},"4":{"start":{"line":42,"column":0},"end":{"line":null,"column":-1}},"5":{"start":{"line":45,"column":0},"end":{"line":null,"column":-1}},"6":{"start":{"line":47,"column":0},"end":{"line":null,"column":-1}},"7":{"start":{"line":48,"column":0},"end":{"line":null,"column":-1}},"8":{"start":{"line":51,"column":0},"end":{"line":null,"column":-1}}},"fnMap":{"0":{"name":"data","decl":{"start":{"line":23,"column":0},"end":{"line":null,"column":-1}},"loc":{"start":{"line":23,"column":0},"end":{"line":28,"column":0}}},"1":{"name":"handleRemove","decl":{"start":{"line":30,"column":0},"end":{"line":null,"column":-1}},"loc":{"start":{"line":30,"column":0},"end":{"line":32,"column":0}}},"2":{"name":"handlePreview","decl":{"start":{"line":33,"column":0},"end":{"line":null,"column":-1}},"loc":{"start":{"line":33,"column":0},"end":{"line":37,"column":0}}},"3":{"name":"handleExceed","decl":{"start":{"line":38,"column":0},"end":{"line":null,"column":-1}},"loc":{"start":{"line":38,"column":0},"end":{"line":40,"column":0}}},"4":{"name":"beforeRemove","decl":{"start":{"line":41,"column":0},"end":{"line":null,"column":-1}},"loc":{"start":{"line":41,"column":0},"end":{"line":43,"column":0}}},"5":{"name":"handleSuccess","decl":{"start":{"line":44,"column":0},"end":{"line":null,"column":-1}},"loc":{"start":{"line":44,"column":0},"end":{"line":49,"column":0}}},"6":{"name":"clear","decl":{"start":{"line":50,"column":0},"end":{"line":null,"column":-1}},"loc":{"start":{"line":50,"column":0},"end":{"line":52,"column":0}}}},"branchMap":{},"s":{"0":0,"1":0,"2":0,"3":0,"4":0,"5":0,"6":0,"7":0,"8":0},"f":{"0":0,"1":0,"2":0,"3":0,"4":0,"5":0,"6":0},"b":{}}
,"C:\\Users\\jianzi\\Desktop\\softtest\\White-Jotter-master\\wj-vue\\src\\components\\admin\\dashboard\\admin\\index.vue": {"path":"C:\\Users\\jianzi\\Desktop\\softtest\\White-Jotter-master\\wj-vue\\src\\components\\admin\\dashboard\\admin\\index.vue","statementMap":{"0":{"start":{"line":45,"column":0},"end":{"line":null,"column":-1}},"1":{"start":{"line":46,"column":0},"end":{"line":null,"column":-1}},"2":{"start":{"line":47,"column":0},"end":{"line":null,"column":-1}},"3":{"start":{"line":48,"column":0},"end":{"line":null,"column":-1}},"4":{"start":{"line":49,"column":0},"end":{"line":null,"column":-1}},"5":{"start":{"line":50,"column":0},"end":{"line":null,"column":-1}},"6":{"start":{"line":51,"column":0},"end":{"line":null,"column":-1}},"7":{"start":{"line":52,"column":0},"end":{"line":null,"column":-1}},"8":{"start":{"line":54,"column":0},"end":{"line":null,"column":-1}},"9":{"start":{"line":87,"column":0},"end":{"line":null,"column":-1}},"10":{"start":{"line":93,"column":0},"end":{"line":null,"column":-1}}},"fnMap":{"0":{"name":"data","decl":{"start":{"line":86,"column":0},"end":{"line":null,"column":-1}},"loc":{"start":{"line":86,"column":0},"end":{"line":90,"column":0}}},"1":{"name":"handleSetLineChartData","decl":{"start":{"line":92,"column":0},"end":{"line":null,"column":-1}},"loc":{"start":{"line":92,"column":0},"end":{"line":94,"column":0}}}},"branchMap":{},"s":{"0":0,"1":0,"2":0,"3":0,"4":0,"5":0,"6":0,"7":0,"8":0,"9":0,"10":0},"f":{"0":0,"1":0},"b":{}}
,"C:\\Users\\jianzi\\Desktop\\softtest\\White-Jotter-master\\wj-vue\\src\\components\\admin\\dashboard\\admin\\components\\BarChart.vue": {"path":"C:\\Users\\jianzi\\Desktop\\softtest\\White-Jotter-master\\wj-vue\\src\\components\\admin\\dashboard\\admin\\components\\BarChart.vue","statementMap":{"0":{"start":{"line":6,"column":0},"end":{"line":null,"column":-1}},"1":{"start":{"line":7,"column":0},"end":{"line":null,"column":-1}},"2":{"start":{"line":8,"column":0},"end":{"line":null,"column":-1}},"3":{"start":{"line":10,"column":0},"end":{"line":null,"column":-1}},"4":{"start":{"line":29,"column":0},"end":{"line":null,"column":-1}},"5":{"start":{"line":33,"column":0},"end":{"line":null,"column":-1}},"6":{"start":{"line":34,"column":0},"end":{"line":36,"column":0}},"7":{"start":{"line":35,"column":0},"end":{"line":null,"column":-1}},"8":{"start":{"line":39,"column":0},"end":{"line":41,"column":0}},"9":{"start":{"line":40,"column":0},"end":{"line":null,"column":-1}},"10":{"start":{"line":42,"column":0},"end":{"line":null,"column":-1}},"11":{"start":{"line":43,"column":0},"end":{"line":null,"column":-1}},"12":{"start":{"line":47,"column":0},"end":{"line":null,"column":-1}},"13":{"start":{"line":49,"column":0},"end":{"line":null,"column":-1}}},"fnMap":{"0":{"name":"data","decl":{"start":{"line":28,"column":0},"end":{"line":null,"column":-1}},"loc":{"start":{"line":28,"column":0},"end":{"line":32,"column":0}}},"1":{"name":"mounted","decl":{"start":{"line":33,"column":0},"end":{"line":null,"column":-1}},"loc":{"start":{"line":33,"column":0},"end":{"line":37,"column":0}}},"2":{"name":"(anonymous_4)","decl":{"start":{"line":34,"column":0},"end":{"line":null,"column":-1}},"loc":{"start":{"line":34,"column":0},"end":{"line":36,"column":0}}},"3":{"name":"beforeDestroy","decl":{"start":{"line":38,"column":0},"end":{"line":null,"column":-1}},"loc":{"start":{"line":38,"column":0},"end":{"line":44,"column":0}}},"4":{"name":"initChart","decl":{"start":{"line":46,"column":0},"end":{"line":null,"column":-1}},"loc":{"start":{"line":46,"column":0},"end":{"line":99,"column":0}}}},"branchMap":{"0":{"loc":{"start":{"line":39,"column":0},"end":{"line":41,"column":0}},"type":"if","locations":[{"start":{"line":39,"column":0},"end":{"line":41,"column":0}},{"start":{"line":39,"column":0},"end":{"line":41,"column":0}}]}},"s":{"0":0,"1":0,"2":0,"3":0,"4":0,"5":0,"6":0,"7":0,"8":0,"9":0,"10":0,"11":0,"12":0,"13":0},"f":{"0":0,"1":0,"2":0,"3":0,"4":0},"b":{"0":[0,0]}}
,"C:\\Users\\jianzi\\Desktop\\softtest\\White-Jotter-master\\wj-vue\\src\\components\\admin\\dashboard\\admin\\components\\BoxCard.vue": {"path":"C:\\Users\\jianzi\\Desktop\\softtest\\White-Jotter-master\\wj-vue\\src\\components\\admin\\dashboard\\admin\\components\\BoxCard.vue","statementMap":{"0":{"start":{"line":30,"column":0},"end":{"line":null,"column":-1}},"1":{"start":{"line":39,"column":0},"end":{"line":null,"column":-1}},"2":{"start":{"line":43,"column":0},"end":{"line":null,"column":-1}},"3":{"start":{"line":47,"column":0},"end":{"line":null,"column":-1}}},"fnMap":{"0":{"name":"statusFilter","decl":{"start":{"line":38,"column":0},"end":{"line":null,"column":-1}},"loc":{"start":{"line":38,"column":0},"end":{"line":44,"column":0}}},"1":{"name":"data","decl":{"start":{"line":46,"column":0},"end":{"line":null,"column":-1}},"loc":{"start":{"line":46,"column":0},"end":{"line":53,"column":0}}}},"branchMap":{},"s":{"0":0,"1":0,"2":0,"3":0},"f":{"0":0,"1":0},"b":{}}
,"C:\\Users\\jianzi\\Desktop\\softtest\\White-Jotter-master\\wj-vue\\src\\components\\admin\\dashboard\\admin\\components\\LineChart.vue": {"path":"C:\\Users\\jianzi\\Desktop\\softtest\\White-Jotter-master\\wj-vue\\src\\components\\admin\\dashboard\\admin\\components\\LineChart.vue","statementMap":{"0":{"start":{"line":6,"column":0},"end":{"line":null,"column":-1}},"1":{"start":{"line":7,"column":0},"end":{"line":null,"column":-1}},"2":{"start":{"line":8,"column":0},"end":{"line":null,"column":-1}},"3":{"start":{"line":35,"column":0},"end":{"line":null,"column":-1}},"4":{"start":{"line":43,"column":0},"end":{"line":null,"column":-1}},"5":{"start":{"line":47,"column":0},"end":{"line":null,"column":-1}},"6":{"start":{"line":48,"column":0},"end":{"line":50,"column":0}},"7":{"start":{"line":49,"column":0},"end":{"line":null,"column":-1}},"8":{"start":{"line":53,"column":0},"end":{"line":55,"column":0}},"9":{"start":{"line":54,"column":0},"end":{"line":null,"column":-1}},"10":{"start":{"line":56,"column":0},"end":{"line":null,"column":-1}},"11":{"start":{"line":57,"column":0},"end":{"line":null,"column":-1}},"12":{"start":{"line":61,"column":0},"end":{"line":null,"column":-1}},"13":{"start":{"line":62,"column":0},"end":{"line":null,"column":-1}},"14":{"start":{"line":64,"column":0},"end":{"line":null,"column":-1}},"15":{"start":{"line":65,"column":0},"end":{"line":null,"column":-1}}},"fnMap":{"0":{"name":"data","decl":{"start":{"line":34,"column":0},"end":{"line":null,"column":-1}},"loc":{"start":{"line":34,"column":0},"end":{"line":38,"column":0}}},"1":{"name":"handler","decl":{"start":{"line":42,"column":0},"end":{"line":null,"column":-1}},"loc":{"start":{"line":42,"column":0},"end":{"line":44,"column":0}}},"2":{"name":"mounted","decl":{"start":{"line":47,"column":0},"end":{"line":null,"column":-1}},"loc":{"start":{"line":47,"column":0},"end":{"line":51,"column":0}}},"3":{"name":"(anonymous_5)","decl":{"start":{"line":48,"column":0},"end":{"line":null,"column":-1}},"loc":{"start":{"line":48,"column":0},"end":{"line":50,"column":0}}},"4":{"name":"beforeDestroy","decl":{"start":{"line":52,"column":0},"end":{"line":null,"column":-1}},"loc":{"start":{"line":52,"column":0},"end":{"line":58,"column":0}}},"5":{"name":"initChart","decl":{"start":{"line":60,"column":0},"end":{"line":null,"column":-1}},"loc":{"start":{"line":60,"column":0},"end":{"line":63,"column":0}}},"6":{"name":"setOptions","decl":{"start":{"line":64,"column":0},"end":{"line":null,"column":-1}},"loc":{"start":{"line":64,"column":0},"end":{"line":133,"column":0}}}},"branchMap":{"0":{"loc":{"start":{"line":53,"column":0},"end":{"line":55,"column":0}},"type":"if","locations":[{"start":{"line":53,"column":0},"end":{"line":55,"column":0}},{"start":{"line":53,"column":0},"end":{"line":55,"column":0}}]},"1":{"loc":{"start":{"line":64,"column":0},"end":{"line":null,"column":-1}},"type":"cond-expr","locations":[{"start":{"line":64,"column":0},"end":{"line":null,"column":-1}},{"start":{"line":64,"column":0},"end":{"line":null,"column":-1}}]}},"s":{"0":0,"1":0,"2":0,"3":0,"4":0,"5":0,"6":0,"7":0,"8":0,"9":0,"10":0,"11":0,"12":0,"13":0,"14":0,"15":0},"f":{"0":0,"1":0,"2":0,"3":0,"4":0,"5":0,"6":0},"b":{"0":[0,0],"1":[0,0]}}
,"C:\\Users\\jianzi\\Desktop\\softtest\\White-Jotter-master\\wj-vue\\src\\components\\admin\\dashboard\\admin\\components\\PanelGroup.vue": {"path":"C:\\Users\\jianzi\\Desktop\\softtest\\White-Jotter-master\\wj-vue\\src\\components\\admin\\dashboard\\admin\\components\\PanelGroup.vue","statementMap":{"0":{"start":{"line":59,"column":0},"end":{"line":null,"column":-1}},"1":{"start":{"line":67,"column":0},"end":{"line":null,"column":-1}}},"fnMap":{"0":{"name":"handleSetLineChartData","decl":{"start":{"line":66,"column":0},"end":{"line":null,"column":-1}},"loc":{"start":{"line":66,"column":0},"end":{"line":68,"column":0}}}},"branchMap":{},"s":{"0":0,"1":0},"f":{"0":0},"b":{}}
,"C:\\Users\\jianzi\\Desktop\\softtest\\White-Jotter-master\\wj-vue\\src\\components\\admin\\dashboard\\admin\\components\\PieChart.vue": {"path":"C:\\Users\\jianzi\\Desktop\\softtest\\White-Jotter-master\\wj-vue\\src\\components\\admin\\dashboard\\admin\\components\\PieChart.vue","statementMap":{"0":{"start":{"line":6,"column":0},"end":{"line":null,"column":-1}},"1":{"start":{"line":7,"column":0},"end":{"line":null,"column":-1}},"2":{"start":{"line":8,"column":0},"end":{"line":null,"column":-1}},"3":{"start":{"line":27,"column":0},"end":{"line":null,"column":-1}},"4":{"start":{"line":31,"column":0},"end":{"line":null,"column":-1}},"5":{"start":{"line":32,"column":0},"end":{"line":34,"column":0}},"6":{"start":{"line":33,"column":0},"end":{"line":null,"column":-1}},"7":{"start":{"line":37,"column":0},"end":{"line":39,"column":0}},"8":{"start":{"line":38,"column":0},"end":{"line":null,"column":-1}},"9":{"start":{"line":40,"column":0},"end":{"line":null,"column":-1}},"10":{"start":{"line":41,"column":0},"end":{"line":null,"column":-1}},"11":{"start":{"line":45,"column":0},"end":{"line":null,"column":-1}},"12":{"start":{"line":47,"column":0},"end":{"line":null,"column":-1}}},"fnMap":{"0":{"name":"data","decl":{"start":{"line":26,"column":0},"end":{"line":null,"column":-1}},"loc":{"start":{"line":26,"column":0},"end":{"line":30,"column":0}}},"1":{"name":"mounted","decl":{"start":{"line":31,"column":0},"end":{"line":null,"column":-1}},"loc":{"start":{"line":31,"column":0},"end":{"line":35,"column":0}}},"2":{"name":"(anonymous_4)","decl":{"start":{"line":32,"column":0},"end":{"line":null,"column":-1}},"loc":{"start":{"line":32,"column":0},"end":{"line":34,"column":0}}},"3":{"name":"beforeDestroy","decl":{"start":{"line":36,"column":0},"end":{"line":null,"column":-1}},"loc":{"start":{"line":36,"column":0},"end":{"line":42,"column":0}}},"4":{"name":"initChart","decl":{"start":{"line":44,"column":0},"end":{"line":null,"column":-1}},"loc":{"start":{"line":44,"column":0},"end":{"line":76,"column":0}}}},"branchMap":{"0":{"loc":{"start":{"line":37,"column":0},"end":{"line":39,"column":0}},"type":"if","locations":[{"start":{"line":37,"column":0},"end":{"line":39,"column":0}},{"start":{"line":37,"column":0},"end":{"line":39,"column":0}}]}},"s":{"0":0,"1":0,"2":0,"3":0,"4":0,"5":0,"6":0,"7":0,"8":0,"9":0,"10":0,"11":0,"12":0},"f":{"0":0,"1":0,"2":0,"3":0,"4":0},"b":{"0":[0,0]}}
,"C:\\Users\\jianzi\\Desktop\\softtest\\White-Jotter-master\\wj-vue\\src\\components\\admin\\dashboard\\admin\\components\\RaddarChart.vue": {"path":"C:\\Users\\jianzi\\Desktop\\softtest\\White-Jotter-master\\wj-vue\\src\\components\\admin\\dashboard\\admin\\components\\RaddarChart.vue","statementMap":{"0":{"start":{"line":6,"column":0},"end":{"line":null,"column":-1}},"1":{"start":{"line":7,"column":0},"end":{"line":null,"column":-1}},"2":{"start":{"line":8,"column":0},"end":{"line":null,"column":-1}},"3":{"start":{"line":10,"column":0},"end":{"line":null,"column":-1}},"4":{"start":{"line":29,"column":0},"end":{"line":null,"column":-1}},"5":{"start":{"line":33,"column":0},"end":{"line":null,"column":-1}},"6":{"start":{"line":34,"column":0},"end":{"line":36,"column":0}},"7":{"start":{"line":35,"column":0},"end":{"line":null,"column":-1}},"8":{"start":{"line":39,"column":0},"end":{"line":41,"column":0}},"9":{"start":{"line":40,"column":0},"end":{"line":null,"column":-1}},"10":{"start":{"line":42,"column":0},"end":{"line":null,"column":-1}},"11":{"start":{"line":43,"column":0},"end":{"line":null,"column":-1}},"12":{"start":{"line":47,"column":0},"end":{"line":null,"column":-1}},"13":{"start":{"line":49,"column":0},"end":{"line":null,"column":-1}}},"fnMap":{"0":{"name":"data","decl":{"start":{"line":28,"column":0},"end":{"line":null,"column":-1}},"loc":{"start":{"line":28,"column":0},"end":{"line":32,"column":0}}},"1":{"name":"mounted","decl":{"start":{"line":33,"column":0},"end":{"line":null,"column":-1}},"loc":{"start":{"line":33,"column":0},"end":{"line":37,"column":0}}},"2":{"name":"(anonymous_4)","decl":{"start":{"line":34,"column":0},"end":{"line":null,"column":-1}},"loc":{"start":{"line":34,"column":0},"end":{"line":36,"column":0}}},"3":{"name":"beforeDestroy","decl":{"start":{"line":38,"column":0},"end":{"line":null,"column":-1}},"loc":{"start":{"line":38,"column":0},"end":{"line":44,"column":0}}},"4":{"name":"initChart","decl":{"start":{"line":46,"column":0},"end":{"line":null,"column":-1}},"loc":{"start":{"line":46,"column":0},"end":{"line":113,"column":0}}}},"branchMap":{"0":{"loc":{"start":{"line":39,"column":0},"end":{"line":41,"column":0}},"type":"if","locations":[{"start":{"line":39,"column":0},"end":{"line":41,"column":0}},{"start":{"line":39,"column":0},"end":{"line":41,"column":0}}]}},"s":{"0":0,"1":0,"2":0,"3":0,"4":0,"5":0,"6":0,"7":0,"8":0,"9":0,"10":0,"11":0,"12":0,"13":0},"f":{"0":0,"1":0,"2":0,"3":0,"4":0},"b":{"0":[0,0]}}
,"C:\\Users\\jianzi\\Desktop\\softtest\\White-Jotter-master\\wj-vue\\src\\components\\admin\\dashboard\\admin\\components\\TransactionTable.vue": {"path":"C:\\Users\\jianzi\\Desktop\\softtest\\White-Jotter-master\\wj-vue\\src\\components\\admin\\dashboard\\admin\\components\\TransactionTable.vue","statementMap":{"0":{"start":{"line":29,"column":0},"end":{"line":null,"column":-1}},"1":{"start":{"line":33,"column":0},"end":{"line":null,"column":-1}},"2":{"start":{"line":36,"column":0},"end":{"line":null,"column":-1}},"3":{"start":{"line":40,"column":0},"end":{"line":null,"column":-1}},"4":{"start":{"line":45,"column":0},"end":{"line":null,"column":-1}}},"fnMap":{"0":{"name":"statusFilter","decl":{"start":{"line":28,"column":0},"end":{"line":null,"column":-1}},"loc":{"start":{"line":28,"column":0},"end":{"line":34,"column":0}}},"1":{"name":"orderNoFilter","decl":{"start":{"line":35,"column":0},"end":{"line":null,"column":-1}},"loc":{"start":{"line":35,"column":0},"end":{"line":37,"column":0}}},"2":{"name":"data","decl":{"start":{"line":39,"column":0},"end":{"line":null,"column":-1}},"loc":{"start":{"line":39,"column":0},"end":{"line":43,"column":0}}},"3":{"name":"created","decl":{"start":{"line":44,"column":0},"end":{"line":null,"column":-1}},"loc":{"start":{"line":44,"column":0},"end":{"line":46,"column":0}}},"4":{"name":"fetchData","decl":{"start":{"line":48,"column":0},"end":{"line":null,"column":-1}},"loc":{"start":{"line":48,"column":0},"end":{"line":52,"column":0}}}},"branchMap":{},"s":{"0":0,"1":0,"2":0,"3":0,"4":0},"f":{"0":0,"1":0,"2":0,"3":0,"4":0},"b":{}}
,"C:\\Users\\jianzi\\Desktop\\softtest\\White-Jotter-master\\wj-vue\\src\\components\\admin\\dashboard\\admin\\components\\TodoList\\Todo.vue": {"path":"C:\\Users\\jianzi\\Desktop\\softtest\\White-Jotter-master\\wj-vue\\src\\components\\admin\\dashboard\\admin\\components\\TodoList\\Todo.vue","statementMap":{"0":{"start":{"line":30,"column":0},"end":{"line":null,"column":-1}},"1":{"start":{"line":31,"column":0},"end":{"line":35,"column":0}},"2":{"start":{"line":32,"column":0},"end":{"line":34,"column":0}},"3":{"start":{"line":33,"column":0},"end":{"line":null,"column":-1}},"4":{"start":{"line":42,"column":0},"end":{"line":null,"column":-1}},"5":{"start":{"line":47,"column":0},"end":{"line":null,"column":-1}},"6":{"start":{"line":53,"column":0},"end":{"line":null,"column":-1}},"7":{"start":{"line":55,"column":0},"end":{"line":null,"column":-1}},"8":{"start":{"line":56,"column":0},"end":{"line":null,"column":-1}},"9":{"start":{"line":59,"column":0},"end":{"line":null,"column":-1}},"10":{"start":{"line":62,"column":0},"end":{"line":null,"column":-1}},"11":{"start":{"line":61,"column":0},"end":{"line":null,"column":-1}},"12":{"start":{"line":64,"column":0},"end":{"line":74,"column":0}},"13":{"start":{"line":65,"column":0},"end":{"line":null,"column":-1}},"14":{"start":{"line":68,"column":0},"end":{"line":74,"column":0}},"15":{"start":{"line":69,"column":0},"end":{"line":null,"column":-1}},"16":{"start":{"line":73,"column":0},"end":{"line":null,"column":-1}},"17":{"start":{"line":77,"column":0},"end":{"line":null,"column":-1}},"18":{"start":{"line":78,"column":0},"end":{"line":null,"column":-1}}},"fnMap":{"0":{"name":"focus","decl":{"start":{"line":30,"column":0},"end":{"line":null,"column":-1}},"loc":{"start":{"line":30,"column":0},"end":{"line":36,"column":0}}},"1":{"name":"(anonymous_2)","decl":{"start":{"line":32,"column":0},"end":{"line":null,"column":-1}},"loc":{"start":{"line":32,"column":0},"end":{"line":34,"column":0}}},"2":{"name":"_default","decl":{"start":{"line":41,"column":0},"end":{"line":null,"column":-1}},"loc":{"start":{"line":41,"column":0},"end":{"line":43,"column":0}}},"3":{"name":"data","decl":{"start":{"line":46,"column":0},"end":{"line":null,"column":-1}},"loc":{"start":{"line":46,"column":0},"end":{"line":50,"column":0}}},"4":{"name":"deleteTodo","decl":{"start":{"line":52,"column":0},"end":{"line":null,"column":-1}},"loc":{"start":{"line":52,"column":0},"end":{"line":54,"column":0}}},"5":{"name":"editTodo","decl":{"start":{"line":55,"column":0},"end":{"line":null,"column":-1}},"loc":{"start":{"line":55,"column":0},"end":{"line":57,"column":0}}},"6":{"name":"toggleTodo","decl":{"start":{"line":58,"column":0},"end":{"line":null,"column":-1}},"loc":{"start":{"line":58,"column":0},"end":{"line":60,"column":0}}},"7":{"name":"doneEdit","decl":{"start":{"line":61,"column":0},"end":{"line":null,"column":-1}},"loc":{"start":{"line":61,"column":0},"end":{"line":75,"column":0}}},"8":{"name":"cancelEdit","decl":{"start":{"line":76,"column":0},"end":{"line":null,"column":-1}},"loc":{"start":{"line":76,"column":0},"end":{"line":79,"column":0}}}},"branchMap":{"0":{"loc":{"start":{"line":31,"column":0},"end":{"line":35,"column":0}},"type":"if","locations":[{"start":{"line":31,"column":0},"end":{"line":35,"column":0}},{"start":{"line":31,"column":0},"end":{"line":35,"column":0}}]},"1":{"loc":{"start":{"line":64,"column":0},"end":{"line":74,"column":0}},"type":"if","locations":[{"start":{"line":64,"column":0},"end":{"line":74,"column":0}},{"start":{"line":64,"column":0},"end":{"line":74,"column":0}}]},"2":{"loc":{"start":{"line":68,"column":0},"end":{"line":74,"column":0}},"type":"if","locations":[{"start":{"line":68,"column":0},"end":{"line":74,"column":0}},{"start":{"line":68,"column":0},"end":{"line":74,"column":0}}]}},"s":{"0":0,"1":0,"2":0,"3":0,"4":0,"5":0,"6":0,"7":0,"8":0,"9":0,"10":0,"11":0,"12":0,"13":0,"14":0,"15":0,"16":0,"17":0,"18":0},"f":{"0":0,"1":0,"2":0,"3":0,"4":0,"5":0,"6":0,"7":0,"8":0},"b":{"0":[0,0],"1":[0,0],"2":[0,0]}}
,"C:\\Users\\jianzi\\Desktop\\softtest\\White-Jotter-master\\wj-vue\\src\\components\\admin\\dashboard\\admin\\components\\TodoList\\index.vue": {"path":"C:\\Users\\jianzi\\Desktop\\softtest\\White-Jotter-master\\wj-vue\\src\\components\\admin\\dashboard\\admin\\components\\TodoList\\index.vue","statementMap":{"0":{"start":{"line":41,"column":0},"end":{"line":null,"column":-1}},"1":{"start":{"line":43,"column":0},"end":{"line":null,"column":-1}},"2":{"start":{"line":44,"column":0},"end":{"line":null,"column":-1}},"3":{"start":{"line":45,"column":0},"end":{"line":null,"column":-1}},"4":{"start":{"line":46,"column":0},"end":{"line":null,"column":-1}},"5":{"start":{"line":47,"column":0},"end":{"line":null,"column":-1}},"6":{"start":{"line":49,"column":0},"end":{"line":null,"column":-1}},"7":{"start":{"line":62,"column":0},"end":{"line":null,"column":-1}},"8":{"start":{"line":63,"column":0},"end":{"line":null,"column":-1}},"9":{"start":{"line":66,"column":0},"end":{"line":null,"column":-1}},"10":{"start":{"line":75,"column":0},"end":{"line":null,"column":-1}},"11":{"start":{"line":78,"column":0},"end":{"line":null,"column":-1}},"12":{"start":{"line":81,"column":0},"end":{"line":null,"column":-1}},"13":{"start":{"line":86,"column":0},"end":{"line":null,"column":-1}},"14":{"start":{"line":89,"column":0},"end":{"line":null,"column":-1}},"15":{"start":{"line":90,"column":0},"end":{"line":96,"column":0}},"16":{"start":{"line":91,"column":0},"end":{"line":null,"column":-1}},"17":{"start":{"line":95,"column":0},"end":{"line":null,"column":-1}},"18":{"start":{"line":97,"column":0},"end":{"line":null,"column":-1}},"19":{"start":{"line":100,"column":0},"end":{"line":null,"column":-1}},"20":{"start":{"line":101,"column":0},"end":{"line":null,"column":-1}},"21":{"start":{"line":104,"column":0},"end":{"line":null,"column":-1}},"22":{"start":{"line":105,"column":0},"end":{"line":null,"column":-1}},"23":{"start":{"line":107,"column":0},"end":{"line":null,"column":-1}},"24":{"start":{"line":108,"column":0},"end":{"line":null,"column":-1}},"25":{"start":{"line":109,"column":0},"end":{"line":null,"column":-1}},"26":{"start":{"line":112,"column":0},"end":{"line":null,"column":-1}},"27":{"start":{"line":113,"column":0},"end":{"line":null,"column":-1}},"28":{"start":{"line":115,"column":0},"end":{"line":null,"column":-1}},"29":{"start":{"line":116,"column":0},"end":{"line":119,"column":0}},"30":{"start":{"line":117,"column":0},"end":{"line":null,"column":-1}},"31":{"start":{"line":118,"column":0},"end":{"line":null,"column":-1}}},"fnMap":{"0":{"name":"all","decl":{"start":{"line":45,"column":0},"end":{"line":null,"column":-1}},"loc":{"start":{"line":45,"column":0},"end":{"line":null,"column":-1}}},"1":{"name":"active","decl":{"start":{"line":46,"column":0},"end":{"line":null,"column":-1}},"loc":{"start":{"line":46,"column":0},"end":{"line":null,"column":-1}}},"2":{"name":"completed","decl":{"start":{"line":47,"column":0},"end":{"line":null,"column":-1}},"loc":{"start":{"line":47,"column":0},"end":{"line":null,"column":-1}}},"3":{"name":"pluralize","decl":{"start":{"line":62,"column":0},"end":{"line":null,"column":-1}},"loc":{"start":{"line":62,"column":0},"end":{"line":null,"column":-1}}},"4":{"name":"capitalize","decl":{"start":{"line":63,"column":0},"end":{"line":null,"column":-1}},"loc":{"start":{"line":63,"column":0},"end":{"line":null,"column":-1}}},"5":{"name":"data","decl":{"start":{"line":65,"column":0},"end":{"line":null,"column":-1}},"loc":{"start":{"line":65,"column":0},"end":{"line":72,"column":0}}},"6":{"name":"allChecked","decl":{"start":{"line":74,"column":0},"end":{"line":null,"column":-1}},"loc":{"start":{"line":74,"column":0},"end":{"line":76,"column":0}}},"7":{"name":"(anonymous_11)","decl":{"start":{"line":75,"column":0},"end":{"line":null,"column":-1}},"loc":{"start":{"line":75,"column":0},"end":{"line":null,"column":-1}}},"8":{"name":"filteredTodos","decl":{"start":{"line":77,"column":0},"end":{"line":null,"column":-1}},"loc":{"start":{"line":77,"column":0},"end":{"line":79,"column":0}}},"9":{"name":"remaining","decl":{"start":{"line":80,"column":0},"end":{"line":null,"column":-1}},"loc":{"start":{"line":80,"column":0},"end":{"line":82,"column":0}}},"10":{"name":"(anonymous_14)","decl":{"start":{"line":81,"column":0},"end":{"line":null,"column":-1}},"loc":{"start":{"line":81,"column":0},"end":{"line":null,"column":-1}}},"11":{"name":"setLocalStorage","decl":{"start":{"line":85,"column":0},"end":{"line":null,"column":-1}},"loc":{"start":{"line":85,"column":0},"end":{"line":87,"column":0}}},"12":{"name":"addTodo","decl":{"start":{"line":88,"column":0},"end":{"line":null,"column":-1}},"loc":{"start":{"line":88,"column":0},"end":{"line":98,"column":0}}},"13":{"name":"toggleTodo","decl":{"start":{"line":99,"column":0},"end":{"line":null,"column":-1}},"loc":{"start":{"line":99,"column":0},"end":{"line":102,"column":0}}},"14":{"name":"deleteTodo","decl":{"start":{"line":103,"column":0},"end":{"line":null,"column":-1}},"loc":{"start":{"line":103,"column":0},"end":{"line":106,"column":0}}},"15":{"name":"editTodo","decl":{"start":{"line":107,"column":0},"end":{"line":null,"column":-1}},"loc":{"start":{"line":107,"column":0},"end":{"line":110,"column":0}}},"16":{"name":"clearCompleted","decl":{"start":{"line":111,"column":0},"end":{"line":null,"column":-1}},"loc":{"start":{"line":111,"column":0},"end":{"line":114,"column":0}}},"17":{"name":"(anonymous_21)","decl":{"start":{"line":112,"column":0},"end":{"line":null,"column":-1}},"loc":{"start":{"line":112,"column":0},"end":{"line":null,"column":-1}}},"18":{"name":"toggleAll","decl":{"start":{"line":115,"column":0},"end":{"line":null,"column":-1}},"loc":{"start":{"line":115,"column":0},"end":{"line":120,"column":0}}},"19":{"name":"(anonymous_23)","decl":{"start":{"line":116,"column":0},"end":{"line":null,"column":-1}},"loc":{"start":{"line":116,"column":0},"end":{"line":119,"column":0}}}},"branchMap":{"0":{"loc":{"start":{"line":62,"column":0},"end":{"line":null,"column":-1}},"type":"cond-expr","locations":[{"start":{"line":62,"column":0},"end":{"line":null,"column":-1}},{"start":{"line":62,"column":0},"end":{"line":null,"column":-1}}]},"1":{"loc":{"start":{"line":90,"column":0},"end":{"line":96,"column":0}},"type":"if","locations":[{"start":{"line":90,"column":0},"end":{"line":96,"column":0}},{"start":{"line":90,"column":0},"end":{"line":96,"column":0}}]}},"s":{"0":0,"1":0,"2":0,"3":0,"4":0,"5":0,"6":0,"7":0,"8":0,"9":0,"10":0,"11":0,"12":0,"13":0,"14":0,"15":0,"16":0,"17":0,"18":0,"19":0,"20":0,"21":0,"22":0,"23":0,"24":0,"25":0,"26":0,"27":0,"28":0,"29":0,"30":0,"31":0},"f":{"0":0,"1":0,"2":0,"3":0,"4":0,"5":0,"6":0,"7":0,"8":0,"9":0,"10":0,"11":0,"12":0,"13":0,"14":0,"15":0,"16":0,"17":0,"18":0,"19":0},"b":{"0":[0,0],"1":[0,0]}}
,"C:\\Users\\jianzi\\Desktop\\softtest\\White-Jotter-master\\wj-vue\\src\\components\\admin\\dashboard\\admin\\components\\mixins\\resize.js": {"path":"C:\\Users\\jianzi\\Desktop\\softtest\\White-Jotter-master\\wj-vue\\src\\components\\admin\\dashboard\\admin\\components\\mixins\\resize.js","statementMap":{"0":{"start":{"line":1,"column":0},"end":{"line":null,"column":-1}},"1":{"start":{"line":5,"column":4},"end":{"line":null,"column":-1}},"2":{"start":{"line":10,"column":13},"end":{"line":null,"column":-1}},"3":{"start":{"line":11,"column":4},"end":{"line":null,"column":-1}},"4":{"start":{"line":12,"column":6},"end":{"line":14,"column":7}},"5":{"start":{"line":13,"column":8},"end":{"line":null,"column":-1}},"6":{"start":{"line":16,"column":4},"end":{"line":null,"column":-1}},"7":{"start":{"line":17,"column":4},"end":{"line":null,"column":-1}},"8":{"start":{"line":20,"column":4},"end":{"line":null,"column":-1}},"9":{"start":{"line":21,"column":4},"end":{"line":null,"column":-1}},"10":{"start":{"line":26,"column":4},"end":{"line":null,"column":-1}},"11":{"start":{"line":27,"column":4},"end":{"line":null,"column":-1}},"12":{"start":{"line":30,"column":4},"end":{"line":null,"column":-1}},"13":{"start":{"line":31,"column":4},"end":{"line":null,"column":-1}},"14":{"start":{"line":37,"column":6},"end":{"line":null,"column":-1}},"15":{"start":{"line":40,"column":6},"end":{"line":null,"column":-1}},"16":{"start":{"line":43,"column":6},"end":{"line":45,"column":7}},"17":{"start":{"line":44,"column":8},"end":{"line":null,"column":-1}},"18":{"start":{"line":48,"column":6},"end":{"line":null,"column":-1}},"19":{"start":{"line":49,"column":6},"end":{"line":null,"column":-1}},"20":{"start":{"line":52,"column":6},"end":{"line":null,"column":-1}}},"fnMap":{"0":{"name":"data","decl":{"start":{"line":3,"column":15},"end":{"line":4,"column":9}},"loc":{"start":{"line":4,"column":10},"end":{"line":3,"column":15}}},"1":{"name":"mounted","decl":{"start":{"line":3,"column":15},"end":{"line":10,"column":12}},"loc":{"start":{"line":10,"column":13},"end":{"line":3,"column":15}}},"2":{"name":"(anonymous_2)","decl":{"start":{"line":11,"column":36},"end":{"line":11,"column":41}},"loc":{"start":{"line":11,"column":42},"end":{"line":11,"column":27}}},"3":{"name":"beforeDestroy","decl":{"start":{"line":3,"column":15},"end":{"line":19,"column":18}},"loc":{"start":{"line":19,"column":19},"end":{"line":3,"column":15}}},"4":{"name":"activated","decl":{"start":{"line":3,"column":15},"end":{"line":25,"column":14}},"loc":{"start":{"line":25,"column":15},"end":{"line":3,"column":15}}},"5":{"name":"deactivated","decl":{"start":{"line":3,"column":15},"end":{"line":29,"column":16}},"loc":{"start":{"line":29,"column":17},"end":{"line":3,"column":15}}},"6":{"name":"$_initResizeEvent","decl":{"start":{"line":33,"column":11},"end":{"line":36,"column":24}},"loc":{"start":{"line":36,"column":25},"end":{"line":33,"column":11}}},"7":{"name":"$_destroyResizeEvent","decl":{"start":{"line":33,"column":11},"end":{"line":39,"column":27}},"loc":{"start":{"line":39,"column":28},"end":{"line":33,"column":11}}},"8":{"name":"$_sidebarResizeHandler","decl":{"start":{"line":33,"column":11},"end":{"line":42,"column":27}},"loc":{"start":{"line":42,"column":31},"end":{"line":33,"column":11}}},"9":{"name":"$_initSidebarResizeEvent","decl":{"start":{"line":33,"column":11},"end":{"line":47,"column":31}},"loc":{"start":{"line":47,"column":32},"end":{"line":33,"column":11}}},"10":{"name":"$_destroySidebarResizeEvent","decl":{"start":{"line":33,"column":11},"end":{"line":51,"column":34}},"loc":{"start":{"line":51,"column":35},"end":{"line":33,"column":11}}}},"branchMap":{"0":{"loc":{"start":{"line":12,"column":6},"end":{"line":14,"column":7}},"type":"if","locations":[{"start":{"line":12,"column":6},"end":{"line":14,"column":7}},{"start":{"line":12,"column":6},"end":{"line":14,"column":7}}]},"1":{"loc":{"start":{"line":43,"column":6},"end":{"line":45,"column":7}},"type":"if","locations":[{"start":{"line":43,"column":6},"end":{"line":45,"column":7}},{"start":{"line":43,"column":6},"end":{"line":45,"column":7}}]},"2":{"loc":{"start":{"line":49,"column":6},"end":{"line":49,"column":5}},"type":"binary-expr","locations":[{"start":{"line":49,"column":6},"end":{"line":49,"column":5}},{"start":{"line":49,"column":27},"end":{"line":49,"column":6}}]},"3":{"loc":{"start":{"line":52,"column":6},"end":{"line":52,"column":5}},"type":"binary-expr","locations":[{"start":{"line":52,"column":6},"end":{"line":52,"column":5}},{"start":{"line":52,"column":27},"end":{"line":52,"column":6}}]}},"s":{"0":0,"1":0,"2":0,"3":0,"4":0,"5":0,"6":0,"7":0,"8":0,"9":0,"10":0,"11":0,"12":0,"13":0,"14":0,"15":0,"16":0,"17":0,"18":0,"19":0,"20":0},"f":{"0":0,"1":0,"2":0,"3":0,"4":0,"5":0,"6":0,"7":0,"8":0,"9":0,"10":0},"b":{"0":[0,0],"1":[0,0],"2":[0,0],"3":[0,0]}}
,"C:\\Users\\jianzi\\Desktop\\softtest\\White-Jotter-master\\wj-vue\\src\\components\\admin\\user\\BulkRegistration.vue": {"path":"C:\\Users\\jianzi\\Desktop\\softtest\\White-Jotter-master\\wj-vue\\src\\components\\admin\\user\\BulkRegistration.vue","statementMap":{"0":{"start":{"line":43,"column":0},"end":{"line":null,"column":-1}},"1":{"start":{"line":60,"column":0},"end":{"line":null,"column":-1}},"2":{"start":{"line":68,"column":0},"end":{"line":null,"column":-1}},"3":{"start":{"line":69,"column":0},"end":{"line":89,"column":0}},"4":{"start":{"line":78,"column":0},"end":{"line":88,"column":0}},"5":{"start":{"line":79,"column":0},"end":{"line":null,"column":-1}},"6":{"start":{"line":82,"column":0},"end":{"line":null,"column":-1}},"7":{"start":{"line":83,"column":0},"end":{"line":null,"column":-1}},"8":{"start":{"line":85,"column":0},"end":{"line":null,"column":-1}}},"fnMap":{"0":{"name":"data","decl":{"start":{"line":42,"column":0},"end":{"line":null,"column":-1}},"loc":{"start":{"line":42,"column":0},"end":{"line":57,"column":0}}},"1":{"name":"clear","decl":{"start":{"line":59,"column":0},"end":{"line":null,"column":-1}},"loc":{"start":{"line":59,"column":0},"end":{"line":67,"column":0}}},"2":{"name":"register","decl":{"start":{"line":68,"column":0},"end":{"line":null,"column":-1}},"loc":{"start":{"line":68,"column":0},"end":{"line":91,"column":0}}},"3":{"name":"(anonymous_4)","decl":{"start":{"line":70,"column":0},"end":{"line":null,"column":-1}},"loc":{"start":{"line":70,"column":0},"end":{"line":89,"column":0}}},"4":{"name":"(anonymous_5)","decl":{"start":{"line":89,"column":0},"end":{"line":null,"column":-1}},"loc":{"start":{"line":89,"column":0},"end":{"line":null,"column":-1}}}},"branchMap":{"0":{"loc":{"start":{"line":78,"column":0},"end":{"line":88,"column":0}},"type":"if","locations":[{"start":{"line":78,"column":0},"end":{"line":88,"column":0}},{"start":{"line":78,"column":0},"end":{"line":88,"column":0}}]}},"s":{"0":0,"1":0,"2":0,"3":0,"4":0,"5":0,"6":0,"7":0,"8":0},"f":{"0":0,"1":0,"2":0,"3":0,"4":0},"b":{"0":[0,0]}}
,"C:\\Users\\jianzi\\Desktop\\softtest\\White-Jotter-master\\wj-vue\\src\\components\\admin\\user\\Role.vue": {"path":"C:\\Users\\jianzi\\Desktop\\softtest\\White-Jotter-master\\wj-vue\\src\\components\\admin\\user\\Role.vue","statementMap":{"0":{"start":{"line":106,"column":0},"end":{"line":null,"column":-1}},"1":{"start":{"line":111,"column":0},"end":{"line":null,"column":-1}},"2":{"start":{"line":127,"column":0},"end":{"line":null,"column":-1}},"3":{"start":{"line":128,"column":0},"end":{"line":null,"column":-1}},"4":{"start":{"line":129,"column":0},"end":{"line":null,"column":-1}},"5":{"start":{"line":133,"column":0},"end":{"line":null,"column":-1}},"6":{"start":{"line":138,"column":0},"end":{"line":null,"column":-1}},"7":{"start":{"line":139,"column":0},"end":{"line":143,"column":0}},"8":{"start":{"line":140,"column":0},"end":{"line":142,"column":0}},"9":{"start":{"line":141,"column":0},"end":{"line":null,"column":-1}},"10":{"start":{"line":146,"column":0},"end":{"line":null,"column":-1}},"11":{"start":{"line":147,"column":0},"end":{"line":151,"column":0}},"12":{"start":{"line":148,"column":0},"end":{"line":150,"column":0}},"13":{"start":{"line":149,"column":0},"end":{"line":null,"column":-1}},"14":{"start":{"line":154,"column":0},"end":{"line":null,"column":-1}},"15":{"start":{"line":155,"column":0},"end":{"line":159,"column":0}},"16":{"start":{"line":156,"column":0},"end":{"line":158,"column":0}},"17":{"start":{"line":157,"column":0},"end":{"line":null,"column":-1}},"18":{"start":{"line":161,"column":0},"end":{"line":null,"column":-1}},"19":{"start":{"line":162,"column":0},"end":{"line":190,"column":0}},"20":{"start":{"line":163,"column":0},"end":{"line":186,"column":0}},"21":{"start":{"line":168,"column":0},"end":{"line":179,"column":0}},"22":{"start":{"line":172,"column":0},"end":{"line":178,"column":0}},"23":{"start":{"line":173,"column":0},"end":{"line":177,"column":0}},"24":{"start":{"line":174,"column":0},"end":{"line":null,"column":-1}},"25":{"start":{"line":176,"column":0},"end":{"line":null,"column":-1}},"26":{"start":{"line":181,"column":0},"end":{"line":null,"column":-1}},"27":{"start":{"line":182,"column":0},"end":{"line":null,"column":-1}},"28":{"start":{"line":188,"column":0},"end":{"line":null,"column":-1}},"29":{"start":{"line":189,"column":0},"end":{"line":null,"column":-1}},"30":{"start":{"line":193,"column":0},"end":{"line":null,"column":-1}},"31":{"start":{"line":194,"column":0},"end":{"line":null,"column":-1}},"32":{"start":{"line":195,"column":0},"end":{"line":null,"column":-1}},"33":{"start":{"line":196,"column":0},"end":{"line":198,"column":0}},"34":{"start":{"line":197,"column":0},"end":{"line":null,"column":-1}},"35":{"start":{"line":199,"column":0},"end":{"line":null,"column":-1}},"36":{"start":{"line":200,"column":0},"end":{"line":null,"column":-1}},"37":{"start":{"line":201,"column":0},"end":{"line":206,"column":0}},"38":{"start":{"line":202,"column":0},"end":{"line":null,"column":-1}},"39":{"start":{"line":203,"column":0},"end":{"line":205,"column":0}},"40":{"start":{"line":204,"column":0},"end":{"line":null,"column":-1}},"41":{"start":{"line":207,"column":0},"end":{"line":null,"column":-1}},"42":{"start":{"line":209,"column":0},"end":{"line":211,"column":0}},"43":{"start":{"line":210,"column":0},"end":{"line":null,"column":-1}},"44":{"start":{"line":213,"column":0},"end":{"line":null,"column":-1}},"45":{"start":{"line":214,"column":0},"end":{"line":null,"column":-1}},"46":{"start":{"line":216,"column":0},"end":{"line":null,"column":-1}},"47":{"start":{"line":217,"column":0},"end":{"line":223,"column":0}},"48":{"start":{"line":218,"column":0},"end":{"line":222,"column":0}},"49":{"start":{"line":219,"column":0},"end":{"line":221,"column":0}},"50":{"start":{"line":220,"column":0},"end":{"line":null,"column":-1}},"51":{"start":{"line":224,"column":0},"end":{"line":236,"column":0}},"52":{"start":{"line":231,"column":0},"end":{"line":235,"column":0}},"53":{"start":{"line":232,"column":0},"end":{"line":null,"column":-1}},"54":{"start":{"line":233,"column":0},"end":{"line":null,"column":-1}},"55":{"start":{"line":234,"column":0},"end":{"line":null,"column":-1}},"56":{"start":{"line":237,"column":0},"end":{"line":243,"column":0}},"57":{"start":{"line":240,"column":0},"end":{"line":242,"column":0}},"58":{"start":{"line":241,"column":0},"end":{"line":null,"column":-1}}},"fnMap":{"0":{"name":"data","decl":{"start":{"line":110,"column":0},"end":{"line":null,"column":-1}},"loc":{"start":{"line":110,"column":0},"end":{"line":125,"column":0}}},"1":{"name":"mounted","decl":{"start":{"line":126,"column":0},"end":{"line":null,"column":-1}},"loc":{"start":{"line":126,"column":0},"end":{"line":130,"column":0}}},"2":{"name":"tableHeight","decl":{"start":{"line":132,"column":0},"end":{"line":null,"column":-1}},"loc":{"start":{"line":132,"column":0},"end":{"line":134,"column":0}}},"3":{"name":"listRoles","decl":{"start":{"line":137,"column":0},"end":{"line":null,"column":-1}},"loc":{"start":{"line":137,"column":0},"end":{"line":144,"column":0}}},"4":{"name":"(anonymous_6)","decl":{"start":{"line":139,"column":0},"end":{"line":null,"column":-1}},"loc":{"start":{"line":139,"column":0},"end":{"line":143,"column":0}}},"5":{"name":"listPerms","decl":{"start":{"line":145,"column":0},"end":{"line":null,"column":-1}},"loc":{"start":{"line":145,"column":0},"end":{"line":152,"column":0}}},"6":{"name":"(anonymous_8)","decl":{"start":{"line":147,"column":0},"end":{"line":null,"column":-1}},"loc":{"start":{"line":147,"column":0},"end":{"line":151,"column":0}}},"7":{"name":"listMenus","decl":{"start":{"line":153,"column":0},"end":{"line":null,"column":-1}},"loc":{"start":{"line":153,"column":0},"end":{"line":160,"column":0}}},"8":{"name":"(anonymous_10)","decl":{"start":{"line":155,"column":0},"end":{"line":null,"column":-1}},"loc":{"start":{"line":155,"column":0},"end":{"line":159,"column":0}}},"9":{"name":"commitStatusChange","decl":{"start":{"line":161,"column":0},"end":{"line":null,"column":-1}},"loc":{"start":{"line":161,"column":0},"end":{"line":191,"column":0}}},"10":{"name":"(anonymous_12)","decl":{"start":{"line":163,"column":0},"end":{"line":null,"column":-1}},"loc":{"start":{"line":163,"column":0},"end":{"line":180,"column":0}}},"11":{"name":"(anonymous_13)","decl":{"start":{"line":168,"column":0},"end":{"line":null,"column":-1}},"loc":{"start":{"line":168,"column":0},"end":{"line":179,"column":0}}},"12":{"name":"(anonymous_14)","decl":{"start":{"line":180,"column":0},"end":{"line":null,"column":-1}},"loc":{"start":{"line":180,"column":0},"end":{"line":186,"column":0}}},"13":{"name":"editRole","decl":{"start":{"line":192,"column":0},"end":{"line":null,"column":-1}},"loc":{"start":{"line":192,"column":0},"end":{"line":212,"column":0}}},"14":{"name":"onSubmit","decl":{"start":{"line":213,"column":0},"end":{"line":null,"column":-1}},"loc":{"start":{"line":213,"column":0},"end":{"line":244,"column":0}}},"15":{"name":"(anonymous_17)","decl":{"start":{"line":224,"column":0},"end":{"line":null,"column":-1}},"loc":{"start":{"line":224,"column":0},"end":{"line":236,"column":0}}},"16":{"name":"(anonymous_18)","decl":{"start":{"line":237,"column":0},"end":{"line":null,"column":-1}},"loc":{"start":{"line":237,"column":0},"end":{"line":243,"column":0}}}},"branchMap":{"0":{"loc":{"start":{"line":140,"column":0},"end":{"line":142,"column":0}},"type":"if","locations":[{"start":{"line":140,"column":0},"end":{"line":142,"column":0}},{"start":{"line":140,"column":0},"end":{"line":142,"column":0}}]},"1":{"loc":{"start":{"line":140,"column":0},"end":{"line":null,"column":-1}},"type":"binary-expr","locations":[{"start":{"line":140,"column":0},"end":{"line":null,"column":-1}},{"start":{"line":140,"column":0},"end":{"line":null,"column":-1}}]},"2":{"loc":{"start":{"line":148,"column":0},"end":{"line":150,"column":0}},"type":"if","locations":[{"start":{"line":148,"column":0},"end":{"line":150,"column":0}},{"start":{"line":148,"column":0},"end":{"line":150,"column":0}}]},"3":{"loc":{"start":{"line":148,"column":0},"end":{"line":null,"column":-1}},"type":"binary-expr","locations":[{"start":{"line":148,"column":0},"end":{"line":null,"column":-1}},{"start":{"line":148,"column":0},"end":{"line":null,"column":-1}}]},"4":{"loc":{"start":{"line":156,"column":0},"end":{"line":158,"column":0}},"type":"if","locations":[{"start":{"line":156,"column":0},"end":{"line":158,"column":0}},{"start":{"line":156,"column":0},"end":{"line":158,"column":0}}]},"5":{"loc":{"start":{"line":156,"column":0},"end":{"line":null,"column":-1}},"type":"binary-expr","locations":[{"start":{"line":156,"column":0},"end":{"line":null,"column":-1}},{"start":{"line":156,"column":0},"end":{"line":null,"column":-1}}]},"6":{"loc":{"start":{"line":162,"column":0},"end":{"line":190,"column":0}},"type":"if","locations":[{"start":{"line":162,"column":0},"end":{"line":190,"column":0}},{"start":{"line":162,"column":0},"end":{"line":190,"column":0}}]},"7":{"loc":{"start":{"line":172,"column":0},"end":{"line":178,"column":0}},"type":"if","locations":[{"start":{"line":172,"column":0},"end":{"line":178,"column":0}},{"start":{"line":172,"column":0},"end":{"line":178,"column":0}}]},"8":{"loc":{"start":{"line":172,"column":0},"end":{"line":null,"column":-1}},"type":"binary-expr","locations":[{"start":{"line":172,"column":0},"end":{"line":null,"column":-1}},{"start":{"line":172,"column":0},"end":{"line":null,"column":-1}}]},"9":{"loc":{"start":{"line":173,"column":0},"end":{"line":177,"column":0}},"type":"if","locations":[{"start":{"line":173,"column":0},"end":{"line":177,"column":0}},{"start":{"line":173,"column":0},"end":{"line":177,"column":0}}]},"10":{"loc":{"start":{"line":209,"column":0},"end":{"line":211,"column":0}},"type":"if","locations":[{"start":{"line":209,"column":0},"end":{"line":211,"column":0}},{"start":{"line":209,"column":0},"end":{"line":211,"column":0}}]},"11":{"loc":{"start":{"line":219,"column":0},"end":{"line":221,"column":0}},"type":"if","locations":[{"start":{"line":219,"column":0},"end":{"line":221,"column":0}},{"start":{"line":219,"column":0},"end":{"line":221,"column":0}}]},"12":{"loc":{"start":{"line":231,"column":0},"end":{"line":235,"column":0}},"type":"if","locations":[{"start":{"line":231,"column":0},"end":{"line":235,"column":0}},{"start":{"line":231,"column":0},"end":{"line":235,"column":0}}]},"13":{"loc":{"start":{"line":231,"column":0},"end":{"line":null,"column":-1}},"type":"binary-expr","locations":[{"start":{"line":231,"column":0},"end":{"line":null,"column":-1}},{"start":{"line":231,"column":0},"end":{"line":null,"column":-1}}]},"14":{"loc":{"start":{"line":240,"column":0},"end":{"line":242,"column":0}},"type":"if","locations":[{"start":{"line":240,"column":0},"end":{"line":242,"column":0}},{"start":{"line":240,"column":0},"end":{"line":242,"column":0}}]},"15":{"loc":{"start":{"line":240,"column":0},"end":{"line":null,"column":-1}},"type":"binary-expr","locations":[{"start":{"line":240,"column":0},"end":{"line":null,"column":-1}},{"start":{"line":240,"column":0},"end":{"line":null,"column":-1}}]}},"s":{"0":0,"1":0,"2":0,"3":0,"4":0,"5":0,"6":0,"7":0,"8":0,"9":0,"10":0,"11":0,"12":0,"13":0,"14":0,"15":0,"16":0,"17":0,"18":0,"19":0,"20":0,"21":0,"22":0,"23":0,"24":0,"25":0,"26":0,"27":0,"28":0,"29":0,"30":0,"31":0,"32":0,"33":0,"34":0,"35":0,"36":0,"37":0,"38":0,"39":0,"40":0,"41":0,"42":0,"43":0,"44":0,"45":0,"46":0,"47":0,"48":0,"49":0,"50":0,"51":0,"52":0,"53":0,"54":0,"55":0,"56":0,"57":0,"58":0},"f":{"0":0,"1":0,"2":0,"3":0,"4":0,"5":0,"6":0,"7":0,"8":0,"9":0,"10":0,"11":0,"12":0,"13":0,"14":0,"15":0,"16":0},"b":{"0":[0,0],"1":[0,0],"2":[0,0],"3":[0,0],"4":[0,0],"5":[0,0],"6":[0,0],"7":[0,0],"8":[0,0],"9":[0,0],"10":[0,0],"11":[0,0],"12":[0,0],"13":[0,0],"14":[0,0],"15":[0,0]}}
,"C:\\Users\\jianzi\\Desktop\\softtest\\White-Jotter-master\\wj-vue\\src\\components\\admin\\user\\RoleCreate.vue": {"path":"C:\\Users\\jianzi\\Desktop\\softtest\\White-Jotter-master\\wj-vue\\src\\components\\admin\\user\\RoleCreate.vue","statementMap":{"0":{"start":{"line":34,"column":0},"end":{"line":null,"column":-1}},"1":{"start":{"line":49,"column":0},"end":{"line":null,"column":-1}},"2":{"start":{"line":54,"column":0},"end":{"line":null,"column":-1}},"3":{"start":{"line":55,"column":0},"end":{"line":72,"column":0}},"4":{"start":{"line":61,"column":0},"end":{"line":71,"column":0}},"5":{"start":{"line":62,"column":0},"end":{"line":null,"column":-1}},"6":{"start":{"line":65,"column":0},"end":{"line":null,"column":-1}},"7":{"start":{"line":66,"column":0},"end":{"line":null,"column":-1}},"8":{"start":{"line":68,"column":0},"end":{"line":null,"column":-1}},"9":{"start":{"line":74,"column":0},"end":{"line":null,"column":-1}}},"fnMap":{"0":{"name":"data","decl":{"start":{"line":33,"column":0},"end":{"line":null,"column":-1}},"loc":{"start":{"line":33,"column":0},"end":{"line":46,"column":0}}},"1":{"name":"clear","decl":{"start":{"line":48,"column":0},"end":{"line":null,"column":-1}},"loc":{"start":{"line":48,"column":0},"end":{"line":53,"column":0}}},"2":{"name":"createRole","decl":{"start":{"line":54,"column":0},"end":{"line":null,"column":-1}},"loc":{"start":{"line":54,"column":0},"end":{"line":75,"column":0}}},"3":{"name":"(anonymous_4)","decl":{"start":{"line":56,"column":0},"end":{"line":null,"column":-1}},"loc":{"start":{"line":56,"column":0},"end":{"line":72,"column":0}}},"4":{"name":"(anonymous_5)","decl":{"start":{"line":72,"column":0},"end":{"line":null,"column":-1}},"loc":{"start":{"line":72,"column":0},"end":{"line":null,"column":-1}}}},"branchMap":{"0":{"loc":{"start":{"line":61,"column":0},"end":{"line":71,"column":0}},"type":"if","locations":[{"start":{"line":61,"column":0},"end":{"line":71,"column":0}},{"start":{"line":61,"column":0},"end":{"line":71,"column":0}}]}},"s":{"0":0,"1":0,"2":0,"3":0,"4":0,"5":0,"6":0,"7":0,"8":0,"9":0},"f":{"0":0,"1":0,"2":0,"3":0,"4":0},"b":{"0":[0,0]}}
,"C:\\Users\\jianzi\\Desktop\\softtest\\White-Jotter-master\\wj-vue\\src\\components\\admin\\user\\UserProfile.vue": {"path":"C:\\Users\\jianzi\\Desktop\\softtest\\White-Jotter-master\\wj-vue\\src\\components\\admin\\user\\UserProfile.vue","statementMap":{"0":{"start":{"line":119,"column":0},"end":{"line":null,"column":-1}},"1":{"start":{"line":124,"column":0},"end":{"line":null,"column":-1}},"2":{"start":{"line":133,"column":0},"end":{"line":null,"column":-1}},"3":{"start":{"line":134,"column":0},"end":{"line":null,"column":-1}},"4":{"start":{"line":138,"column":0},"end":{"line":null,"column":-1}},"5":{"start":{"line":143,"column":0},"end":{"line":null,"column":-1}},"6":{"start":{"line":144,"column":0},"end":{"line":148,"column":0}},"7":{"start":{"line":145,"column":0},"end":{"line":147,"column":0}},"8":{"start":{"line":146,"column":0},"end":{"line":null,"column":-1}},"9":{"start":{"line":151,"column":0},"end":{"line":null,"column":-1}},"10":{"start":{"line":152,"column":0},"end":{"line":156,"column":0}},"11":{"start":{"line":153,"column":0},"end":{"line":155,"column":0}},"12":{"start":{"line":154,"column":0},"end":{"line":null,"column":-1}},"13":{"start":{"line":158,"column":0},"end":{"line":null,"column":-1}},"14":{"start":{"line":159,"column":0},"end":{"line":175,"column":0}},"15":{"start":{"line":160,"column":0},"end":{"line":171,"column":0}},"16":{"start":{"line":164,"column":0},"end":{"line":170,"column":0}},"17":{"start":{"line":165,"column":0},"end":{"line":169,"column":0}},"18":{"start":{"line":166,"column":0},"end":{"line":null,"column":-1}},"19":{"start":{"line":168,"column":0},"end":{"line":null,"column":-1}},"20":{"start":{"line":173,"column":0},"end":{"line":null,"column":-1}},"21":{"start":{"line":174,"column":0},"end":{"line":null,"column":-1}},"22":{"start":{"line":177,"column":0},"end":{"line":null,"column":-1}},"23":{"start":{"line":178,"column":0},"end":{"line":null,"column":-1}},"24":{"start":{"line":180,"column":0},"end":{"line":null,"column":-1}},"25":{"start":{"line":181,"column":0},"end":{"line":187,"column":0}},"26":{"start":{"line":182,"column":0},"end":{"line":186,"column":0}},"27":{"start":{"line":183,"column":0},"end":{"line":185,"column":0}},"28":{"start":{"line":184,"column":0},"end":{"line":null,"column":-1}},"29":{"start":{"line":188,"column":0},"end":{"line":203,"column":0}},"30":{"start":{"line":195,"column":0},"end":{"line":202,"column":0}},"31":{"start":{"line":196,"column":0},"end":{"line":null,"column":-1}},"32":{"start":{"line":197,"column":0},"end":{"line":null,"column":-1}},"33":{"start":{"line":199,"column":0},"end":{"line":null,"column":-1}},"34":{"start":{"line":201,"column":0},"end":{"line":null,"column":-1}},"35":{"start":{"line":206,"column":0},"end":{"line":null,"column":-1}},"36":{"start":{"line":207,"column":0},"end":{"line":null,"column":-1}},"37":{"start":{"line":208,"column":0},"end":{"line":null,"column":-1}},"38":{"start":{"line":209,"column":0},"end":{"line":211,"column":0}},"39":{"start":{"line":210,"column":0},"end":{"line":null,"column":-1}},"40":{"start":{"line":212,"column":0},"end":{"line":null,"column":-1}},"41":{"start":{"line":214,"column":0},"end":{"line":null,"column":-1}},"42":{"start":{"line":215,"column":0},"end":{"line":221,"column":0}},"43":{"start":{"line":218,"column":0},"end":{"line":220,"column":0}},"44":{"start":{"line":219,"column":0},"end":{"line":null,"column":-1}}},"fnMap":{"0":{"name":"data","decl":{"start":{"line":123,"column":0},"end":{"line":null,"column":-1}},"loc":{"start":{"line":123,"column":0},"end":{"line":131,"column":0}}},"1":{"name":"mounted","decl":{"start":{"line":132,"column":0},"end":{"line":null,"column":-1}},"loc":{"start":{"line":132,"column":0},"end":{"line":135,"column":0}}},"2":{"name":"tableHeight","decl":{"start":{"line":137,"column":0},"end":{"line":null,"column":-1}},"loc":{"start":{"line":137,"column":0},"end":{"line":139,"column":0}}},"3":{"name":"listUsers","decl":{"start":{"line":142,"column":0},"end":{"line":null,"column":-1}},"loc":{"start":{"line":142,"column":0},"end":{"line":149,"column":0}}},"4":{"name":"(anonymous_6)","decl":{"start":{"line":144,"column":0},"end":{"line":null,"column":-1}},"loc":{"start":{"line":144,"column":0},"end":{"line":148,"column":0}}},"5":{"name":"listRoles","decl":{"start":{"line":150,"column":0},"end":{"line":null,"column":-1}},"loc":{"start":{"line":150,"column":0},"end":{"line":157,"column":0}}},"6":{"name":"(anonymous_8)","decl":{"start":{"line":152,"column":0},"end":{"line":null,"column":-1}},"loc":{"start":{"line":152,"column":0},"end":{"line":156,"column":0}}},"7":{"name":"commitStatusChange","decl":{"start":{"line":158,"column":0},"end":{"line":null,"column":-1}},"loc":{"start":{"line":158,"column":0},"end":{"line":176,"column":0}}},"8":{"name":"(anonymous_10)","decl":{"start":{"line":160,"column":0},"end":{"line":null,"column":-1}},"loc":{"start":{"line":160,"column":0},"end":{"line":171,"column":0}}},"9":{"name":"onSubmit","decl":{"start":{"line":177,"column":0},"end":{"line":null,"column":-1}},"loc":{"start":{"line":177,"column":0},"end":{"line":204,"column":0}}},"10":{"name":"(anonymous_12)","decl":{"start":{"line":188,"column":0},"end":{"line":null,"column":-1}},"loc":{"start":{"line":188,"column":0},"end":{"line":203,"column":0}}},"11":{"name":"editUser","decl":{"start":{"line":205,"column":0},"end":{"line":null,"column":-1}},"loc":{"start":{"line":205,"column":0},"end":{"line":213,"column":0}}},"12":{"name":"resetPassword","decl":{"start":{"line":214,"column":0},"end":{"line":null,"column":-1}},"loc":{"start":{"line":214,"column":0},"end":{"line":222,"column":0}}},"13":{"name":"(anonymous_15)","decl":{"start":{"line":215,"column":0},"end":{"line":null,"column":-1}},"loc":{"start":{"line":215,"column":0},"end":{"line":221,"column":0}}}},"branchMap":{"0":{"loc":{"start":{"line":145,"column":0},"end":{"line":147,"column":0}},"type":"if","locations":[{"start":{"line":145,"column":0},"end":{"line":147,"column":0}},{"start":{"line":145,"column":0},"end":{"line":147,"column":0}}]},"1":{"loc":{"start":{"line":145,"column":0},"end":{"line":null,"column":-1}},"type":"binary-expr","locations":[{"start":{"line":145,"column":0},"end":{"line":null,"column":-1}},{"start":{"line":145,"column":0},"end":{"line":null,"column":-1}}]},"2":{"loc":{"start":{"line":153,"column":0},"end":{"line":155,"column":0}},"type":"if","locations":[{"start":{"line":153,"column":0},"end":{"line":155,"column":0}},{"start":{"line":153,"column":0},"end":{"line":155,"column":0}}]},"3":{"loc":{"start":{"line":153,"column":0},"end":{"line":null,"column":-1}},"type":"binary-expr","locations":[{"start":{"line":153,"column":0},"end":{"line":null,"column":-1}},{"start":{"line":153,"column":0},"end":{"line":null,"column":-1}}]},"4":{"loc":{"start":{"line":159,"column":0},"end":{"line":175,"column":0}},"type":"if","locations":[{"start":{"line":159,"column":0},"end":{"line":175,"column":0}},{"start":{"line":159,"column":0},"end
[...]
umn":1}},"line":176},"11":{"name":"objectMerge","decl":{"start":{"line":188,"column":16},"end":{"line":188,"column":27}},"loc":{"start":{"line":188,"column":45},"end":{"line":204,"column":1}},"line":188},"12":{"name":"(anonymous_12)","decl":{"start":{"line":195,"column":30},"end":{"line":195,"column":31}},"loc":{"start":{"line":195,"column":42},"end":{"line":202,"column":3}},"line":195},"13":{"name":"toggleClass","decl":{"start":{"line":210,"column":16},"end":{"line":210,"column":27}},"loc":{"start":{"line":210,"column":49},"end":{"line":224,"column":1}},"line":210},"14":{"name":"getTime","decl":{"start":{"line":230,"column":16},"end":{"line":230,"column":23}},"loc":{"start":{"line":230,"column":31},"end":{"line":236,"column":1}},"line":230},"15":{"name":"debounce","decl":{"start":{"line":244,"column":16},"end":{"line":244,"column":24}},"loc":{"start":{"line":244,"column":49},"end":{"line":277,"column":1}},"line":244},"16":{"name":"(anonymous_16)","decl":{"start":{"line":247,"column":16},"end":{"line":247,"column":17}},"loc":{"start":{"line":247,"column":28},"end":{"line":262,"column":3}},"line":247},"17":{"name":"(anonymous_17)","decl":{"start":{"line":264,"column":9},"end":{"line":264,"column":10}},"loc":{"start":{"line":264,"column":28},"end":{"line":276,"column":3}},"line":264},"18":{"name":"deepClone","decl":{"start":{"line":286,"column":16},"end":{"line":286,"column":25}},"loc":{"start":{"line":286,"column":35},"end":{"line":299,"column":1}},"line":286},"19":{"name":"(anonymous_19)","decl":{"start":{"line":291,"column":30},"end":{"line":291,"column":31}},"loc":{"start":{"line":291,"column":38},"end":{"line":297,"column":3}},"line":291},"20":{"name":"uniqueArr","decl":{"start":{"line":305,"column":16},"end":{"line":305,"column":25}},"loc":{"start":{"line":305,"column":32},"end":{"line":307,"column":1}},"line":305},"21":{"name":"createUniqueString","decl":{"start":{"line":312,"column":16},"end":{"line":312,"column":34}},"loc":{"start":{"line":312,"column":38},"end":{"line":316,"column":1}},"line":312},"22":{"name":"hasClass","decl":{"start":{"line":324,"column":16},"end":{"line":324,"column":24}},"loc":{"start":{"line":324,"column":36},"end":{"line":326,"column":1}},"line":324},"23":{"name":"addClass","decl":{"start":{"line":333,"column":16},"end":{"line":333,"column":24}},"loc":{"start":{"line":333,"column":36},"end":{"line":335,"column":1}},"line":333},"24":{"name":"removeClass","decl":{"start":{"line":342,"column":16},"end":{"line":342,"column":27}},"loc":{"start":{"line":342,"column":39},"end":{"line":347,"column":1}},"line":342}},"branchMap":{"0":{"loc":{"start":{"line":12,"column":2},"end":{"line":14,"column":3}},"type":"if","locations":[{"start":{"line":12,"column":2},"end":{"line":14,"column":3}},{"start":{"line":12,"column":2},"end":{"line":14,"column":3}}],"line":12},"1":{"loc":{"start":{"line":15,"column":17},"end":{"line":15,"column":53}},"type":"binary-expr","locations":[{"start":{"line":15,"column":17},"end":{"line":15,"column":24}},{"start":{"line":15,"column":28},"end":{"line":15,"column":53}}],"line":15},"2":{"loc":{"start":{"line":17,"column":2},"end":{"line":27,"column":3}},"type":"if","locations":[{"start":{"line":17,"column":2},"end":{"line":27,"column":3}},{"start":{"line":17,"column":2},"end":{"line":27,"column":3}}],"line":17},"3":{"loc":{"start":{"line":20,"column":4},"end":{"line":22,"column":5}},"type":"if","locations":[{"start":{"line":20,"column":4},"end":{"line":22,"column":5}},{"start":{"line":20,"column":4},"end":{"line":22,"column":5}}],"line":20},"4":{"loc":{"start":{"line":20,"column":8},"end":{"line":20,"column":61}},"type":"binary-expr","locations":[{"start":{"line":20,"column":9},"end":{"line":20,"column":33}},{"start":{"line":20,"column":39},"end":{"line":20,"column":60}}],"line":20},"5":{"loc":{"start":{"line":23,"column":4},"end":{"line":25,"column":5}},"type":"if","locations":[{"start":{"line":23,"column":4},"end":{"line":25,"column":5}},{"start":{"line":23,"column":4},"end":{"line":25,"column":5}}],"line":23},"6":{"loc":{"start":{"line":23,"column":8},"end":{"line":23,"column":69}},"type":"binary-expr","locations":[{"start":{"line":23,"column":9},"end":{"line":23,"column":33}},{"start":{"line":23,"column":39},"end":{"line":23,"column":68}}],"line":23},"7":{"loc":{"start":{"line":40,"column":4},"end":{"line":40,"column":74}},"type":"if","locations":[{"start":{"line":40,"column":4},"end":{"line":40,"column":74}},{"start":{"line":40,"column":4},"end":{"line":40,"column":74}}],"line":40},"8":{"loc":{"start":{"line":52,"column":2},"end":{"line":56,"column":3}},"type":"if","locations":[{"start":{"line":52,"column":2},"end":{"line":56,"column":3}},{"start":{"line":52,"column":2},"end":{"line":56,"column":3}}],"line":52},"9":{"loc":{"start":{"line":62,"column":2},"end":{"line":71,"column":3}},"type":"if","locations":[{"start":{"line":62,"column":2},"end":{"line":71,"column":3}},{"start":{"line":62,"column":2},"end":{"line":71,"column":3}}],"line":62},"10":{"loc":{"start":{"line":64,"column":9},"end":{"line":71,"column":3}},"type":"if","locations":[{"start":{"line":64,"column":9},"end":{"line":71,"column":3}},{"start":{"line":64,"column":9},"end":{"line":71,"column":3}}],"line":64},"11":{"loc":{"start":{"line":67,"column":9},"end":{"line":71,"column":3}},"type":"if","locations":[{"start":{"line":67,"column":9},"end":{"line":71,"column":3}},{"start":{"line":67,"column":9},"end":{"line":71,"column":3}}],"line":67},"12":{"loc":{"start":{"line":69,"column":9},"end":{"line":71,"column":3}},"type":"if","locations":[{"start":{"line":69,"column":9},"end":{"line":71,"column":3}},{"start":{"line":69,"column":9},"end":{"line":71,"column":3}}],"line":69},"13":{"loc":{"start":{"line":72,"column":2},"end":{"line":86,"column":3}},"type":"if","locations":[{"start":{"line":72,"column":2},"end":{"line":86,"column":3}},{"start":{"line":72,"column":2},"end":{"line":86,"column":3}}],"line":72},"14":{"loc":{"start":{"line":94,"column":8},"end":{"line":94,"column":48}},"type":"cond-expr","locations":[{"start":{"line":94,"column":22},"end":{"line":94,"column":42}},{"start":{"line":94,"column":45},"end":{"line":94,"column":48}}],"line":94},"15":{"loc":{"start":{"line":117,"column":4},"end":{"line":118,"column":51}},"type":"if","locations":[{"start":{"line":117,"column":4},"end":{"line":118,"column":51}},{"start":{"line":117,"column":4},"end":{"line":118,"column":51}}],"line":117},"16":{"loc":{"start":{"line":117,"column":8},"end":{"line":117,"column":36}},"type":"binary-expr","locations":[{"start":{"line":117,"column":8},"end":{"line":117,"column":19}},{"start":{"line":117,"column":23},"end":{"line":117,"column":36}}],"line":117},"17":{"loc":{"start":{"line":118,"column":9},"end":{"line":118,"column":51}},"type":"if","locations":[{"start":{"line":118,"column":9},"end":{"line":118,"column":51}},{"start":{"line":118,"column":9},"end":{"line":118,"column":51}}],"line":118},"18":{"loc":{"start":{"line":118,"column":13},"end":{"line":118,"column":43}},"type":"binary-expr","locations":[{"start":{"line":118,"column":13},"end":{"line":118,"column":25}},{"start":{"line":118,"column":29},"end":{"line":118,"column":43}}],"line":118},"19":{"loc":{"start":{"line":119,"column":4},"end":{"line":119,"column":45}},"type":"if","locations":[{"start":{"line":119,"column":4},"end":{"line":119,"column":45}},{"start":{"line":119,"column":4},"end":{"line":119,"column":45}}],"line":119},"20":{"loc":{"start":{"line":119,"column":8},"end":{"line":119,"column":40}},"type":"binary-expr","locations":[{"start":{"line":119,"column":8},"end":{"line":119,"column":22}},{"start":{"line":119,"column":26},"end":{"line":119,"column":40}}],"line":119},"21":{"loc":{"start":{"line":131,"column":4},"end":{"line":133,"column":5}},"type":"if","locations":[{"start":{"line":131,"column":4},"end":{"line":133,"column":5}},{"start":{"line":131,"column":4},"end":{"line":133,"column":5}}],"line":131},"22":{"loc":{"start":{"line":143,"column":2},"end":{"line":143,"column":22}},"type":"if","locations":[{"start":{"line":143,"column":2},"end":{"line":143,"column":22}},{"start":{"line":143,"column":2},"end":{"line":143,"column":22}}],"line":143},"23":{"loc":{"start":{"line":146,"column":6},"end":{"line":146,"column":44}},"type":"if","locations":[{"start":{"line":146,"column":6},"end":{"line":146,"column":44}},{"start":{"line":146,"column":6},"end":{"line":146,"column":44}}],"line":146},"24":{"loc":{"start":{"line":158,"column":2},"end":{"line":160,"column":3}},"type":"if","locations":[{"start":{"line":158,"column":2},"end":{"line":160,"column":3}},{"start":{"line":158,"column":2},"end":{"line":160,"column":3}}],"line":158},"25":{"loc":{"start":{"line":179,"column":9},"end":{"line":179,"column":41}},"type":"binary-expr","locations":[{"start":{"line":179,"column":9},"end":{"line":179,"column":24}},{"start":{"line":179,"column":28},"end":{"line":179,"column":41}}],"line":179},"26":{"loc":{"start":{"line":189,"column":2},"end":{"line":191,"column":3}},"type":"if","locations":[{"start":{"line":189,"column":2},"end":{"line":191,"column":3}},{"start":{"line":189,"column":2},"end":{"line":191,"column":3}}],"line":189},"27":{"loc":{"start":{"line":192,"column":2},"end":{"line":194,"column":3}},"type":"if","locations":[{"start":{"line":192,"column":2},"end":{"line":194,"column":3}},{"start":{"line":192,"column":2},"end":{"line":194,"column":3}}],"line":192},"28":{"loc":{"start":{"line":197,"column":4},"end":{"line":201,"column":5}},"type":"if","locations":[{"start":{"line":197,"column":4},"end":{"line":201,"column":5}},{"start":{"line":197,"column":4},"end":{"line":201,"column":5}}],"line":197},"29":{"loc":{"start":{"line":211,"column":2},"end":{"line":213,"column":3}},"type":"if","locations":[{"start":{"line":211,"column":2},"end":{"line":213,"column":3}},{"start":{"line":211,"column":2},"end":{"line":213,"column":3}}],"line":211},"30":{"loc":{"start":{"line":211,"column":6},"end":{"line":211,"column":28}},"type":"binary-expr","locations":[{"start":{"line":211,"column":6},"end":{"line":211,"column":14}},{"start":{"line":211,"column":18},"end":{"line":211,"column":28}}],"line":211},"31":{"loc":{"start":{"line":216,"column":2},"end":{"line":222,"column":3}},"type":"if","locations":[{"start":{"line":216,"column":2},"end":{"line":222,"column":3}},{"start":{"line":216,"column":2},"end":{"line":222,"column":3}}],"line":216},"32":{"loc":{"start":{"line":231,"column":2},"end":{"line":235,"column":3}},"type":"if","locations":[{"start":{"line":231,"column":2},"end":{"line":235,"column":3}},{"start":{"line":231,"column":2},"end":{"line":235,"column":3}}],"line":231},"33":{"loc":{"start":{"line":252,"column":4},"end":{"line":261,"column":5}},"type":"if","locations":[{"start":{"line":252,"column":4},"end":{"line":261,"column":5}},{"start":{"line":252,"column":4},"end":{"line":261,"column":5}}],"line":252},"34":{"loc":{"start":{"line":252,"column":8},"end":{"line":252,"column":31}},"type":"binary-expr","locations":[{"start":{"line":252,"column":8},"end":{"line":252,"column":19}},{"start":{"line":252,"column":23},"end":{"line":252,"column":31}}],"line":252},"35":{"loc":{"start":{"line":257,"column":6},"end":{"line":260,"column":7}},"type":"if","locations":[{"start":{"line":257,"column":6},"end":{"line":260,"column":7}},{"start":{"line":257,"column":6},"end":{"line":260,"column":7}}],"line":257},"36":{"loc":{"start":{"line":259,"column":8},"end":{"line":259,"column":43}},"type":"if","locations":[{"start":{"line":259,"column":8},"end":{"line":259,"column":43}},{"start":{"line":259,"column":8},"end":{"line":259,"column":43}}],"line":259},"37":{"loc":{"start":{"line":267,"column":20},"end":{"line":267,"column":41}},"type":"binary-expr","locations":[{"start":{"line":267,"column":20},"end":{"line":267,"column":29}},{"start":{"line":267,"column":33},"end":{"line":267,"column":41}}],"line":267},"38":{"loc":{"start":{"line":269,"column":4},"end":{"line":269,"column":51}},"type":"if","locations":[{"start":{"line":269,"column":4},"end":{"line":269,"column":51}},{"start":{"line":269,"column":4},"end":{"line":269,"column":51}}],"line":269},"39":{"loc":{"start":{"line":270,"column":4},"end":{"line":273,"column":5}},"type":"if","locations":[{"start":{"line":270,"column":4},"end":{"line":273,"column":5}},{"start":{"line":270,"column":4},"end":{"line":273,"column":5}}],"line":270},"40":{"loc":{"start":{"line":287,"column":2},"end":{"line":289,"column":3}},"type":"if","locations":[{"start":{"line":287,"column":2},"end":{"line":289,"column":3}},{"start":{"line":287,"column":2},"end":{"line":289,"column":3}}],"line":287},"41":{"loc":{"start":{"line":287,"column":6},"end":{"line":287,"column":43}},"type":"binary-expr","locations":[{"start":{"line":287,"column":6},"end":{"line":287,"column":13}},{"start":{"line":287,"column":17},"end":{"line":287,"column":43}}],"line":287},"42":{"loc":{"start":{"line":290,"column":20},"end":{"line":290,"column":58}},"type":"cond-expr","locations":[{"start":{"line":290,"column":51},"end":{"line":290,"column":53}},{"start":{"line":290,"column":56},"end":{"line":290,"column":58}}],"line":290},"43":{"loc":{"start":{"line":292,"column":4},"end":{"line":296,"column":5}},"type":"if","locations":[{"start":{"line":292,"column":4},"end":{"line":296,"column":5}},{"start":{"line":292,"column":4},"end":{"line":296,"column":5}}],"line":292},"44":{"loc":{"start":{"line":292,"column":8},"end":{"line":292,"column":56}},"type":"binary-expr","locations":[{"start":{"line":292,"column":8},"end":{"line":292,"column":20}},{"start":{"line":292,"column":24},"end":{"line":292,"column":56}}],"line":292},"45":{"loc":{"start":{"line":334,"column":2},"end":{"line":334,"column":53}},"type":"if","locations":[{"start":{"line":334,"column":2},"end":{"line":334,"column":53}},{"start":{"line":334,"column":2},"end":{"line":334,"column":53}}],"line":334},"46":{"loc":{"start":{"line":343,"column":2},"end":{"line":346,"column":3}},"type":"if","locations":[{"start":{"line":343,"column":2},"end":{"line":346,"column":3}},{"start":{"line":343,"column":2},"end":{"line":346,"column":3}}],"line":343}},"s":{"0":7,"1":1,"2":6,"3":6,"4":4,"5":2,"6":0,"7":2,"8":0,"9":2,"10":6,"11":6,"12":25,"13":25,"14":1,"15":24,"16":6,"17":7,"18":1,"19":6,"20":7,"21":7,"22":7,"23":7,"24":3,"25":4,"26":1,"27":3,"28":1,"29":2,"30":1,"31":1,"32":1,"33":0,"34":4,"35":4,"36":4,"37":4,"38":4,"39":7,"40":7,"41":7,"42":7,"43":7,"44":4,"45":0,"46":0,"47":0,"48":0,"49":0,"50":0,"51":0,"52":0,"53":0,"54":0,"55":0,"56":0,"57":0,"58":0,"59":0,"60":0,"61":0,"62":0,"63":0,"64":0,"65":0,"66":2,"67":2,"68":0,"69":2,"70":0,"71":0,"72":0,"73":0,"74":0,"75":0,"76":0,"77":0,"78":0,"79":0,"80":0,"81":0,"82":0,"83":0,"84":0,"85":0,"86":0,"87":0,"88":0,"89":0,"90":0,"91":0,"92":0,"93":0,"94":0,"95":0,"96":0,"97":0,"98":0,"99":0,"100":0,"101":0,"102":0,"103":0,"104":0,"105":0,"106":0,"107":0,"108":0,"109":0,"110":0,"111":0,"112":0,"113":8,"114":0,"115":8,"116":8,"117":17,"118":5,"119":12,"120":8,"121":4,"122":13,"123":13,"124":13,"125":0,"126":0,"127":0,"128":0,"129":0,"130":0},"f":{"0":7,"1":25,"2":7,"3":4,"4":7,"5":0,"6":0,"7":0,"8":0,"9":2,"10":0,"11":0,"12":0,"13":0,"14":0,"15":0,"16":0,"17":0,"18":8,"19":17,"20":4,"21":13,"22":0,"23":0,"24":0},"b":{"0":[1,6],"1":[6,1],"2":[4,2],"3":[0,2],"4":[2,0],"5":[0,2],"6":[2,2],"7":[1,24],"8":[1,6],"9":[3,4],"10":[1,3],"11":[1,2],"12":[1,1],"13":[1,0],"14":[0,4],"15":[0,0],"16":[0,0],"17":[0,0],"18":[0,0],"19":[0,0],"20":[0,0],"21":[0,0],"22":[0,0],"23":[0,0],"24":[0,2],"25":[0,0],"26":[0,0],"27":[0,0],"28":[0,0],"29":[0,0],"30":[0,0],"31":[0,0],"32":[0,0],"33":[0,0],"34":[0,0],"35":[0,0],"36":[0,0],"37":[0,0],"38":[0,0],"39":[0,0],"40":[0,8],"41":[8,0],"42":[3,5],"43":[5,12],"44":[17,17],"45":[0,0],"46":[0,0]},"_coverageSchema":"332fd63041d2c1bcb487cc26dd0d5f7d97098a6c","hash":"4864a9112c8bad3dd44a1faa746c896c192d1d71"}
,"C:\\Users\\jianzi\\Desktop\\softtest\\White-Jotter-master\\wj-vue\\src\\utils\\validate.js": {"path":"C:\\Users\\jianzi\\Desktop\\softtest\\White-Jotter-master\\wj-vue\\src\\utils\\validate.js","statementMap":{"0":{"start":{"line":10,"column":2},"end":{"line":10,"column":45}},"1":{"start":{"line":18,"column":20},"end":{"line":18,"column":39}},"2":{"start":{"line":19,"column":2},"end":{"line":19,"column":43}},"3":{"start":{"line":27,"column":14},"end":{"line":27,"column":330}},"4":{"start":{"line":28,"column":2},"end":{"line":28,"column":22}},"5":{"start":{"line":36,"column":14},"end":{"line":36,"column":24}},"6":{"start":{"line":37,"column":2},"end":{"line":37,"column":22}},"7":{"start":{"line":45,"column":14},"end":{"line":45,"column":24}},"8":{"start":{"line":46,"column":2},"end":{"line":46,"column":22}},"9":{"start":{"line":54,"column":14},"end":{"line":54,"column":27}},"10":{"start":{"line":55,"column":2},"end":{"line":55,"column":22}},"11":{"start":{"line":64,"column":14},"end":{"line":64,"column":167}},"12":{"start":{"line":65,"column":2},"end":{"line":65,"column":24}},"13":{"start":{"line":73,"column":2},"end":{"line":75,"column":3}},"14":{"start":{"line":74,"column":4},"end":{"line":74,"column":15}},"15":{"start":{"line":76,"column":2},"end":{"line":76,"column":14}},"16":{"start":{"line":84,"column":2},"end":{"line":86,"column":3}},"17":{"start":{"line":85,"column":4},"end":{"line":85,"column":67}},"18":{"start":{"line":87,"column":2},"end":{"line":87,"column":27}}},"fnMap":{"0":{"name":"isExternal","decl":{"start":{"line":9,"column":16},"end":{"line":9,"column":26}},"loc":{"start":{"line":9,"column":34},"end":{"line":11,"column":1}},"line":9},"1":{"name":"validUsername","decl":{"start":{"line":17,"column":16},"end":{"line":17,"column":29}},"loc":{"start":{"line":17,"column":36},"end":{"line":20,"column":1}},"line":17},"2":{"name":"validURL","decl":{"start":{"line":26,"column":16},"end":{"line":26,"column":24}},"loc":{"start":{"line":26,"column":31},"end":{"line":29,"column":1}},"line":26},"3":{"name":"validLowerCase","decl":{"start":{"line":35,"column":16},"end":{"line":35,"column":30}},"loc":{"start":{"line":35,"column":37},"end":{"line":38,"column":1}},"line":35},"4":{"name":"validUpperCase","decl":{"start":{"line":44,"column":16},"end":{"line":44,"column":30}},"loc":{"start":{"line":44,"column":37},"end":{"line":47,"column":1}},"line":44},"5":{"name":"validAlphabets","decl":{"start":{"line":53,"column":16},"end":{"line":53,"column":30}},"loc":{"start":{"line":53,"column":37},"end":{"line":56,"column":1}},"line":53},"6":{"name":"validEmail","decl":{"start":{"line":62,"column":16},"end":{"line":62,"column":26}},"loc":{"start":{"line":62,"column":35},"end":{"line":66,"column":1}},"line":62},"7":{"name":"isString","decl":{"start":{"line":72,"column":16},"end":{"line":72,"column":24}},"loc":{"start":{"line":72,"column":31},"end":{"line":77,"column":1}},"line":72},"8":{"name":"isArray","decl":{"start":{"line":83,"column":16},"end":{"line":83,"column":23}},"loc":{"start":{"line":83,"column":30},"end":{"line":88,"column":1}},"line":83}},"branchMap":{"0":{"loc":{"start":{"line":73,"column":2},"end":{"line":75,"column":3}},"type":"if","locations":[{"start":{"line":73,"column":2},"end":{"line":75,"column":3}},{"start":{"line":73,"column":2},"end":{"line":75,"column":3}}],"line":73},"1":{"loc":{"start":{"line":73,"column":6},"end":{"line":73,"column":54}},"type":"binary-expr","locations":[{"start":{"line":73,"column":6},"end":{"line":73,"column":29}},{"start":{"line":73,"column":33},"end":{"line":73,"column":54}}],"line":73},"2":{"loc":{"start":{"line":84,"column":2},"end":{"line":86,"column":3}},"type":"if","locations":[{"start":{"line":84,"column":2},"end":{"line":86,"column":3}},{"start":{"line":84,"column":2},"end":{"line":86,"column":3}}],"line":84}},"s":{"0":7,"1":6,"2":6,"3":9,"4":9,"5":7,"6":7,"7":7,"8":7,"9":8,"10":8,"11":10,"12":10,"13":10,"14":4,"15":6,"16":9,"17":0,"18":9},"f":{"0":7,"1":6,"2":9,"3":7,"4":7,"5":8,"6":10,"7":10,"8":9},"b":{"0":[4,6],"1":[10,7],"2":[0,9]},"_coverageSchema":"332fd63041d2c1bcb487cc26dd0d5f7d97098a6c","hash":"b2aa672d98d272bc260a8838bbf7945e3de60adc"}
}
