TN:
SF:C:\Users\jianzi\Desktop\softtest\White-Jotter-master\wj-vue\src\App.vue
FNF:0
FNH:0
DA:8,0
LF:1
LH:0
BRF:0
BRH:0
end_of_record
TN:
SF:C:\Users\jianzi\Desktop\softtest\White-Jotter-master\wj-vue\src\components\Home.vue
FNF:0
FNH:0
DA:9,0
LF:1
LH:0
BRF:0
BRH:0
end_of_record
TN:
SF:C:\Users\jianzi\Desktop\softtest\White-Jotter-master\wj-vue\src\components\Login.vue
FN:25,data
FN:40,login
FN:43,(anonymous_3)
FN:58,(anonymous_4)
FNF:4
FNH:0
FNDA:0,data
FNDA:0,login
FNDA:0,(anonymous_3)
FNDA:0,(anonymous_4)
DA:26,0
DA:40,0
DA:41,0
DA:42,0
DA:48,0
DA:49,0
DA:50,0
DA:51,0
DA:52,0
DA:54,0
LF:10
LH:0
BRDA:48,0,0,0
BRDA:48,0,1,0
BRDA:52,1,0,0
BRDA:52,1,1,0
BRF:4
BRH:0
end_of_record
TN:
SF:C:\Users\jianzi\Desktop\softtest\White-Jotter-master\wj-vue\src\components\Register.vue
FN:34,data
FN:52,register
FN:55,(anonymous_3)
FN:73,(anonymous_4)
FNF:4
FNH:0
FNDA:0,data
FNDA:0,register
FNDA:0,(anonymous_3)
FNDA:0,(anonymous_4)
DA:35,0
DA:52,0
DA:53,0
DA:54,0
DA:63,0
DA:64,0
DA:67,0
DA:69,0
LF:8
LH:0
BRDA:63,0,0,0
BRDA:63,0,1,0
BRF:2
BRH:0
end_of_record
TN:
SF:C:\Users\jianzi\Desktop\softtest\White-Jotter-master\wj-vue\src\components\admin\AdminIndex.vue
FN:25,data
FN:30,mounted
FNF:2
FNH:0
FNDA:0,data
FNDA:0,mounted
DA:19,0
DA:20,0
DA:26,0
LF:3
LH:0
BRF:0
BRH:0
end_of_record
TN:
SF:C:\Users\jianzi\Desktop\softtest\White-Jotter-master\wj-vue\src\components\admin\AdminMenu.vue
FN:29,data
FN:35,adminMenus
FN:38,currentPath
FNF:3
FNH:0
FNDA:0,data
FNDA:0,adminMenus
FNDA:0,currentPath
DA:30,0
DA:36,0
DA:39,0
LF:3
LH:0
BRF:0
BRH:0
end_of_record
TN:
SF:C:\Users\jianzi\Desktop\softtest\White-Jotter-master\wj-vue\src\components\admin\Header.vue
FN:17,logout
FN:19,(anonymous_2)
FN:27,(anonymous_3)
FNF:3
FNH:0
FNDA:0,logout
FNDA:0,(anonymous_2)
FNDA:0,(anonymous_3)
DA:12,0
DA:18,0
DA:19,0
DA:20,0
DA:21,0
DA:22,0
DA:24,0
DA:25,0
LF:8
LH:0
BRDA:20,0,0,0
BRDA:20,0,1,0
BRDA:20,1,0,0
BRDA:20,1,1,0
BRF:4
BRH:0
end_of_record
TN:
SF:C:\Users\jianzi\Desktop\softtest\White-Jotter-master\wj-vue\src\components\admin\content\ArticleEditor.vue
FN:57,data
FN:63,mounted
FN:69,saveArticles
FN:71,(anonymous_5)
FN:77,(anonymous_6)
FN:93,(anonymous_7)
FN:101,uploadImg
FNF:7
FNH:0
FNDA:0,data
FNDA:0,mounted
FNDA:0,saveArticles
FNDA:0,(anonymous_5)
FNDA:0,(anonymous_6)
FNDA:0,(anonymous_7)
FNDA:0,uploadImg
DA:52,0
DA:58,0
DA:64,0
DA:65,0
DA:69,0
DA:71,0
DA:76,0
DA:86,0
DA:87,0
DA:95,0
DA:102,0
LF:11
LH:0
BRDA:64,0,0,0
BRDA:64,0,1,0
BRDA:86,1,0,0
BRDA:86,1,1,0
BRDA:86,2,0,0
BRDA:86,2,1,0
BRF:6
BRH:0
end_of_record
TN:
SF:C:\Users\jianzi\Desktop\softtest\White-Jotter-master\wj-vue\src\components\admin\content\ArticleManagement.vue
FN:85,data
FN:92,mounted
FN:96,tableHeight
FN:101,loadArticles
FN:103,(anonymous_5)
FN:110,handleCurrentChange
FN:112,(anonymous_7)
FN:119,viewArticle
FN:130,editArticle
FN:140,deleteArticle
FN:141,(anonymous_11)
FN:146,(anonymous_12)
FN:152,(anonymous_13)
FNF:13
FNH:0
FNDA:0,data
FNDA:0,mounted
FNDA:0,tableHeight
FNDA:0,loadArticles
FNDA:0,(anonymous_5)
FNDA:0,handleCurrentChange
FNDA:0,(anonymous_7)
FNDA:0,viewArticle
FNDA:0,editArticle
FNDA:0,deleteArticle
FNDA:0,(anonymous_11)
FNDA:0,(anonymous_12)
FNDA:0,(anonymous_13)
DA:86,0
DA:93,0
DA:97,0
DA:102,0
DA:103,0
DA:104,0
DA:105,0
DA:106,0
DA:111,0
DA:112,0
DA:113,0
DA:114,0
DA:115,0
DA:120,0
DA:128,0
DA:131,0
DA:140,0
DA:141,0
DA:146,0
DA:148,0
DA:149,0
DA:154,0
LF:22
LH:0
BRDA:104,0,0,0
BRDA:104,0,1,0
BRDA:104,1,0,0
BRDA:104,1,1,0
BRDA:113,2,0,0
BRDA:113,2,1,0
BRDA:113,3,0,0
BRDA:113,3,1,0
BRDA:148,4,0,0
BRDA:148,4,1,0
BRDA:148,5,0,0
BRDA:148,5,1,0
BRF:12
BRH:0
end_of_record
TN:
SF:C:\Users\jianzi\Desktop\softtest\White-Jotter-master\wj-vue\src\components\admin\content\BookManagement.vue
FN:94,data
FN:99,mounted
FN:103,tableHeight
FN:108,deleteBook
FN:109,(anonymous_6)
FN:114,(anonymous_7)
FN:120,(anonymous_8)
FN:128,editBook
FN:147,loadBooks
FN:149,(anonymous_11)
FNF:10
FNH:0
FNDA:0,data
FNDA:0,mounted
FNDA:0,tableHeight
FNDA:0,deleteBook
FNDA:0,(anonymous_6)
FNDA:0,(anonymous_7)
FNDA:0,(anonymous_8)
FNDA:0,editBook
FNDA:0,loadBooks
FNDA:0,(anonymous_11)
DA:90,0
DA:95,0
DA:100,0
DA:104,0
DA:108,0
DA:109,0
DA:114,0
DA:116,0
DA:117,0
DA:122,0
DA:129,0
DA:130,0
DA:148,0
DA:149,0
DA:150,0
DA:151,0
LF:16
LH:0
BRDA:116,0,0,0
BRDA:116,0,1,0
BRDA:116,1,0,0
BRDA:116,1,1,0
BRDA:150,2,0,0
BRDA:150,2,1,0
BRDA:150,3,0,0
BRDA:150,3,1,0
BRF:8
BRH:0
end_of_record
TN:
SF:C:\Users\jianzi\Desktop\softtest\White-Jotter-master\wj-vue\src\components\admin\content\EditForm.vue
FN:55,data
FN:76,clear
FN:92,onSubmit
FN:94,(anonymous_5)
FN:110,uploadImg
FNF:5
FNH:0
FNDA:0,data
FNDA:0,clear
FNDA:0,onSubmit
FNDA:0,(anonymous_5)
FNDA:0,uploadImg
DA:51,0
DA:56,0
DA:77,0
DA:78,0
DA:92,0
DA:93,0
DA:104,0
DA:105,0
DA:106,0
DA:111,0
LF:10
LH:0
BRDA:104,0,0,0
BRDA:104,0,1,0
BRDA:104,1,0,0
BRDA:104,1,1,0
BRF:4
BRH:0
end_of_record
TN:
SF:C:\Users\jianzi\Desktop\softtest\White-Jotter-master\wj-vue\src\components\admin\content\ImgUpload.vue
FN:23,data
FN:30,handleRemove
FN:33,handlePreview
FN:38,handleExceed
FN:41,beforeRemove
FN:44,handleSuccess
FN:50,clear
FNF:7
FNH:0
FNDA:0,data
FNDA:0,handleRemove
FNDA:0,handlePreview
FNDA:0,handleExceed
FNDA:0,beforeRemove
FNDA:0,handleSuccess
FNDA:0,clear
DA:24,0
DA:31,0
DA:34,0
DA:39,0
DA:42,0
DA:45,0
DA:47,0
DA:48,0
DA:51,0
LF:9
LH:0
BRF:0
BRH:0
end_of_record
TN:
SF:C:\Users\jianzi\Desktop\softtest\White-Jotter-master\wj-vue\src\components\admin\dashboard\admin\index.vue
FN:86,data
FN:92,handleSetLineChartData
FNF:2
FNH:0
FNDA:0,data
FNDA:0,handleSetLineChartData
DA:45,0
DA:46,0
DA:47,0
DA:48,0
DA:49,0
DA:50,0
DA:51,0
DA:52,0
DA:54,0
DA:87,0
DA:93,0
LF:11
LH:0
BRF:0
BRH:0
end_of_record
TN:
SF:C:\Users\jianzi\Desktop\softtest\White-Jotter-master\wj-vue\src\components\admin\dashboard\admin\components\BarChart.vue
FN:28,data
FN:33,mounted
FN:34,(anonymous_4)
FN:38,beforeDestroy
FN:46,initChart
FNF:5
FNH:0
FNDA:0,data
FNDA:0,mounted
FNDA:0,(anonymous_4)
FNDA:0,beforeDestroy
FNDA:0,initChart
DA:6,0
DA:7,0
DA:8,0
DA:10,0
DA:29,0
DA:33,0
DA:34,0
DA:35,0
DA:39,0
DA:40,0
DA:42,0
DA:43,0
DA:47,0
DA:49,0
LF:14
LH:0
BRDA:39,0,0,0
BRDA:39,0,1,0
BRF:2
BRH:0
end_of_record
TN:
SF:C:\Users\jianzi\Desktop\softtest\White-Jotter-master\wj-vue\src\components\admin\dashboard\admin\components\BoxCard.vue
FN:38,statusFilter
FN:46,data
FNF:2
FNH:0
FNDA:0,statusFilter
FNDA:0,data
DA:30,0
DA:39,0
DA:43,0
DA:47,0
LF:4
LH:0
BRF:0
BRH:0
end_of_record
TN:
SF:C:\Users\jianzi\Desktop\softtest\White-Jotter-master\wj-vue\src\components\admin\dashboard\admin\components\LineChart.vue
FN:34,data
FN:42,handler
FN:47,mounted
FN:48,(anonymous_5)
FN:52,beforeDestroy
FN:60,initChart
FN:64,setOptions
FNF:7
FNH:0
FNDA:0,data
FNDA:0,handler
FNDA:0,mounted
FNDA:0,(anonymous_5)
FNDA:0,beforeDestroy
FNDA:0,initChart
FNDA:0,setOptions
DA:6,0
DA:7,0
DA:8,0
DA:35,0
DA:43,0
DA:47,0
DA:48,0
DA:49,0
DA:53,0
DA:54,0
DA:56,0
DA:57,0
DA:61,0
DA:62,0
DA:64,0
DA:65,0
LF:16
LH:0
BRDA:53,0,0,0
BRDA:53,0,1,0
BRDA:64,1,0,0
BRDA:64,1,1,0
BRF:4
BRH:0
end_of_record
TN:
SF:C:\Users\jianzi\Desktop\softtest\White-Jotter-master\wj-vue\src\components\admin\dashboard\admin\components\PanelGroup.vue
FN:66,handleSetLineChartData
FNF:1
FNH:0
FNDA:0,handleSetLineChartData
DA:59,0
DA:67,0
LF:2
LH:0
BRF:0
BRH:0
end_of_record
TN:
SF:C:\Users\jianzi\Desktop\softtest\White-Jotter-master\wj-vue\src\components\admin\dashboard\admin\components\PieChart.vue
FN:26,data
FN:31,mounted
FN:32,(anonymous_4)
FN:36,beforeDestroy
FN:44,initChart
FNF:5
FNH:0
FNDA:0,data
FNDA:0,mounted
FNDA:0,(anonymous_4)
FNDA:0,beforeDestroy
FNDA:0,initChart
DA:6,0
DA:7,0
DA:8,0
DA:27,0
DA:31,0
DA:32,0
DA:33,0
DA:37,0
DA:38,0
DA:40,0
DA:41,0
DA:45,0
DA:47,0
LF:13
LH:0
BRDA:37,0,0,0
BRDA:37,0,1,0
BRF:2
BRH:0
end_of_record
TN:
SF:C:\Users\jianzi\Desktop\softtest\White-Jotter-master\wj-vue\src\components\admin\dashboard\admin\components\RaddarChart.vue
FN:28,data
FN:33,mounted
FN:34,(anonymous_4)
FN:38,beforeDestroy
FN:46,initChart
FNF:5
FNH:0
FNDA:0,data
FNDA:0,mounted
FNDA:0,(anonymous_4)
FNDA:0,beforeDestroy
FNDA:0,initChart
DA:6,0
DA:7,0
DA:8,0
DA:10,0
DA:29,0
DA:33,0
DA:34,0
DA:35,0
DA:39,0
DA:40,0
DA:42,0
DA:43,0
DA:47,0
DA:49,0
LF:14
LH:0
BRDA:39,0,0,0
BRDA:39,0,1,0
BRF:2
BRH:0
end_of_record
TN:
SF:C:\Users\jianzi\Desktop\softtest\White-Jotter-master\wj-vue\src\components\admin\dashboard\admin\components\TransactionTable.vue
FN:28,statusFilter
FN:35,orderNoFilter
FN:39,data
FN:44,created
FN:48,fetchData
FNF:5
FNH:0
FNDA:0,statusFilter
FNDA:0,orderNoFilter
FNDA:0,data
FNDA:0,created
FNDA:0,fetchData
DA:29,0
DA:33,0
DA:36,0
DA:40,0
DA:45,0
LF:5
LH:0
BRF:0
BRH:0
end_of_record
TN:
SF:C:\Users\jianzi\Desktop\softtest\White-Jotter-master\wj-vue\src\components\admin\dashboard\admin\components\TodoList\Todo.vue
FN:30,focus
FN:32,(anonymous_2)
FN:41,_default
FN:46,data
FN:52,deleteTodo
FN:55,editTodo
FN:58,toggleTodo
FN:61,doneEdit
FN:76,cancelEdit
FNF:9
FNH:0
FNDA:0,focus
FNDA:0,(anonymous_2)
FNDA:0,_default
FNDA:0,data
FNDA:0,deleteTodo
FNDA:0,editTodo
FNDA:0,toggleTodo
FNDA:0,doneEdit
FNDA:0,cancelEdit
DA:30,0
DA:31,0
DA:32,0
DA:33,0
DA:42,0
DA:47,0
DA:53,0
DA:55,0
DA:56,0
DA:59,0
DA:61,0
DA:62,0
DA:64,0
DA:65,0
DA:68,0
DA:69,0
DA:73,0
DA:77,0
DA:78,0
LF:19
LH:0
BRDA:31,0,0,0
BRDA:31,0,1,0
BRDA:64,1,0,0
BRDA:64,1,1,0
BRDA:68,2,0,0
BRDA:68,2,1,0
BRF:6
BRH:0
end_of_record
TN:
SF:C:\Users\jianzi\Desktop\softtest\White-Jotter-master\wj-vue\src\components\admin\dashboard\admin\components\TodoList\index.vue
FN:45,all
FN:46,active
FN:47,completed
FN:62,pluralize
FN:63,capitalize
FN:65,data
FN:74,allChecked
FN:75,(anonymous_11)
FN:77,filteredTodos
FN:80,remaining
FN:81,(anonymous_14)
FN:85,setLocalStorage
FN:88,addTodo
FN:99,toggleTodo
FN:103,deleteTodo
FN:107,editTodo
FN:111,clearCompleted
FN:112,(anonymous_21)
FN:115,toggleAll
FN:116,(anonymous_23)
FNF:20
FNH:0
FNDA:0,all
FNDA:0,active
FNDA:0,completed
FNDA:0,pluralize
FNDA:0,capitalize
FNDA:0,data
FNDA:0,allChecked
FNDA:0,(anonymous_11)
FNDA:0,filteredTodos
FNDA:0,remaining
FNDA:0,(anonymous_14)
FNDA:0,setLocalStorage
FNDA:0,addTodo
FNDA:0,toggleTodo
FNDA:0,deleteTodo
FNDA:0,editTodo
FNDA:0,clearCompleted
FNDA:0,(anonymous_21)
FNDA:0,toggleAll
FNDA:0,(anonymous_23)
DA:41,0
DA:43,0
DA:44,0
DA:45,0
DA:46,0
DA:47,0
DA:49,0
DA:62,0
DA:63,0
DA:66,0
DA:75,0
DA:78,0
DA:81,0
DA:86,0
DA:89,0
DA:90,0
DA:91,0
DA:95,0
DA:97,0
DA:100,0
DA:101,0
DA:104,0
DA:105,0
DA:107,0
DA:108,0
DA:109,0
DA:112,0
DA:113,0
DA:115,0
DA:116,0
DA:117,0
DA:118,0
LF:32
LH:0
BRDA:62,0,0,0
BRDA:62,0,1,0
BRDA:90,1,0,0
BRDA:90,1,1,0
BRF:4
BRH:0
end_of_record
TN:
SF:C:\Users\jianzi\Desktop\softtest\White-Jotter-master\wj-vue\src\components\admin\dashboard\admin\components\mixins\resize.js
FN:3,data
FN:3,mounted
FN:11,(anonymous_2)
FN:3,beforeDestroy
FN:3,activated
FN:3,deactivated
FN:33,$_initResizeEvent
FN:33,$_destroyResizeEvent
FN:33,$_sidebarResizeHandler
FN:33,$_initSidebarResizeEvent
FN:33,$_destroySidebarResizeEvent
FNF:11
FNH:0
FNDA:0,data
FNDA:0,mounted
FNDA:0,(anonymous_2)
FNDA:0,beforeDestroy
FNDA:0,activated
FNDA:0,deactivated
FNDA:0,$_initResizeEvent
FNDA:0,$_destroyResizeEvent
FNDA:0,$_sidebarResizeHandler
FNDA:0,$_initSidebarResizeEvent
FNDA:0,$_destroySidebarResizeEvent
DA:1,0
DA:5,0
DA:10,0
DA:11,0
DA:12,0
DA:13,0
DA:16,0
DA:17,0
DA:20,0
DA:21,0
DA:26,0
DA:27,0
DA:30,0
DA:31,0
DA:37,0
DA:40,0
DA:43,0
DA:44,0
DA:48,0
DA:49,0
DA:52,0
LF:21
LH:0
BRDA:12,0,0,0
BRDA:12,0,1,0
BRDA:43,1,0,0
BRDA:43,1,1,0
BRDA:49,2,0,0
BRDA:49,2,1,0
BRDA:52,3,0,0
BRDA:52,3,1,0
BRF:8
BRH:0
end_of_record
TN:
SF:C:\Users\jianzi\Desktop\softtest\White-Jotter-master\wj-vue\src\components\admin\user\BulkRegistration.vue
FN:42,data
FN:59,clear
FN:68,register
FN:70,(anonymous_4)
FN:89,(anonymous_5)
FNF:5
FNH:0
FNDA:0,data
FNDA:0,clear
FNDA:0,register
FNDA:0,(anonymous_4)
FNDA:0,(anonymous_5)
DA:43,0
DA:60,0
DA:68,0
DA:69,0
DA:78,0
DA:79,0
DA:82,0
DA:83,0
DA:85,0
LF:9
LH:0
BRDA:78,0,0,0
BRDA:78,0,1,0
BRF:2
BRH:0
end_of_record
TN:
SF:C:\Users\jianzi\Desktop\softtest\White-Jotter-master\wj-vue\src\components\admin\user\Role.vue
FN:110,data
FN:126,mounted
FN:132,tableHeight
FN:137,listRoles
FN:139,(anonymous_6)
FN:145,listPerms
FN:147,(anonymous_8)
FN:153,listMenus
FN:155,(anonymous_10)
FN:161,commitStatusChange
FN:163,(anonymous_12)
FN:168,(anonymous_13)
FN:180,(anonymous_14)
FN:192,editRole
FN:213,onSubmit
FN:224,(anonymous_17)
FN:237,(anonymous_18)
FNF:17
FNH:0
FNDA:0,data
FNDA:0,mounted
FNDA:0,tableHeight
FNDA:0,listRoles
FNDA:0,(anonymous_6)
FNDA:0,listPerms
FNDA:0,(anonymous_8)
FNDA:0,listMenus
FNDA:0,(anonymous_10)
FNDA:0,commitStatusChange
FNDA:0,(anonymous_12)
FNDA:0,(anonymous_13)
FNDA:0,(anonymous_14)
FNDA:0,editRole
FNDA:0,onSubmit
FNDA:0,(anonymous_17)
FNDA:0,(anonymous_18)
DA:106,0
DA:111,0
DA:127,0
DA:128,0
DA:129,0
DA:133,0
DA:138,0
DA:139,0
DA:140,0
DA:141,0
DA:146,0
DA:147,0
DA:148,0
DA:149,0
DA:154,0
DA:155,0
DA:156,0
DA:157,0
DA:161,0
DA:162,0
DA:163,0
DA:168,0
DA:172,0
DA:173,0
DA:174,0
DA:176,0
DA:181,0
DA:182,0
DA:188,0
DA:189,0
DA:193,0
DA:194,0
DA:195,0
DA:196,0
DA:197,0
DA:199,0
DA:200,0
DA:201,0
DA:202,0
DA:203,0
DA:204,0
DA:207,0
DA:209,0
DA:210,0
DA:213,0
DA:214,0
DA:216,0
DA:217,0
DA:218,0
DA:219,0
DA:220,0
DA:224,0
DA:231,0
DA:232,0
DA:233,0
DA:234,0
DA:237,0
DA:240,0
DA:241,0
LF:59
LH:0
BRDA:140,0,0,0
BRDA:140,0,1,0
BRDA:140,1,0,0
BRDA:140,1,1,0
BRDA:148,2,0,0
BRDA:148,2,1,0
BRDA:148,3,0,0
BRDA:148,3,1,0
BRDA:156,4,0,0
BRDA:156,4,1,0
BRDA:156,5,0,0
BRDA:156,5,1,0
BRDA:162,6,0,0
BRDA:162,6,1,0
BRDA:172,7,0,0
BRDA:172,7,1,0
BRDA:172,8,0,0
BRDA:172,8,1,0
BRDA:173,9,0,0
BRDA:173,9,1,0
BRDA:209,10,0,0
BRDA:209,10,1,0
BRDA:219,11,0,0
BRDA:219,11,1,0
BRDA:231,12,0,0
BRDA:231,12,1,0
BRDA:231,13,0,0
BRDA:231,13,1,0
BRDA:240,14,0,0
BRDA:240,14,1,0
BRDA:240,15,0,0
BRDA:240,15,1,0
BRF:32
BRH:0
end_of_record
TN:
SF:C:\Users\jianzi\Desktop\softtest\White-Jotter-master\wj-vue\src\components\admin\user\RoleCreate.vue
FN:33,data
FN:48,clear
FN:54,createRole
FN:56,(anonymous_4)
FN:72,(anonymous_5)
FNF:5
FNH:0
FNDA:0,data
FNDA:0,clear
FNDA:0,createRole
FNDA:0,(anonymous_4)
FNDA:0,(anonymous_5)
DA:34,0
DA:49,0
DA:54,0
DA:55,0
DA:61,0
DA:62,0
DA:65,0
DA:66,0
DA:68,0
DA:74,0
LF:10
LH:0
BRDA:61,0,0,0
BRDA:61,0,1,0
BRF:2
BRH:0
end_of_record
TN:
SF:C:\Users\jianzi\Desktop\softtest\White-Jotter-master\wj-vue\src\components\admin\user\UserProfile.vue
FN:123,data
FN:132,mounted
FN:137,tableHeight
FN:142,listUsers
FN:144,(anonymous_6)
FN:150,listRoles
FN:152,(anonymous_8)
FN:158,commitStatusChange
FN:160,(anonymous_10)
FN:177,onSubmit
FN:188,(anonymous_12)
FN:205,editUser
FN:214,resetPassword
FN:215,(anonymous_15)
FNF:14
FNH:0
FNDA:0,data
FNDA:0,mounted
FNDA:0,tableHeight
FNDA:0,listUsers
FNDA:0,(anonymous_6)
FNDA:0,listRoles
FNDA:0,(anonymous_8)
FNDA:0,commitStatusChange
FNDA:0,(anonymous_10)
FNDA:0,onSubmit
FNDA:0,(anonymous_12)
FNDA:0,editUser
FNDA:0,resetPassword
FNDA:0,(anonymous_15)
DA:119,0
DA:124,0
DA:133,0
DA:134,0
DA:138,0
DA:143,0
DA:144,0
DA:145,0
DA:146,0
DA:151,0
DA:152,0
DA:153,0
DA:154,0
DA:158,0
DA:159,0
DA:160,0
DA:164,0
DA:165,0
DA:166,0
DA:168,0
DA:173,0
DA:174,0
DA:177,0
DA:178,0
DA:180,0
DA:181,0
DA:182,0
DA:183,0
DA:184,0
DA:188,0
DA:195,0
DA:196,0
DA:197,0
DA:199,0
DA:201,0
DA:206,0
DA:207,0
DA:208,0
DA:209,0
DA:210,0
DA:212,0
DA:214,0
DA:215,0
DA:218,0
DA:219,0
LF:45
LH:0
BRDA:145,0,0,0
BRDA:145,0,1,0
BRDA:145,1,0,0
BRDA:145,1,1,0
BRDA:153,2,0,0
BRDA:153,2,1,0
BRDA:153,3,0,0
BRDA:153,3,1,0
BRDA:159,4,0,0
BRDA:159,4,1,0
BRDA:164,5,0,0
BRDA:164,5,1,0
BRDA:164,6,0,0
BRDA:164,6,1,0
BRDA:165,7,0,0
BRDA:165,7,1,0
BRDA:183,8,0,0
BRDA:183,8,1,0
BRDA:195,9,0,0
BRDA:195,9,1,0
BRDA:195,10,0,0
BRDA:195,10,1,0
BRDA:218,11,0,0
BRDA:218,11,1,0
BRDA:218,12,0,0
BRDA:218,12,1,0
BRF:26
BRH:0
end_of_record
TN:
SF:C:\Users\jianzi\Desktop\softtest\White-Jotter-master\wj-vue\src\components\common\NavMenu.vue
FN:29,data
FN:41,hoverBackground
FN:44,currentPath
FNF:3
FNH:0
FNDA:0,data
FNDA:0,hoverBackground
FNDA:0,currentPath
DA:30,0
DA:42,0
DA:45,0
DA:46,0
DA:47,0
DA:49,0
LF:6
LH:0
BRDA:46,0,0,0
BRDA:46,0,1,0
BRF:2
BRH:0
end_of_record
TN:
SF:C:\Users\jianzi\Desktop\softtest\White-Jotter-master\wj-vue\src\components\home\AppIndex.vue
FNF:0
FNH:0
DA:18,0
DA:19,0
DA:20,0
DA:21,0
DA:22,0
DA:23,0
LF:6
LH:0
BRF:0
BRH:0
end_of_record
TN:
SF:C:\Users\jianzi\Desktop\softtest\White-Jotter-master\wj-vue\src\components\home\Carousel.vue
FN:53,data
FNF:1
FNH:0
FNDA:0,data
DA:54,0
LF:1
LH:0
BRF:0
BRH:0
end_of_record
TN:
SF:C:\Users\jianzi\Desktop\softtest\White-Jotter-master\wj-vue\src\components\jotter\ArticleDetails.vue
FN:18,data
FN:23,mounted
FN:27,loadArticle
FN:29,(anonymous_4)
FNF:4
FNH:0
FNDA:0,data
FNDA:0,mounted
FNDA:0,loadArticle
FNDA:0,(anonymous_4)
DA:19,0
DA:24,0
DA:28,0
DA:29,0
DA:30,0
DA:31,0
LF:6
LH:0
BRDA:30,0,0,0
BRDA:30,0,1,0
BRDA:30,1,0,0
BRDA:30,1,1,0
BRF:4
BRH:0
end_of_record
TN:
SF:C:\Users\jianzi\Desktop\softtest\White-Jotter-master\wj-vue\src\components\jotter\Articles.vue
FN:34,data
FN:41,mounted
FN:45,loadArticles
FN:47,(anonymous_4)
FN:54,handleCurrentChange
FN:56,(anonymous_6)
FNF:6
FNH:0
FNDA:0,data
FNDA:0,mounted
FNDA:0,loadArticles
FNDA:0,(anonymous_4)
FNDA:0,handleCurrentChange
FNDA:0,(anonymous_6)
DA:35,0
DA:42,0
DA:46,0
DA:47,0
DA:48,0
DA:49,0
DA:50,0
DA:55,0
DA:56,0
DA:57,0
DA:58,0
DA:59,0
LF:12
LH:0
BRDA:48,0,0,0
BRDA:48,0,1,0
BRDA:48,1,0,0
BRDA:48,1,1,0
BRDA:57,2,0,0
BRDA:57,2,1,0
BRDA:57,3,0,0
BRDA:57,3,1,0
BRF:8
BRH:0
end_of_record
TN:
SF:C:\Users\jianzi\Desktop\softtest\White-Jotter-master\wj-vue\src\components\jotter\JotterNav.vue
FN:57,handleOpen
FN:60,handleClose
FNF:2
FNH:0
FNDA:0,handleOpen
FNDA:0,handleClose
DA:58,0
DA:61,0
LF:2
LH:0
BRF:0
BRH:0
end_of_record
TN:
SF:C:\Users\jianzi\Desktop\softtest\White-Jotter-master\wj-vue\src\components\library\Books.vue
FN:48,data
FN:55,mounted
FN:59,loadBooks
FN:61,(anonymous_5)
FN:67,handleCurrentChange
FN:70,searchResult
FN:72,(anonymous_8)
FNF:7
FNH:0
FNDA:0,data
FNDA:0,mounted
FNDA:0,loadBooks
FNDA:0,(anonymous_5)
FNDA:0,handleCurrentChange
FNDA:0,searchResult
FNDA:0,(anonymous_8)
DA:42,0
DA:43,0
DA:49,0
DA:56,0
DA:60,0
DA:61,0
DA:62,0
DA:63,0
DA:68,0
DA:71,0
DA:72,0
DA:75,0
DA:76,0
LF:13
LH:0
BRDA:62,0,0,0
BRDA:62,0,1,0
BRDA:62,1,0,0
BRDA:62,1,1,0
BRDA:75,2,0,0
BRDA:75,2,1,0
BRDA:75,3,0,0
BRDA:75,3,1,0
BRF:8
BRH:0
end_of_record
TN:
SF:C:\Users\jianzi\Desktop\softtest\White-Jotter-master\wj-vue\src\components\library\LibraryIndex.vue
FN:21,listByCategory
FN:25,(anonymous_3)
FNF:2
FNH:0
FNDA:0,listByCategory
FNDA:0,(anonymous_3)
DA:14,0
DA:15,0
DA:22,0
DA:23,0
DA:24,0
DA:25,0
DA:26,0
DA:27,0
DA:28,0
LF:9
LH:0
BRDA:26,0,0,0
BRDA:26,0,1,0
BRDA:26,1,0,0
BRDA:26,1,1,0
BRF:4
BRH:0
end_of_record
TN:
SF:C:\Users\jianzi\Desktop\softtest\White-Jotter-master\wj-vue\src\components\library\SearchBar.vue
FN:18,data
FN:26,searchClick
FNF:2
FNH:0
FNDA:0,data
FNDA:0,searchClick
DA:19,0
DA:27,0
LF:2
LH:0
BRF:0
BRH:0
end_of_record
TN:
SF:C:\Users\jianzi\Desktop\softtest\White-Jotter-master\wj-vue\src\components\library\SideMenu.vue
FN:41,data
FN:47,handleSelect
FNF:2
FNH:0
FNDA:0,data
FNDA:0,handleSelect
DA:42,0
DA:48,0
DA:49,0
LF:3
LH:0
BRF:0
BRH:0
end_of_record
TN:
SF:C:\Users\jianzi\Desktop\softtest\White-Jotter-master\wj-vue\src\components\library\Tag.vue
FN:16,data
FNF:1
FNH:0
FNDA:0,data
DA:17,0
LF:1
LH:0
BRF:0
BRH:0
end_of_record
TN:
SF:C:\Users\jianzi\Desktop\softtest\White-Jotter-master\wj-vue\src\components\library\ViewSwitch.vue
FN:11,data
FNF:1
FNH:0
FNDA:0,data
DA:12,0
LF:1
LH:0
BRF:0
BRH:0
end_of_record
TN:
SF:C:\Users\jianzi\Desktop\softtest\White-Jotter-master\wj-vue\src\store\index.js
FNF:0
FNH:0
DA:4,1
DA:13,1
DA:16,2
DA:17,2
DA:21,1
DA:22,1
DA:23,1
LF:7
LH:7
BRDA:8,0,0,1
BRDA:8,0,1,0
BRDA:8,1,0,0
BRDA:8,1,1,0
BRF:4
BRH:1
end_of_record
TN:
SF:C:\Users\jianzi\Desktop\softtest\White-Jotter-master\wj-vue\src\utils\index.js
FN:11,parseTime
FN:37,(anonymous_1)
FN:51,formatTime
FN:93,getQueryObject
FN:98,(anonymous_4)
FN:112,byteLength
FN:128,cleanArray
FN:142,param
FN:145,(anonymous_8)
FN:156,param2Obj
FN:176,html2Text
FN:188,objectMerge
FN:195,(anonymous_12)
FN:210,toggleClass
FN:230,getTime
FN:244,debounce
FN:247,(anonymous_16)
FN:264,(anonymous_17)
FN:286,deepClone
FN:291,(anonymous_19)
FN:305,uniqueArr
FN:312,createUniqueString
FN:324,hasClass
FN:333,addClass
FN:342,removeClass
FNF:25
FNH:10
FNDA:7,parseTime
FNDA:25,(anonymous_1)
FNDA:7,formatTime
FNDA:4,getQueryObject
FNDA:7,(anonymous_4)
FNDA:0,byteLength
FNDA:0,cleanArray
FNDA:0,param
FNDA:0,(anonymous_8)
FNDA:2,param2Obj
FNDA:0,html2Text
FNDA:0,objectMerge
FNDA:0,(anonymous_12)
FNDA:0,toggleClass
FNDA:0,getTime
FNDA:0,debounce
FNDA:0,(anonymous_16)
FNDA:0,(anonymous_17)
FNDA:8,deepClone
FNDA:17,(anonymous_19)
FNDA:4,uniqueArr
FNDA:13,createUniqueString
FNDA:0,hasClass
FNDA:0,addClass
FNDA:0,removeClass
DA:12,7
DA:13,1
DA:15,6
DA:17,6
DA:18,4
DA:20,2
DA:21,0
DA:23,2
DA:24,0
DA:26,2
DA:28,6
DA:37,6
DA:38,25
DA:40,25
DA:41,24
DA:43,6
DA:52,7
DA:53,1
DA:55,6
DA:57,7
DA:58,7
DA:60,7
DA:62,7
DA:63,3
DA:64,4
DA:66,1
DA:67,3
DA:68,1
DA:69,2
DA:70,1
DA:72,1
DA:73,1
DA:75,0
DA:94,4
DA:95,4
DA:96,4
DA:97,4
DA:98,4
DA:99,7
DA:100,7
DA:101,7
DA:102,7
DA:103,7
DA:105,4
DA:114,0
DA:115,0
DA:116,0
DA:117,0
DA:118,0
DA:119,0
DA:121,0
DA:129,0
DA:130,0
DA:131,0
DA:132,0
DA:135,0
DA:143,0
DA:144,0
DA:146,0
DA:147,0
DA:157,2
DA:158,2
DA:159,0
DA:161,2
DA:177,0
DA:178,0
DA:179,0
DA:189,0
DA:190,0
DA:192,0
DA:193,0
DA:195,0
DA:196,0
DA:197,0
DA:198,0
DA:200,0
DA:203,0
DA:211,0
DA:212,0
DA:214,0
DA:215,0
DA:216,0
DA:217,0
DA:219,0
DA:223,0
DA:231,0
DA:232,0
DA:234,0
DA:247,0
DA:249,0
DA:252,0
DA:253,0
DA:255,0
DA:257,0
DA:258,0
DA:259,0
DA:264,0
DA:265,0
DA:266,0
DA:267,0
DA:269,0
DA:270,0
DA:271,0
DA:272,0
DA:275,0
DA:287,8
DA:288,0
DA:290,8
DA:291,8
DA:292,17
DA:293,5
DA:295,12
DA:298,8
DA:306,4
DA:313,13
DA:314,13
DA:315,13
DA:325,0
DA:334,0
DA:343,0
DA:344,0
DA:345,0
LF:122
LH:55
BRDA:12,0,0,1
BRDA:12,0,1,6
BRDA:15,1,0,6
BRDA:15,1,1,1
BRDA:17,2,0,4
BRDA:17,2,1,2
BRDA:20,3,0,0
BRDA:20,3,1,2
BRDA:20,4,0,2
BRDA:20,4,1,0
BRDA:23,5,0,0
BRDA:23,5,1,2
BRDA:23,6,0,2
BRDA:23,6,1,2
BRDA:40,7,0,1
BRDA:40,7,1,24
BRDA:52,8,0,1
BRDA:52,8,1,6
BRDA:62,9,0,3
BRDA:62,9,1,4
BRDA:64,10,0,1
BRDA:64,10,1,3
BRDA:67,11,0,1
BRDA:67,11,1,2
BRDA:69,12,0,1
BRDA:69,12,1,1
BRDA:72,13,0,1
BRDA:72,13,1,0
BRDA:94,14,0,0
BRDA:94,14,1,4
BRDA:117,15,0,0
BRDA:117,15,1,0
BRDA:117,16,0,0
BRDA:117,16,1,0
BRDA:118,17,0,0
BRDA:118,17,1,0
BRDA:118,18,0,0
BRDA:118,18,1,0
BRDA:119,19,0,0
BRDA:119,19,1,0
BRDA:119,20,0,0
BRDA:119,20,1,0
BRDA:131,21,0,0
BRDA:131,21,1,0
BRDA:143,22,0,0
BRDA:143,22,1,0
BRDA:146,23,0,0
BRDA:146,23,1,0
BRDA:158,24,0,0
BRDA:158,24,1,2
BRDA:179,25,0,0
BRDA:179,25,1,0
BRDA:189,26,0,0
BRDA:189,26,1,0
BRDA:192,27,0,0
BRDA:192,27,1,0
BRDA:197,28,0,0
BRDA:197,28,1,0
BRDA:211,29,0,0
BRDA:211,29,1,0
BRDA:211,30,0,0
BRDA:211,30,1,0
BRDA:216,31,0,0
BRDA:216,31,1,0
BRDA:231,32,0,0
BRDA:231,32,1,0
BRDA:252,33,0,0
BRDA:252,33,1,0
BRDA:252,34,0,0
BRDA:252,34,1,0
BRDA:257,35,0,0
BRDA:257,35,1,0
BRDA:259,36,0,0
BRDA:259,36,1,0
BRDA:267,37,0,0
BRDA:267,37,1,0
BRDA:269,38,0,0
BRDA:269,38,1,0
BRDA:270,39,0,0
BRDA:270,39,1,0
BRDA:287,40,0,0
BRDA:287,40,1,8
BRDA:287,41,0,8
BRDA:287,41,1,0
BRDA:290,42,0,3
BRDA:290,42,1,5
BRDA:292,43,0,5
BRDA:292,43,1,12
BRDA:292,44,0,17
BRDA:292,44,1,17
BRDA:334,45,0,0
BRDA:334,45,1,0
BRDA:343,46,0,0
BRDA:343,46,1,0
BRF:94
BRH:34
end_of_record
TN:
SF:C:\Users\jianzi\Desktop\softtest\White-Jotter-master\wj-vue\src\utils\validate.js
FN:9,isExternal
FN:17,validUsername
FN:26,validURL
FN:35,validLowerCase
FN:44,validUpperCase
FN:53,validAlphabets
FN:62,validEmail
FN:72,isString
FN:83,isArray
FNF:9
FNH:9
FNDA:7,isExternal
FNDA:6,validUsername
FNDA:9,validURL
FNDA:7,validLowerCase
FNDA:7,validUpperCase
FNDA:8,validAlphabets
FNDA:10,validEmail
FNDA:10,isString
FNDA:9,isArray
DA:10,7
DA:18,6
DA:19,6
DA:27,9
DA:28,9
DA:36,7
DA:37,7
DA:45,7
DA:46,7
DA:54,8
DA:55,8
DA:64,10
DA:65,10
DA:73,10
DA:74,4
DA:76,6
DA:84,9
DA:85,0
DA:87,9
LF:19
LH:18
BRDA:73,0,0,4
BRDA:73,0,1,6
BRDA:73,1,0,10
BRDA:73,1,1,7
BRDA:84,2,0,0
BRDA:84,2,1,9
BRF:6
BRH:5
end_of_record
