{"numFailedTestSuites":0,"numFailedTests":0,"numPassedTestSuites":20,"numPassedTests":158,"numPendingTestSuites":0,"numPendingTests":1,"numRuntimeErrorTestSuites":0,"numTotalTestSuites":20,"numTotalTests":159,"snapshot":{"added":0,"didUpdate":false,"failure":false,"filesAdded":0,"filesRemoved":0,"filesUnmatched":0,"filesUpdated":0,"matched":0,"total":0,"unchecked":0,"uncheckedKeys":[],"unmatched":0,"updated":0},"startTime":1760171413704,"success":true,"testResults":[{"assertionResults":[{"ancestorTitles":["Utils:index","parseTime"],"failureMessages":[],"fullName":"Utils:index parseTime 应该返回null当没有参数时","location":null,"status":"passed","title":"应该返回null当没有参数时"},{"ancestorTitles":["Utils:index","parseTime"],"failureMessages":[],"fullName":"Utils:index parseTime 应该格式化Date对象","location":null,"status":"passed","title":"应该格式化Date对象"},{"ancestorTitles":["Utils:index","parseTime"],"failureMessages":[],"fullName":"Utils:index parseTime 应该格式化时间戳","location":null,"status":"passed","title":"应该格式化时间戳"},{"ancestorTitles":["Utils:index","parseTime"],"failureMessages":[],"fullName":"Utils:index parseTime 应该使用默认格式","location":null,"status":"passed","title":"应该使用默认格式"},{"ancestorTitles":["Utils:index","parseTime"],"failureMessages":[],"fullName":"Utils:index parseTime 应该处理星期","location":null,"status":"passed","title":"应该处理星期"},{"ancestorTitles":["Utils:index","formatTime"],"failureMessages":[],"fullName":"Utils:index formatTime 应该返回\"刚刚\"对于30秒内的时间","location":null,"status":"passed","title":"应该返回\"刚刚\"对于30秒内的时间"},{"ancestorTitles":["Utils:index","formatTime"],"failureMessages":[],"fullName":"Utils:index formatTime 应该返回分钟数","location":null,"status":"passed","title":"应该返回分钟数"},{"ancestorTitles":["Utils:index","formatTime"],"failureMessages":[],"fullName":"Utils:index formatTime 应该返回小时数","location":null,"status":"passed","title":"应该返回小时数"},{"ancestorTitles":["Utils:index","formatTime"],"failureMessages":[],"fullName":"Utils:index formatTime 应该返回\"1天前\"","location":null,"status":"passed","title":"应该返回\"1天前\""},{"ancestorTitles":["Utils:index","formatTime"],"failureMessages":[],"fullName":"Utils:index formatTime 应该处理10位时间戳","location":null,"status":"passed","title":"应该处理10位时间戳"},{"ancestorTitles":["Utils:index","formatTime"],"failureMessages":[],"fullName":"Utils:index formatTime 应该使用自定义格式","location":null,"status":"passed","title":"应该使用自定义格式"},{"ancestorTitles":["Utils:index","getQueryObject"],"failureMessages":[],"fullName":"Utils:index getQueryObject 应该解析URL查询参数","location":null,"status":"passed","title":"应该解析URL查询参数"},{"ancestorTitles":["Utils:index","getQueryObject"],"failureMessages":[],"fullName":"Utils:index getQueryObject 应该处理没有查询参数的URL","location":null,"status":"passed","title":"应该处理没有查询参数的URL"},{"ancestorTitles":["Utils:index","getQueryObject"],"failureMessages":[],"fullName":"Utils:index getQueryObject 应该处理编码的参数","location":null,"status":"passed","title":"应该处理编码的参数"},{"ancestorTitles":["Utils:index","getQueryObject"],"failureMessages":[],"fullName":"Utils:index getQueryObject 应该处理空值参数","location":null,"status":"passed","title":"应该处理空值参数"},{"ancestorTitles":["Utils:index","param2Obj"],"failureMessages":[],"fullName":"Utils:index param2Obj 应该解析URL参数为对象","location":null,"status":"passed","title":"应该解析URL参数为对象"},{"ancestorTitles":["Utils:index","param2Obj"],"failureMessages":[],"fullName":"Utils:index param2Obj 应该处理hash路由参数","location":null,"status":"passed","title":"应该处理hash路由参数"},{"ancestorTitles":["Utils:index","debounce"],"failureMessages":[],"fullName":"Utils:index debounce 防抖函数测试需要特殊配置","location":null,"status":"pending","title":"防抖函数测试需要特殊配置"},{"ancestorTitles":["Utils:index","deepClone"],"failureMessages":[],"fullName":"Utils:index deepClone 应该深拷贝对象","location":null,"status":"passed","title":"应该深拷贝对象"},{"ancestorTitles":["Utils:index","deepClone"],"failureMessages":[],"fullName":"Utils:index deepClone 应该深拷贝数组","location":null,"status":"passed","title":"应该深拷贝数组"},{"ancestorTitles":["Utils:index","deepClone"],"failureMessages":[],"fullName":"Utils:index deepClone 应该处理嵌套对象","location":null,"status":"passed","title":"应该处理嵌套对象"},{"ancestorTitles":["Utils:index","uniqueArr"],"failureMessages":[],"fullName":"Utils:index uniqueArr 应该去除数组重复元素","location":null,"status":"passed","title":"应该去除数组重复元素"},{"ancestorTitles":["Utils:index","uniqueArr"],"failureMessages":[],"fullName":"Utils:index uniqueArr 应该处理字符串数组","location":null,"status":"passed","title":"应该处理字符串数组"},{"ancestorTitles":["Utils:index","uniqueArr"],"failureMessages":[],"fullName":"Utils:index uniqueArr 应该处理空数组","location":null,"status":"passed","title":"应该处理空数组"},{"ancestorTitles":["Utils:index","uniqueArr"],"failureMessages":[],"fullName":"Utils:index uniqueArr 应该保持原数组顺序","location":null,"status":"passed","title":"应该保持原数组顺序"},{"ancestorTitles":["Utils:index","createUniqueString"],"failureMessages":[],"fullName":"Utils:index createUniqueString 应该生成唯一字符串","location":null,"status":"passed","title":"应该生成唯一字符串"},{"ancestorTitles":["Utils:index","createUniqueString"],"failureMessages":[],"fullName":"Utils:index createUniqueString 应该生成包含时间戳的字符串","location":null,"status":"passed","title":"应该生成包含时间戳的字符串"},{"ancestorTitles":["Utils:index","createUniqueString"],"failureMessages":[],"fullName":"Utils:index createUniqueString 应该每次调用生成不同的字符串","location":null,"status":"passed","title":"应该每次调用生成不同的字符串"}],"endTime":1760171416032,"message":"","name":"C:\\Users\\jianzi\\Desktop\\softtest\\White-Jotter-master\\wj-vue\\test\\unit\\specs\\utils.spec.js","startTime":1760171415093,"status":"passed","summary":""},{"assertionResults":[{"ancestorTitles":["NavMenu.vue"],"failureMessages":[],"fullName":"NavMenu.vue 应该正确渲染组件","location":null,"status":"passed","title":"应该正确渲染组件"},{"ancestorTitles":["NavMenu.vue"],"failureMessages":[],"fullName":"NavMenu.vue 应该渲染导航菜单","location":null,"status":"passed","title":"应该渲染导航菜单"},{"ancestorTitles":["NavMenu.vue"],"failureMessages":[],"fullName":"NavMenu.vue 应该包含4个菜单项","location":null,"status":"passed","title":"应该包含4个菜单项"},{"ancestorTitles":["NavMenu.vue"],"failureMessages":[],"fullName":"NavMenu.vue 应该有navList数据","location":null,"status":"passed","title":"应该有navList数据"},{"ancestorTitles":["NavMenu.vue"],"failureMessages":[],"fullName":"NavMenu.vue 应该包含搜索输入框","location":null,"status":"passed","title":"应该包含搜索输入框"},{"ancestorTitles":["NavMenu.vue"],"failureMessages":[],"fullName":"NavMenu.vue 应该有keywords数据属性","location":null,"status":"passed","title":"应该有keywords数据属性"},{"ancestorTitles":["NavMenu.vue"],"failureMessages":[],"fullName":"NavMenu.vue 应该有currentPath计算属性","location":null,"status":"passed","title":"应该有currentPath计算属性"}],"endTime":1760171417748,"message":"","name":"C:\\Users\\jianzi\\Desktop\\softtest\\White-Jotter-master\\wj-vue\\test\\unit\\specs\\NavMenu.spec.js","startTime":1760171416093,"status":"passed","summary":""},{"assertionResults":[{"ancestorTitles":["Register.vue"],"failureMessages":[],"fullName":"Register.vue 应该正确渲染组件","location":null,"status":"passed","title":"应该正确渲染组件"},{"ancestorTitles":["Register.vue"],"failureMessages":[],"fullName":"Register.vue 应该有5个输入框","location":null,"status":"passed","title":"应该有5个输入框"},{"ancestorTitles":["Register.vue"],"failureMessages":[],"fullName":"Register.vue 应该渲染注册按钮","location":null,"status":"passed","title":"应该渲染注册按钮"},{"ancestorTitles":["Register.vue"],"failureMessages":[],"fullName":"Register.vue 应该有正确的初始数据","location":null,"status":"passed","title":"应该有正确的初始数据"},{"ancestorTitles":["Register.vue"],"failureMessages":[],"fullName":"Register.vue 应该有表单验证规则","location":null,"status":"passed","title":"应该有表单验证规则"},{"ancestorTitles":["Register.vue"],"failureMessages":[],"fullName":"Register.vue 应该绑定用户名输入框","location":null,"status":"passed","title":"应该绑定用户名输入框"},{"ancestorTitles":["Register.vue"],"failureMessages":[],"fullName":"Register.vue 应该绑定密码输入框","location":null,"status":"passed","title":"应该绑定密码输入框"},{"ancestorTitles":["Register.vue"],"failureMessages":[],"fullName":"Register.vue 提交注册时应该调用 API","location":null,"status":"passed","title":"提交注册时应该调用 API"},{"ancestorTitles":["Register.vue"],"failureMessages":[],"fullName":"Register.vue 注册成功应该跳转到登录页","location":null,"status":"passed","title":"注册成功应该跳转到登录页"},{"ancestorTitles":["Register.vue"],"failureMessages":[],"fullName":"Register.vue 注册失败应该显示错误信息","location":null,"status":"passed","title":"注册失败应该显示错误信息"}],"endTime":1760171418580,"message":"","name":"C:\\Users\\jianzi\\Desktop\\softtest\\White-Jotter-master\\wj-vue\\test\\unit\\specs\\Register.spec.js","startTime":1760171417802,"status":"passed","summary":""},{"assertionResults":[{"ancestorTitles":["ArticleEditor.vue"],"failureMessages":[],"fullName":"ArticleEditor.vue should render article editor","location":null,"status":"passed","title":"should render article editor"},{"ancestorTitles":["ArticleEditor.vue"],"failureMessages":[],"fullName":"ArticleEditor.vue should initialize with empty article","location":null,"status":"passed","title":"should initialize with empty article"},{"ancestorTitles":["ArticleEditor.vue"],"failureMessages":[],"fullName":"ArticleEditor.vue should load article from route params","location":null,"status":"passed","title":"should load article from route params"},{"ancestorTitles":["ArticleEditor.vue"],"failureMessages":[],"fullName":"ArticleEditor.vue should save article successfully","location":null,"status":"passed","title":"should save article successfully"},{"ancestorTitles":["ArticleEditor.vue"],"failureMessages":[],"fullName":"ArticleEditor.vue should handle save cancellation","location":null,"status":"passed","title":"should handle save cancellation"},{"ancestorTitles":["ArticleEditor.vue"],"failureMessages":[],"fullName":"ArticleEditor.vue should open dialog for abstract and cover","location":null,"status":"passed","title":"should open dialog for abstract and cover"},{"ancestorTitles":["ArticleEditor.vue"],"failureMessages":[],"fullName":"ArticleEditor.vue should upload image and update cover","location":null,"status":"passed","title":"should upload image and update cover"}],"endTime":1760171419207,"message":"","name":"C:\\Users\\jianzi\\Desktop\\softtest\\White-Jotter-master\\wj-vue\\test\\unit\\specs\\ArticleEditor.spec.js","startTime":1760171418626,"status":"passed","summary":""},{"assertionResults":[{"ancestorTitles":["Login.vue"],"failureMessages":[],"fullName":"Login.vue should render login form","location":null,"status":"passed","title":"should render login form"},{"ancestorTitles":["Login.vue"],"failureMessages":[],"fullName":"Login.vue should validate required fields","location":null,"status":"passed","title":"should validate required fields"},{"ancestorTitles":["Login.vue"],"failureMessages":[],"fullName":"Login.vue should handle successful login","location":null,"status":"passed","title":"should handle successful login"},{"ancestorTitles":["Login.vue"],"failureMessages":[],"fullName":"Login.vue should handle failed login","location":null,"status":"passed","title":"should handle failed login"},{"ancestorTitles":["Login.vue"],"failureMessages":[],"fullName":"Login.vue should have remember password checkbox","location":null,"status":"passed","title":"should have remember password checkbox"}],"endTime":1760171419703,"message":"","name":"C:\\Users\\jianzi\\Desktop\\softtest\\White-Jotter-master\\wj-vue\\test\\unit\\specs\\Login.spec.js","startTime":1760171419247,"status":"passed","summary":""},{"assertionResults":[{"ancestorTitles":["Books.vue"],"failureMessages":[],"fullName":"Books.vue should render books component","location":null,"status":"passed","title":"should render books component"},{"ancestorTitles":["Books.vue"],"failureMessages":[],"fullName":"Books.vue should load books on mount","location":null,"status":"passed","title":"should load books on mount"},{"ancestorTitles":["Books.vue"],"failureMessages":[],"fullName":"Books.vue should handle page change","location":null,"status":"passed","title":"should handle page change"},{"ancestorTitles":["Books.vue"],"failureMessages":[],"fullName":"Books.vue should search books with keywords","location":null,"status":"passed","title":"should search books with keywords"},{"ancestorTitles":["Books.vue"],"failureMessages":[],"fullName":"Books.vue should paginate books correctly","location":null,"status":"passed","title":"should paginate books correctly"}],"endTime":1760171420182,"message":"","name":"C:\\Users\\jianzi\\Desktop\\softtest\\White-Jotter-master\\wj-vue\\test\\unit\\specs\\Books.spec.js","startTime":1760171419747,"status":"passed","summary":""},{"assertionResults":[{"ancestorTitles":["JotterNav.vue"],"failureMessages":[],"fullName":"JotterNav.vue 应该正确渲染组件","location":null,"status":"passed","title":"应该正确渲染组件"},{"ancestorTitles":["JotterNav.vue"],"failureMessages":[],"fullName":"JotterNav.vue 应该渲染ElMenu组件","location":null,"status":"passed","title":"应该渲染ElMenu组件"},{"ancestorTitles":["JotterNav.vue"],"failureMessages":[],"fullName":"JotterNav.vue ElMenu应该有正确的背景色","location":null,"status":"passed","title":"ElMenu应该有正确的背景色"},{"ancestorTitles":["JotterNav.vue"],"failureMessages":[],"fullName":"JotterNav.vue 应该包含ElSubmenu组件","location":null,"status":"passed","title":"应该包含ElSubmenu组件"},{"ancestorTitles":["JotterNav.vue"],"failureMessages":[],"fullName":"JotterNav.vue 应该包含多个ElMenuItem","location":null,"status":"passed","title":"应该包含多个ElMenuItem"},{"ancestorTitles":["JotterNav.vue"],"failureMessages":[],"fullName":"JotterNav.vue 应该有handleOpen方法","location":null,"status":"passed","title":"应该有handleOpen方法"},{"ancestorTitles":["JotterNav.vue"],"failureMessages":[],"fullName":"JotterNav.vue 应该有handleClose方法","location":null,"status":"passed","title":"应该有handleClose方法"},{"ancestorTitles":["JotterNav.vue"],"failureMessages":[],"fullName":"JotterNav.vue 应该渲染标题\"科目\"","location":null,"status":"passed","title":"应该渲染标题\"科目\""}],"endTime":1760171420729,"message":"","name":"C:\\Users\\jianzi\\Desktop\\softtest\\White-Jotter-master\\wj-vue\\test\\unit\\specs\\JotterNav.spec.js","startTime":1760171420222,"status":"passed","summary":""},{"assertionResults":[{"ancestorTitles":["Articles.vue"],"failureMessages":[],"fullName":"Articles.vue 应该正确渲染组件","location":null,"status":"passed","title":"应该正确渲染组件"},{"ancestorTitles":["Articles.vue"],"failureMessages":[],"fullName":"Articles.vue 应该有articles数据数组","location":null,"status":"passed","title":"应该有articles数据数组"},{"ancestorTitles":["Articles.vue"],"failureMessages":[],"fullName":"Articles.vue 应该有pageSize和total数据","location":null,"status":"passed","title":"应该有pageSize和total数据"},{"ancestorTitles":["Articles.vue"],"failureMessages":[],"fullName":"Articles.vue mounted时应该调用loadArticles","location":null,"status":"passed","title":"mounted时应该调用loadArticles"},{"ancestorTitles":["Articles.vue"],"failureMessages":[],"fullName":"Articles.vue loadArticles应该加载文章列表","location":null,"status":"passed","title":"loadArticles应该加载文章列表"},{"ancestorTitles":["Articles.vue"],"failureMessages":[],"fullName":"Articles.vue handleCurrentChange应该加载指定页的文章","location":null,"status":"passed","title":"handleCurrentChange应该加载指定页的文章"},{"ancestorTitles":["Articles.vue"],"failureMessages":[],"fullName":"Articles.vue 应该渲染ElCard组件","location":null,"status":"passed","title":"应该渲染ElCard组件"},{"ancestorTitles":["Articles.vue"],"failureMessages":[],"fullName":"Articles.vue 应该渲染分页组件","location":null,"status":"passed","title":"应该渲染分页组件"},{"ancestorTitles":["Articles.vue"],"failureMessages":[],"fullName":"Articles.vue 分页组件应该有正确的props","location":null,"status":"passed","title":"分页组件应该有正确的props"}],"endTime":1760171421204,"message":"","name":"C:\\Users\\jianzi\\Desktop\\softtest\\White-Jotter-master\\wj-vue\\test\\unit\\specs\\Articles.spec.js","startTime":1760171420768,"status":"passed","summary":""},{"assertionResults":[{"ancestorTitles":["Home.vue"],"failureMessages":[],"fullName":"Home.vue 应该正确渲染组件","location":null,"status":"passed","title":"应该正确渲染组件"},{"ancestorTitles":["Home.vue"],"failureMessages":[],"fullName":"Home.vue 应该包含NavMenu组件","location":null,"status":"passed","title":"应该包含NavMenu组件"},{"ancestorTitles":["Home.vue"],"failureMessages":[],"fullName":"Home.vue 应该有nav-menu样式类","location":null,"status":"passed","title":"应该有nav-menu样式类"}],"endTime":1760171421452,"message":"","name":"C:\\Users\\jianzi\\Desktop\\softtest\\White-Jotter-master\\wj-vue\\test\\unit\\specs\\Home.spec.js","startTime":1760171421243,"status":"passed","summary":""},{"assertionResults":[{"ancestorTitles":["AdminMenu.vue"],"failureMessages":[],"fullName":"AdminMenu.vue should render admin menu","location":null,"status":"passed","title":"should render admin menu"},{"ancestorTitles":["AdminMenu.vue"],"failureMessages":[],"fullName":"AdminMenu.vue should display correct menu items","location":null,"status":"passed","title":"should display correct menu items"},{"ancestorTitles":["AdminMenu.vue"],"failureMessages":[],"fullName":"AdminMenu.vue should highlight current route","location":null,"status":"passed","title":"should highlight current route"},{"ancestorTitles":["AdminMenu.vue"],"failureMessages":[],"fullName":"AdminMenu.vue should render submenu items correctly","location":null,"status":"passed","title":"should render submenu items correctly"},{"ancestorTitles":["AdminMenu.vue"],"failureMessages":[],"fullName":"AdminMenu.vue should not collapse by default","location":null,"status":"passed","title":"should not collapse by default"}],"endTime":1760171421926,"message":"","name":"C:\\Users\\jianzi\\Desktop\\softtest\\White-Jotter-master\\wj-vue\\test\\unit\\specs\\AdminMenu.spec.js","startTime":1760171421511,"status":"passed","summary":""},{"assertionResults":[{"ancestorTitles":["Tag.vue"],"failureMessages":[],"fullName":"Tag.vue 应该正确渲染组件","location":null,"status":"passed","title":"应该正确渲染组件"},{"ancestorTitles":["Tag.vue"],"failureMessages":[],"fullName":"Tag.vue 应该渲染5个标签","location":null,"status":"passed","title":"应该渲染5个标签"},{"ancestorTitles":["Tag.vue"],"failureMessages":[],"fullName":"Tag.vue 应该包含正确的标签名称","location":null,"status":"passed","title":"应该包含正确的标签名称"},{"ancestorTitles":["Tag.vue"],"failureMessages":[],"fullName":"Tag.vue 应该为每个标签设置不同的类型","location":null,"status":"passed","title":"应该为每个标签设置不同的类型"},{"ancestorTitles":["Tag.vue"],"failureMessages":[],"fullName":"Tag.vue 所有标签应该可关闭","location":null,"status":"passed","title":"所有标签应该可关闭"}],"endTime":1760171422256,"message":"","name":"C:\\Users\\jianzi\\Desktop\\softtest\\White-Jotter-master\\wj-vue\\test\\unit\\specs\\Tag.spec.js","startTime":1760171421975,"status":"passed","summary":""},{"assertionResults":[{"ancestorTitles":["UpdateCard.vue"],"failureMessages":[],"fullName":"UpdateCard.vue 应该正确渲染组件","location":null,"status":"passed","title":"应该正确渲染组件"},{"ancestorTitles":["UpdateCard.vue"],"failureMessages":[],"fullName":"UpdateCard.vue 应该渲染ElCard组件","location":null,"status":"passed","title":"应该渲染ElCard组件"},{"ancestorTitles":["UpdateCard.vue"],"failureMessages":[],"fullName":"UpdateCard.vue 应该包含\"最近更新\"标题","location":null,"status":"passed","title":"应该包含\"最近更新\"标题"},{"ancestorTitles":["UpdateCard.vue"],"failureMessages":[],"fullName":"UpdateCard.vue 应该渲染ElTimeline组件","location":null,"status":"passed","title":"应该渲染ElTimeline组件"},{"ancestorTitles":["UpdateCard.vue"],"failureMessages":[],"fullName":"UpdateCard.vue 应该包含5个时间线项目","location":null,"status":"passed","title":"应该包含5个时间线项目"},{"ancestorTitles":["UpdateCard.vue"],"failureMessages":[],"fullName":"UpdateCard.vue 应该包含更新内容","location":null,"status":"passed","title":"应该包含更新内容"},{"ancestorTitles":["UpdateCard.vue"],"failureMessages":[],"fullName":"UpdateCard.vue 应该包含时间戳","location":null,"status":"passed","title":"应该包含时间戳"},{"ancestorTitles":["UpdateCard.vue"],"failureMessages":[],"fullName":"UpdateCard.vue 应该包含提交者信息","location":null,"status":"passed","title":"应该包含提交者信息"}],"endTime":1760171422671,"message":"","name":"C:\\Users\\jianzi\\Desktop\\softtest\\White-Jotter-master\\wj-vue\\test\\unit\\specs\\UpdateCard.spec.js","startTime":1760171422295,"status":"passed","summary":""},{"assertionResults":[{"ancestorTitles":["SearchBar.vue"],"failureMessages":[],"fullName":"SearchBar.vue 应该正确渲染组件","location":null,"status":"passed","title":"应该正确渲染组件"},{"ancestorTitles":["SearchBar.vue"],"failureMessages":[],"fullName":"SearchBar.vue 应该渲染搜索输入框","location":null,"status":"passed","title":"应该渲染搜索输入框"},{"ancestorTitles":["SearchBar.vue"],"failureMessages":[],"fullName":"SearchBar.vue 应该渲染搜索按钮","location":null,"status":"passed","title":"应该渲染搜索按钮"},{"ancestorTitles":["SearchBar.vue"],"failureMessages":[],"fullName":"SearchBar.vue 应该双向绑定 keywords","location":null,"status":"passed","title":"应该双向绑定 keywords"},{"ancestorTitles":["SearchBar.vue"],"failureMessages":[],"fullName":"SearchBar.vue 点击搜索按钮应该触发 onSearch 事件","location":null,"status":"passed","title":"点击搜索按钮应该触发 onSearch 事件"},{"ancestorTitles":["SearchBar.vue"],"failureMessages":[],"fullName":"SearchBar.vue 按 Enter 键应该触发 onSearch 事件","location":null,"status":"passed","title":"按 Enter 键应该触发 onSearch 事件"},{"ancestorTitles":["SearchBar.vue"],"failureMessages":[],"fullName":"SearchBar.vue 应该有正确的初始数据","location":null,"status":"passed","title":"应该有正确的初始数据"}],"endTime":1760171423003,"message":"","name":"C:\\Users\\jianzi\\Desktop\\softtest\\White-Jotter-master\\wj-vue\\test\\unit\\specs\\SearchBar.spec.js","startTime":1760171422709,"status":"passed","summary":""},{"assertionResults":[{"ancestorTitles":["Slogan.vue"],"failureMessages":[],"fullName":"Slogan.vue 应该正确渲染组件","location":null,"status":"passed","title":"应该正确渲染组件"},{"ancestorTitles":["Slogan.vue"],"failureMessages":[],"fullName":"Slogan.vue 应该渲染ElCard组件","location":null,"status":"passed","title":"应该渲染ElCard组件"},{"ancestorTitles":["Slogan.vue"],"failureMessages":[],"fullName":"Slogan.vue 应该包含Slogan文本","location":null,"status":"passed","title":"应该包含Slogan文本"},{"ancestorTitles":["Slogan.vue"],"failureMessages":[],"fullName":"Slogan.vue 应该包含GitHub链接","location":null,"status":"passed","title":"应该包含GitHub链接"},{"ancestorTitles":["Slogan.vue"],"failureMessages":[],"fullName":"Slogan.vue 应该包含CSDN链接","location":null,"status":"passed","title":"应该包含CSDN链接"}],"endTime":1760171423276,"message":"","name":"C:\\Users\\jianzi\\Desktop\\softtest\\White-Jotter-master\\wj-vue\\test\\unit\\specs\\Slogan.spec.js","startTime":1760171423043,"status":"passed","summary":""},{"assertionResults":[{"ancestorTitles":["QuickNav.vue"],"failureMessages":[],"fullName":"QuickNav.vue 应该正确渲染组件","location":null,"status":"passed","title":"应该正确渲染组件"},{"ancestorTitles":["QuickNav.vue"],"failureMessages":[],"fullName":"QuickNav.vue 应该有quick-nav样式类","location":null,"status":"passed","title":"应该有quick-nav样式类"},{"ancestorTitles":["QuickNav.vue"],"failureMessages":[],"fullName":"QuickNav.vue 应该包含4张图片","location":null,"status":"passed","title":"应该包含4张图片"},{"ancestorTitles":["QuickNav.vue"],"failureMessages":[],"fullName":"QuickNav.vue 应该包含monster图片","location":null,"status":"passed","title":"应该包含monster图片"},{"ancestorTitles":["QuickNav.vue"],"failureMessages":[],"fullName":"QuickNav.vue 应该包含readme图片","location":null,"status":"passed","title":"应该包含readme图片"},{"ancestorTitles":["QuickNav.vue"],"failureMessages":[],"fullName":"QuickNav.vue 应该包含logo图片","location":null,"status":"passed","title":"应该包含logo图片"},{"ancestorTitles":["QuickNav.vue"],"failureMessages":[],"fullName":"QuickNav.vue 应该包含GitHub README链接","location":null,"status":"passed","title":"应该包含GitHub README链接"}],"endTime":1760171423595,"message":"","name":"C:\\Users\\jianzi\\Desktop\\softtest\\White-Jotter-master\\wj-vue\\test\\unit\\specs\\QuickNav.spec.js","startTime":1760171423314,"status":"passed","summary":""},{"assertionResults":[{"ancestorTitles":["SideMenu.vue"],"failureMessages":[],"fullName":"SideMenu.vue 应该正确渲染组件","location":null,"status":"passed","title":"应该正确渲染组件"},{"ancestorTitles":["SideMenu.vue"],"failureMessages":[],"fullName":"SideMenu.vue 应该包含侧边栏内容","location":null,"status":"passed","title":"应该包含侧边栏内容"},{"ancestorTitles":["SideMenu.vue"],"failureMessages":[],"fullName":"SideMenu.vue 应该有默认的active索引","location":null,"status":"passed","title":"应该有默认的active索引"},{"ancestorTitles":["SideMenu.vue"],"failureMessages":[],"fullName":"SideMenu.vue 应该渲染菜单项","location":null,"status":"passed","title":"应该渲染菜单项"}],"endTime":1760171423930,"message":"","name":"C:\\Users\\jianzi\\Desktop\\softtest\\White-Jotter-master\\wj-vue\\test\\unit\\specs\\SideMenu.spec.js","startTime":1760171423640,"status":"passed","summary":""},{"assertionResults":[{"ancestorTitles":["ViewSwitch.vue"],"failureMessages":[],"fullName":"ViewSwitch.vue 应该正确渲染组件","location":null,"status":"passed","title":"应该正确渲染组件"},{"ancestorTitles":["ViewSwitch.vue"],"failureMessages":[],"fullName":"ViewSwitch.vue 应该渲染ElSwitch组件","location":null,"status":"passed","title":"应该渲染ElSwitch组件"},{"ancestorTitles":["ViewSwitch.vue"],"failureMessages":[],"fullName":"ViewSwitch.vue 应该有value数据属性","location":null,"status":"passed","title":"应该有value数据属性"},{"ancestorTitles":["ViewSwitch.vue"],"failureMessages":[],"fullName":"ViewSwitch.vue value默认应该为true","location":null,"status":"passed","title":"value默认应该为true"},{"ancestorTitles":["ViewSwitch.vue"],"failureMessages":[],"fullName":"ViewSwitch.vue 应该能切换value的值","location":null,"status":"passed","title":"应该能切换value的值"}],"endTime":1760171424231,"message":"","name":"C:\\Users\\jianzi\\Desktop\\softtest\\White-Jotter-master\\wj-vue\\test\\unit\\specs\\ViewSwitch.spec.js","startTime":1760171423968,"status":"passed","summary":""},{"assertionResults":[{"ancestorTitles":["Vuex Store"],"failureMessages":[],"fullName":"Vuex Store should initialize with empty username","location":null,"status":"passed","title":"should initialize with empty username"},{"ancestorTitles":["Vuex Store"],"failureMessages":[],"fullName":"Vuex Store should commit login mutation","location":null,"status":"passed","title":"should commit login mutation"},{"ancestorTitles":["Vuex Store"],"failureMessages":[],"fullName":"Vuex Store should commit logout mutation","location":null,"status":"passed","title":"should commit logout mutation"},{"ancestorTitles":["Vuex Store"],"failureMessages":[],"fullName":"Vuex Store should initialize admin menus","location":null,"status":"passed","title":"should initialize admin menus"},{"ancestorTitles":["Vuex Store"],"failureMessages":[],"fullName":"Vuex Store should restore username from localStorage","location":null,"status":"passed","title":"should restore username from localStorage"}],"endTime":1760171424360,"message":"","name":"C:\\Users\\jianzi\\Desktop\\softtest\\White-Jotter-master\\wj-vue\\test\\unit\\specs\\store.spec.js","startTime":1760171424275,"status":"passed","summary":""},{"assertionResults":[{"ancestorTitles":["Utils:validate","isExternal"],"failureMessages":[],"fullName":"Utils:validate isExternal 应该识别外部链接","location":null,"status":"passed","title":"应该识别外部链接"},{"ancestorTitles":["Utils:validate","isExternal"],"failureMessages":[],"fullName":"Utils:validate isExternal 应该识别内部链接","location":null,"status":"passed","title":"应该识别内部链接"},{"ancestorTitles":["Utils:validate","validUsername"],"failureMessages":[],"fullName":"Utils:validate validUsername 应该验证有效的用户名","location":null,"status":"passed","title":"应该验证有效的用户名"},{"ancestorTitles":["Utils:validate","validUsername"],"failureMessages":[],"fullName":"Utils:validate validUsername 应该拒绝无效的用户名","location":null,"status":"passed","title":"应该拒绝无效的用户名"},{"ancestorTitles":["Utils:validate","validURL"],"failureMessages":[],"fullName":"Utils:validate validURL 应该验证有效的URL","location":null,"status":"passed","title":"应该验证有效的URL"},{"ancestorTitles":["Utils:validate","validURL"],"failureMessages":[],"fullName":"Utils:validate validURL 应该拒绝无效的URL","location":null,"status":"passed","title":"应该拒绝无效的URL"},{"ancestorTitles":["Utils:validate","validLowerCase"],"failureMessages":[],"fullName":"Utils:validate validLowerCase 应该验证全小写字符串","location":null,"status":"passed","title":"应该验证全小写字符串"},{"ancestorTitles":["Utils:validate","validLowerCase"],"failureMessages":[],"fullName":"Utils:validate validLowerCase 应该拒绝非全小写字符串","location":null,"status":"passed","title":"应该拒绝非全小写字符串"},{"ancestorTitles":["Utils:validate","validUpperCase"],"failureMessages":[],"fullName":"Utils:validate validUpperCase 应该验证全大写字符串","location":null,"status":"passed","title":"应该验证全大写字符串"},{"ancestorTitles":["Utils:validate","validUpperCase"],"failureMessages":[],"fullName":"Utils:validate validUpperCase 应该拒绝非全大写字符串","location":null,"status":"passed","title":"应该拒绝非全大写字符串"},{"ancestorTitles":["Utils:validate","validAlphabets"],"failureMessages":[],"fullName":"Utils:validate validAlphabets 应该验证纯字母字符串","location":null,"status":"passed","title":"应该验证纯字母字符串"},{"ancestorTitles":["Utils:validate","validAlphabets"],"failureMessages":[],"fullName":"Utils:validate validAlphabets 应该拒绝包含非字母的字符串","location":null,"status":"passed","title":"应该拒绝包含非字母的字符串"},{"ancestorTitles":["Utils:validate","validEmail"],"failureMessages":[],"fullName":"Utils:validate validEmail 应该验证有效的邮箱地址","location":null,"status":"passed","title":"应该验证有效的邮箱地址"},{"ancestorTitles":["Utils:validate","validEmail"],"failureMessages":[],"fullName":"Utils:validate validEmail 应该拒绝无效的邮箱地址","location":null,"status":"passed","title":"应该拒绝无效的邮箱地址"},{"ancestorTitles":["Utils:validate","isString"],"failureMessages":[],"fullName":"Utils:validate isString 应该识别字符串","location":null,"status":"passed","title":"应该识别字符串"},{"ancestorTitles":["Utils:validate","isString"],"failureMessages":[],"fullName":"Utils:validate isString 应该识别非字符串","location":null,"status":"passed","title":"应该识别非字符串"},{"ancestorTitles":["Utils:validate","isArray"],"failureMessages":[],"fullName":"Utils:validate isArray 应该识别数组","location":null,"status":"passed","title":"应该识别数组"},{"ancestorTitles":["Utils:validate","isArray"],"failureMessages":[],"fullName":"Utils:validate isArray 应该识别非数组","location":null,"status":"passed","title":"应该识别非数组"}],"endTime":1760171424488,"message":"","name":"C:\\Users\\jianzi\\Desktop\\softtest\\White-Jotter-master\\wj-vue\\test\\unit\\specs\\validate.spec.js","startTime":1760171424407,"status":"passed","summary":""},{"assertionResults":[{"ancestorTitles":["测试环境验证"],"failureMessages":[],"fullName":"测试环境验证 应该能够运行基本的测试","location":null,"status":"passed","title":"应该能够运行基本的测试"},{"ancestorTitles":["测试环境验证"],"failureMessages":[],"fullName":"测试环境验证 应该能够进行数学运算","location":null,"status":"passed","title":"应该能够进行数学运算"},{"ancestorTitles":["测试环境验证"],"failureMessages":[],"fullName":"测试环境验证 应该能够测试数组","location":null,"status":"passed","title":"应该能够测试数组"},{"ancestorTitles":["测试环境验证"],"failureMessages":[],"fullName":"测试环境验证 应该能够测试对象","location":null,"status":"passed","title":"应该能够测试对象"},{"ancestorTitles":["测试环境验证"],"failureMessages":[],"fullName":"测试环境验证 应该能够测试异步代码","location":null,"status":"passed","title":"应该能够测试异步代码"},{"ancestorTitles":["localStorage mock 测试"],"failureMessages":[],"fullName":"localStorage mock 测试 应该能够 mock localStorage.setItem","location":null,"status":"passed","title":"应该能够 mock localStorage.setItem"},{"ancestorTitles":["localStorage mock 测试"],"failureMessages":[],"fullName":"localStorage mock 测试 应该能够 mock localStorage.getItem","location":null,"status":"passed","title":"应该能够 mock localStorage.getItem"},{"ancestorTitles":["localStorage mock 测试"],"failureMessages":[],"fullName":"localStorage mock 测试 应该能够 mock localStorage.removeItem","location":null,"status":"passed","title":"应该能够 mock localStorage.removeItem"}],"endTime":1760171424602,"message":"","name":"C:\\Users\\jianzi\\Desktop\\softtest\\White-Jotter-master\\wj-vue\\test\\unit\\specs\\basic.spec.js","startTime":1760171424531,"status":"passed","summary":""}],"wasInterrupted":false,"coverageMap":{"C:\\Users\\jianzi\\Desktop\\softtest\\White-Jotter-master\\wj-vue\\src\\utils\\index.js":{"path":"C:\\Users\\jianzi\\Desktop\\softtest\\White-Jotter-master\\wj-vue\\src\\utils\\index.js","statementMap":{"0":{"start":{"line":12,"column":2},"end":{"line":14,"column":3}},"1":{"start":{"line":13,"column":4},"end":{"line":13,"column":15}},"2":{"start":{"line":15,"column":17},"end":{"line":15,"column":53}},"3":{"start":{"line":17,"column":2},"end":{"line":27,"column":3}},"4":{"start":{"line":18,"column":4},"end":{"line":18,"column":15}},"5":{"start":{"line":20,"column":4},"end":{"line":22,"column":5}},"6":{"start":{"line":21,"column":6},"end":{"line":21,"column":27}},"7":{"start":{"line":23,"column":4},"end":{"line":25,"column":5}},"8":{"start":{"line":24,"column":6},"end":{"line":24,"column":24}},"9":{"start":{"line":26,"column":4},"end":{"line":26,"column":25}},"10":{"start":{"line":28,"column":20},"end":{"line":36,"column":3}},"11":{"start":{"line":37,"column":19},"end":{"line":42,"column":4}},"12":{"start":{"line":38,"column":18},"end":{"line":38,"column":32}},"13":{"start":{"line":40,"column":4},"end":{"line":40,"column":74}},"14":{"start":{"line":40,"column":23},"end":{"line":40,"column":72}},"15":{"start":{"line":41,"column":4},"end":{"line":41,"column":44}},"16":{"start":{"line":43,"column":2},"end":{"line":43,"column":17}},"17":{"start":{"line":52,"column":2},"end":{"line":56,"column":3}},"18":{"start":{"line":53,"column":4},"end":{"line":53,"column":32}},"19":{"start":{"line":55,"column":4},"end":{"line":55,"column":16}},"20":{"start":{"line":57,"column":12},"end":{"line":57,"column":26}},"21":{"start":{"line":58,"column":14},"end":{"line":58,"column":24}},"22":{"start":{"line":60,"column":15},"end":{"line":60,"column":31}},"23":{"start":{"line":62,"column":2},"end":{"line":71,"column":3}},"24":{"start":{"line":63,"column":4},"end":{"line":63,"column":15}},"25":{"start":{"line":64,"column":9},"end":{"line":71,"column":3}},"26":{"start":{"line":66,"column":4},"end":{"line":66,"column":39}},"27":{"start":{"line":67,"column":9},"end":{"line":71,"column":3}},"28":{"start":{"line":68,"column":4},"end":{"line":68,"column":41}},"29":{"start":{"line":69,"column":9},"end":{"line":71,"column":3}},"30":{"start":{"line":70,"column":4},"end":{"line":70,"column":16}},"31":{"start":{"line":72,"column":2},"end":{"line":86,"column":3}},"32":{"start":{"line":73,"column":4},"end":{"line":73,"column":34}},"33":{"start":{"line":75,"column":4},"end":{"line":85,"column":5}},"34":{"start":{"line":94,"column":2},"end":{"line":94,"column":48}},"35":{"start":{"line":95,"column":17},"end":{"line":95,"column":56}},"36":{"start":{"line":96,"column":14},"end":{"line":96,"column":16}},"37":{"start":{"line":97,"column":14},"end":{"line":97,"column":36}},"38":{"start":{"line":98,"column":2},"end":{"line":104,"column":4}},"39":{"start":{"line":99,"column":17},"end":{"line":99,"column":39}},"40":{"start":{"line":100,"column":14},"end":{"line":100,"column":36}},"41":{"start":{"line":101,"column":4},"end":{"line":101,"column":21}},"42":{"start":{"line":102,"column":4},"end":{"line":102,"column":19}},"43":{"start":{"line":103,"column":4},"end":{"line":103,"column":13}},"44":{"start":{"line":105,"column":2},"end":{"line":105,"column":12}},"45":{"start":{"line":114,"column":10},"end":{"line":114,"column":20}},"46":{"start":{"line":115,"column":2},"end":{"line":120,"column":3}},"47":{"start":{"line":116,"column":17},"end":{"line":116,"column":34}},"48":{"start":{"line":117,"column":4},"end":{"line":118,"column":51}},"49":{"start":{"line":117,"column":38},"end":{"line":117,"column":41}},"50":{"start":{"line":118,"column":9},"end":{"line":118,"column":51}},"51":{"start":{"line":118,"column":45},"end":{"line":118,"column":51}},"52":{"start":{"line":119,"column":4},"end":{"line":119,"column":45}},"53":{"start":{"line":119,"column":42},"end":{"line":119,"column":45}},"54":{"start":{"line":121,"column":2},"end":{"line":121,"column":10}},"55":{"start":{"line":129,"column":19},"end":{"line":129,"column":21}},"56":{"start":{"line":130,"column":2},"end":{"line":134,"column":3}},"57":{"start":{"line":131,"column":4},"end":{"line":133,"column":5}},"58":{"start":{"line":132,"column":6},"end":{"line":132,"column":30}},"59":{"start":{"line":135,"column":2},"end":{"line":135,"column":17}},"60":{"start":{"line":143,"column":2},"end":{"line":143,"column":22}},"61":{"start":{"line":143,"column":13},"end":{"line":143,"column":22}},"62":{"start":{"line":144,"column":2},"end":{"line":149,"column":13}},"63":{"start":{"line":146,"column":6},"end":{"line":146,"column":44}},"64":{"start":{"line":146,"column":35},"end":{"line":146,"column":44}},"65":{"start":{"line":147,"column":6},"end":{"line":147,"column":74}},"66":{"start":{"line":157,"column":17},"end":{"line":157,"column":34}},"67":{"start":{"line":158,"column":2},"end":{"line":160,"column":3}},"68":{"start":{"line":159,"column":4},"end":{"line":159,"column":13}},"69":{"start":{"line":161,"column":2},"end":{"line":169,"column":3}},"70":{"start":{"line":177,"column":14},"end":{"line":177,"column":43}},"71":{"start":{"line":178,"column":2},"end":{"line":178,"column":21}},"72":{"start":{"line":179,"column":2},"end":{"line":179,"column":41}},"73":{"start":{"line":189,"column":2},"end":{"line":191,"column":3}},"74":{"start":{"line":190,"column":4},"end":{"line":190,"column":15}},"75":{"start":{"line":192,"column":2},"end":{"line":194,"column":3}},"76":{"start":{"line":193,"column":4},"end":{"line":193,"column":25}},"77":{"start":{"line":195,"column":2},"end":{"line":202,"column":4}},"78":{"start":{"line":196,"column":27},"end":{"line":196,"column":43}},"79":{"start":{"line":197,"column":4},"end":{"line":201,"column":5}},"80":{"start":{"line":198,"column":6},"end":{"line":198,"column":70}},"81":{"start":{"line":200,"column":6},"end":{"line":200,"column":39}},"82":{"start":{"line":203,"column":2},"end":{"line":203,"column":15}},"83":{"start":{"line":211,"column":2},"end":{"line":213,"column":3}},"84":{"start":{"line":212,"column":4},"end":{"line":212,"column":10}},"85":{"start":{"line":214,"column":20},"end":{"line":214,"column":37}},"86":{"start":{"line":215,"column":20},"end":{"line":215,"column":50}},"87":{"start":{"line":216,"column":2},"end":{"line":222,"column":3}},"88":{"start":{"line":217,"column":4},"end":{"line":217,"column":33}},"89":{"start":{"line":219,"column":4},"end":{"line":221,"column":54}},"90":{"start":{"line":223,"column":2},"end":{"line":223,"column":33}},"91":{"start":{"line":231,"column":2},"end":{"line":235,"column":3}},"92":{"start":{"line":232,"column":4},"end":{"line":232,"column":55}},"93":{"start":{"line":234,"column":4},"end":{"line":234,"column":46}},"94":{"start":{"line":247,"column":16},"end":{"line":262,"column":3}},"95":{"start":{"line":249,"column":17},"end":{"line":249,"column":40}},"96":{"start":{"line":252,"column":4},"end":{"line":261,"column":5}},"97":{"start":{"line":253,"column":6},"end":{"line":253,"column":46}},"98":{"start":{"line":255,"column":6},"end":{"line":255,"column":20}},"99":{"start":{"line":257,"column":6},"end":{"line":260,"column":7}},"100":{"start":{"line":258,"column":8},"end":{"line":258,"column":42}},"101":{"start":{"line":259,"column":8},"end":{"line":259,"column":43}},"102":{"start":{"line":259,"column":22},"end":{"line":259,"column":43}},"103":{"start":{"line":264,"column":2},"end":{"line":276,"column":3}},"104":{"start":{"line":265,"column":4},"end":{"line":265,"column":18}},"105":{"start":{"line":266,"column":4},"end":{"line":266,"column":27}},"106":{"start":{"line":267,"column":20},"end":{"line":267,"column":41}},"107":{"start":{"line":269,"column":4},"end":{"line":269,"column":51}},"108":{"start":{"line":269,"column":18},"end":{"line":269,"column":51}},"109":{"start":{"line":270,"column":4},"end":{"line":273,"column":5}},"110":{"start":{"line":271,"column":6},"end":{"line":271,"column":40}},"111":{"start":{"line":272,"column":6},"end":{"line":272,"column":27}},"112":{"start":{"line":275,"column":4},"end":{"line":275,"column":17}},"113":{"start":{"line":287,"column":2},"end":{"line":289,"column":3}},"114":{"start":{"line":288,"column":4},"end":{"line":288,"column":51}},"115":{"start":{"line":290,"column":20},"end":{"line":290,"column":58}},"116":{"start":{"line":291,"column":2},"end":{"line":297,"column":4}},"117":{"start":{"line":292,"column":4},"end":{"line":296,"column":5}},"118":{"start":{"line":293,"column":6},"end":{"line":293,"column":47}},"119":{"start":{"line":295,"column":6},"end":{"line":295,"column":36}},"120":{"start":{"line":298,"column":2},"end":{"line":298,"column":18}},"121":{"start":{"line":306,"column":2},"end":{"line":306,"column":33}},"122":{"start":{"line":313,"column":20},"end":{"line":313,"column":36}},"123":{"start":{"line":314,"column":20},"end":{"line":314,"column":62}},"124":{"start":{"line":315,"column":2},"end":{"line":315,"column":48}},"125":{"start":{"line":325,"column":2},"end":{"line":325,"column":71}},"126":{"start":{"line":334,"column":2},"end":{"line":334,"column":53}},"127":{"start":{"line":334,"column":27},"end":{"line":334,"column":53}},"128":{"start":{"line":343,"column":2},"end":{"line":346,"column":3}},"129":{"start":{"line":344,"column":16},"end":{"line":344,"column":55}},"130":{"start":{"line":345,"column":4},"end":{"line":345,"column":51}}},"fnMap":{"0":{"name":"parseTime","decl":{"start":{"line":11,"column":16},"end":{"line":11,"column":25}},"loc":{"start":{"line":11,"column":42},"end":{"line":44,"column":1}},"line":11},"1":{"name":"(anonymous_1)","decl":{"start":{"line":37,"column":53},"end":{"line":37,"column":54}},"loc":{"start":{"line":37,"column":70},"end":{"line":42,"column":3}},"line":37},"2":{"name":"formatTime","decl":{"start":{"line":51,"column":16},"end":{"line":51,"column":26}},"loc":{"start":{"line":51,"column":42},"end":{"line":87,"column":1}},"line":51},"3":{"name":"getQueryObject","decl":{"start":{"line":93,"column":16},"end":{"line":93,"column":30}},"loc":{"start":{"line":93,"column":37},"end":{"line":106,"column":1}},"line":93},"4":{"name":"(anonymous_4)","decl":{"start":{"line":98,"column":22},"end":{"line":98,"column":23}},"loc":{"start":{"line":98,"column":38},"end":{"line":104,"column":3}},"line":98},"5":{"name":"byteLength","decl":{"start":{"line":112,"column":16},"end":{"line":112,"column":26}},"loc":{"start":{"line":112,"column":33},"end":{"line":122,"column":1}},"line":112},"6":{"name":"cleanArray","decl":{"start":{"line":128,"column":16},"end":{"line":128,"column":26}},"loc":{"start":{"line":128,"column":36},"end":{"line":136,"column":1}},"line":128},"7":{"name":"param","decl":{"start":{"line":142,"column":16},"end":{"line":142,"column":21}},"loc":{"start":{"line":142,"column":29},"end":{"line":150,"column":1}},"line":142},"8":{"name":"(anonymous_8)","decl":{"start":{"line":145,"column":26},"end":{"line":145,"column":27}},"loc":{"start":{"line":145,"column":33},"end":{"line":148,"column":5}},"line":145},"9":{"name":"param2Obj","decl":{"start":{"line":156,"column":16},"end":{"line":156,"column":25}},"loc":{"start":{"line":156,"column":32},"end":{"line":170,"column":1}},"line":156},"10":{"name":"html2Text","decl":{"start":{"line":176,"column":16},"end":{"line":176,"column":25}},"loc":{"start":{"line":176,"column":32},"end":{"line":180,"column":1}},"line":176},"11":{"name":"objectMerge","decl":{"start":{"line":188,"column":16},"end":{"line":188,"column":27}},"loc":{"start":{"line":188,"column":45},"end":{"line":204,"column":1}},"line":188},"12":{"name":"(anonymous_12)","decl":{"start":{"line":195,"column":30},"end":{"line":195,"column":31}},"loc":{"start":{"line":195,"column":42},"end":{"line":202,"column":3}},"line":195},"13":{"name":"toggleClass","decl":{"start":{"line":210,"column":16},"end":{"line":210,"column":27}},"loc":{"start":{"line":210,"column":49},"end":{"line":224,"column":1}},"line":210},"14":{"name":"getTime","decl":{"start":{"line":230,"column":16},"end":{"line":230,"column":23}},"loc":{"start":{"line":230,"column":31},"end":{"line":236,"column":1}},"line":230},"15":{"name":"debounce","decl":{"start":{"line":244,"column":16},"end":{"line":244,"column":24}},"loc":{"start":{"line":244,"column":49},"end":{"line":277,"column":1}},"line":244},"16":{"name":"(anonymous_16)","decl":{"start":{"line":247,"column":16},"end":{"line":247,"column":17}},"loc":{"start":{"line":247,"column":28},"end":{"line":262,"column":3}},"line":247},"17":{"name":"(anonymous_17)","decl":{"start":{"line":264,"column":9},"end":{"line":264,"column":10}},"loc":{"start":{"line":264,"column":28},"end":{"line":276,"column":3}},"line":264},"18":{"name":"deepClone","decl":{"start":{"line":286,"column":16},"end":{"line":286,"column":25}},"loc":{"start":{"line":286,"column":35},"end":{"line":299,"column":1}},"line":286},"19":{"name":"(anonymous_19)","decl":{"start":{"line":291,"column":30},"end":{"line":291,"column":31}},"loc":{"start":{"line":291,"column":38},"end":{"line":297,"column":3}},"line":291},"20":{"name":"uniqueArr","decl":{"start":{"line":305,"column":16},"end":{"line":305,"column":25}},"loc":{"start":{"line":305,"column":32},"end":{"line":307,"column":1}},"line":305},"21":{"name":"createUniqueString","decl":{"start":{"line":312,"column":16},"end":{"line":312,"column":34}},"loc":{"start":{"line":312,"column":38},"end":{"line":316,"column":1}},"line":312},"22":{"name":"hasClass","decl":{"start":{"line":324,"column":16},"end":{"line":324,"column":24}},"loc":{"start":{"line":324,"column":36},"end":{"line":326,"column":1}},"line":324},"23":{"name":"addClass","decl":{"start":{"line":333,"column":16},"end":{"line":333,"column":24}},"loc":{"start":{"line":333,"column":36},"end":{"line":335,"column":1}},"line":333},"24":{"name":"removeClass","decl":{"start":{"line":342,"column":16},"end":{"line":342,"column":27}},"loc":{"start":{"line":342,"column":39},"end":{"line":347,"column":1}},"line":342}},"branchMap":{"0":{"loc":{"start":{"line":12,"column":2},"end":{"line":14,"column":3}},"type":"if","locations":[{"start":{"line":12,"column":2},"end":{"line":14,"column":3}},{"start":{"line":12,"column":2},"end":{"line":14,"column":3}}],"line":12},"1":{"loc":{"start":{"line":15,"column":17},"end":{"line":15,"column":53}},"type":"binary-expr","locations":[{"start":{"line":15,"column":17},"end":{"line":15,"column":24}},{"start":{"line":15,"column":28},"end":{"line":15,"column":53}}],"line":15},"2":{"loc":{"start":{"line":17,"column":2},"end":{"line":27,"column":3}},"type":"if","locations":[{"start":{"line":17,"column":2},"end":{"line":27,"column":3}},{"start":{"line":17,"column":2},"end":{"line":27,"column":3}}],"line":17},"3":{"loc":{"start":{"line":20,"column":4},"end":{"line":22,"column":5}},"type":"if","locations":[{"start":{"line":20,"column":4},"end":{"line":22,"column":5}},{"start":{"line":20,"column":4},"end":{"line":22,"column":5}}],"line":20},"4":{"loc":{"start":{"line":20,"column":8},"end":{"line":20,"column":61}},"type":"binary-expr","locations":[{"start":{"line":20,"column":9},"end":{"line":20,"column":33}},{"start":{"line":20,"column":39},"end":{"line":20,"column":60}}],"line":20},"5":{"loc":{"start":{"line":23,"column":4},"end":{"line":25,"column":5}},"type":"if","locations":[{"start":{"line":23,"column":4},"end":{"line":25,"column":5}},{"start":{"line":23,"column":4},"end":{"line":25,"column":5}}],"line":23},"6":{"loc":{"start":{"line":23,"column":8},"end":{"line":23,"column":69}},"type":"binary-expr","locations":[{"start":{"line":23,"column":9},"end":{"line":23,"column":33}},{"start":{"line":23,"column":39},"end":{"line":23,"column":68}}],"line":23},"7":{"loc":{"start":{"line":40,"column":4},"end":{"line":40,"column":74}},"type":"if","locations":[{"start":{"line":40,"column":4},"end":{"line":40,"column":74}},{"start":{"line":40,"column":4},"end":{"line":40,"column":74}}],"line":40},"8":{"loc":{"start":{"line":52,"column":2},"end":{"line":56,"column":3}},"type":"if","locations":[{"start":{"line":52,"column":2},"end":{"line":56,"column":3}},{"start":{"line":52,"column":2},"end":{"line":56,"column":3}}],"line":52},"9":{"loc":{"start":{"line":62,"column":2},"end":{"line":71,"column":3}},"type":"if","locations":[{"start":{"line":62,"column":2},"end":{"line":71,"column":3}},{"start":{"line":62,"column":2},"end":{"line":71,"column":3}}],"line":62},"10":{"loc":{"start":{"line":64,"column":9},"end":{"line":71,"column":3}},"type":"if","locations":[{"start":{"line":64,"column":9},"end":{"line":71,"column":3}},{"start":{"line":64,"column":9},"end":{"line":71,"column":3}}],"line":64},"11":{"loc":{"start":{"line":67,"column":9},"end":{"line":71,"column":3}},"type":"if","locations":[{"start":{"line":67,"column":9},"end":{"line":71,"column":3}},{"start":{"line":67,"column":9},"end":{"line":71,"column":3}}],"line":67},"12":{"loc":{"start":{"line":69,"column":9},"end":{"line":71,"column":3}},"type":"if","locations":[{"start":{"line":69,"column":9},"end":{"line":71,"column":3}},{"start":{"line":69,"column":9},"end":{"line":71,"column":3}}],"line":69},"13":{"loc":{"start":{"line":72,"column":2},"end":{"line":86,"column":3}},"type":"if","locations":[{"start":{"line":72,"column":2},"end":{"line":86,"column":3}},{"start":{"line":72,"column":2},"end":{"line":86,"column":3}}],"line":72},"14":{"loc":{"start":{"line":94,"column":8},"end":{"line":94,"column":48}},"type":"cond-expr","locations":[{"start":{"line":94,"column":22},"end":{"line":94,"column":42}},{"start":{"line":94,"column":45},"end":{"line":94,"column":48}}],"line":94},"15":{"loc":{"start":{"line":117,"column":4},"end":{"line":118,"column":51}},"type":"if","locations":[{"start":{"line":117,"column":4},"end":{"line":118,"column":51}},{"start":{"line":117,"column":4},"end":{"line":118,"column":51}}],"line":117},"16":{"loc":{"start":{"line":117,"column":8},"end":{"line":117,"column":36}},"type":"binary-expr","locations":[{"start":{"line":117,"column":8},"end":{"line":117,"column":19}},{"start":{"line":117,"column":23},"end":{"line":117,"column":36}}],"line":117},"17":{"loc":{"start":{"line":118,"column":9},"end":{"line":118,"column":51}},"type":"if","locations":[{"start":{"line":118,"column":9},"end":{"line":118,"column":51}},{"start":{"line":118,"column":9},"end":{"line":118,"column":51}}],"line":118},"18":{"loc":{"start":{"line":118,"column":13},"end":{"line":118,"column":43}},"type":"binary-expr","locations":[{"start":{"line":118,"column":13},"end":{"line":118,"column":25}},{"start":{"line":118,"column":29},"end":{"line":118,"column":43}}],"line":118},"19":{"loc":{"start":{"line":119,"column":4},"end":{"line":119,"column":45}},"type":"if","locations":[{"start":{"line":119,"column":4},"end":{"line":119,"column":45}},{"start":{"line":119,"column":4},"end":{"line":119,"column":45}}],"line":119},"20":{"loc":{"start":{"line":119,"column":8},"end":{"line":119,"column":40}},"type":"binary-expr","locations":[{"start":{"line":119,"column":8},"end":{"line":119,"column":22}},{"start":{"line":119,"column":26},"end":{"line":119,"column":40}}],"line":119},"21":{"loc":{"start":{"line":131,"column":4},"end":{"line":133,"column":5}},"type":"if","locations":[{"start":{"line":131,"column":4},"end":{"line":133,"column":5}},{"start":{"line":131,"column":4},"end":{"line":133,"column":5}}],"line":131},"22":{"loc":{"start":{"line":143,"column":2},"end":{"line":143,"column":22}},"type":"if","locations":[{"start":{"line":143,"column":2},"end":{"line":143,"column":22}},{"start":{"line":143,"column":2},"end":{"line":143,"column":22}}],"line":143},"23":{"loc":{"start":{"line":146,"column":6},"end":{"line":146,"column":44}},"type":"if","locations":[{"start":{"line":146,"column":6},"end":{"line":146,"column":44}},{"start":{"line":146,"column":6},"end":{"line":146,"column":44}}],"line":146},"24":{"loc":{"start":{"line":158,"column":2},"end":{"line":160,"column":3}},"type":"if","locations":[{"start":{"line":158,"column":2},"end":{"line":160,"column":3}},{"start":{"line":158,"column":2},"end":{"line":160,"column":3}}],"line":158},"25":{"loc":{"start":{"line":179,"column":9},"end":{"line":179,"column":41}},"type":"binary-expr","locations":[{"start":{"line":179,"column":9},"end":{"line":179,"column":24}},{"start":{"line":179,"column":28},"end":{"line":179,"column":41}}],"line":179},"26":{"loc":{"start":{"line":189,"column":2},"end":{"line":191,"column":3}},"type":"if","locations":[{"start":{"line":189,"column":2},"end":{"line":191,"column":3}},{"start":{"line":189,"column":2},"end":{"line":191,"column":3}}],"line":189},"27":{"loc":{"start":{"line":192,"column":2},"end":{"line":194,"column":3}},"type":"if","locations":[{"start":{"line":192,"column":2},"end":{"line":194,"column":3}},{"start":{"line":192,"column":2},"end":{"line":194,"column":3}}],"line":192},"28":{"loc":{"start":{"line":197,"column":4},"end":{"line":201,"column":5}},"type":"if","locations":[{"start":{"line":197,"column":4},"end":{"line":201,"column":5}},{"start":{"line":197,"column":4},"end":{"line":201,"column":5}}],"line":197},"29":{"loc":{"start":{"line":211,"column":2},"end":{"line":213,"column":3}},"type":"if","locations":[{"start":{"line":211,"column":2},"end":{"line":213,"column":3}},{"start":{"line":211,"column":2},"end":{"line":213,"column":3}}],"line":211},"30":{"loc":{"start":{"line":211,"column":6},"end":{"line":211,"column":28}},"type":"binary-expr","locations":[{"start":{"line":211,"column":6},"end":{"line":211,"column":14}},{"start":{"line":211,"column":18},"end":{"line":211,"column":28}}],"line":211},"31":{"loc":{"start":{"line":216,"column":2},"end":{"line":222,"column":3}},"type":"if","locations":[{"start":{"line":216,"column":2},"end":{"line":222,"column":3}},{"start":{"line":216,"column":2},"end":{"line":222,"column":3}}],"line":216},"32":{"loc":{"start":{"line":231,"column":2},"end":{"line":235,"column":3}},"type":"if","locations":[{"start":{"line":231,"column":2},"end":{"line":235,"column":3}},{"start":{"line":231,"column":2},"end":{"line":235,"column":3}}],"line":231},"33":{"loc":{"start":{"line":252,"column":4},"end":{"line":261,"column":5}},"type":"if","locations":[{"start":{"line":252,"column":4},"end":{"line":261,"column":5}},{"start":{"line":252,"column":4},"end":{"line":261,"column":5}}],"line":252},"34":{"loc":{"start":{"line":252,"column":8},"end":{"line":252,"column":31}},"type":"binary-expr","locations":[{"start":{"line":252,"column":8},"end":{"line":252,"column":19}},{"start":{"line":252,"column":23},"end":{"line":252,"column":31}}],"line":252},"35":{"loc":{"start":{"line":257,"column":6},"end":{"line":260,"column":7}},"type":"if","locations":[{"start":{"line":257,"column":6},"end":{"line":260,"column":7}},{"start":{"line":257,"column":6},"end":{"line":260,"column":7}}],"line":257},"36":{"loc":{"start":{"line":259,"column":8},"end":{"line":259,"column":43}},"type":"if","locations":[{"start":{"line":259,"column":8},"end":{"line":259,"column":43}},{"start":{"line":259,"column":8},"end":{"line":259,"column":43}}],"line":259},"37":{"loc":{"start":{"line":267,"column":20},"end":{"line":267,"column":41}},"type":"binary-expr","locations":[{"start":{"line":267,"column":20},"end":{"line":267,"column":29}},{"start":{"line":267,"column":33},"end":{"line":267,"column":41}}],"line":267},"38":{"loc":{"start":{"line":269,"column":4},"end":{"line":269,"column":51}},"type":"if","locations":[{"start":{"line":269,"column":4},"end":{"line":269,"column":51}},{"start":{"line":269,"column":4},"end":{"line":269,"column":51}}],"line":269},"39":{"loc":{"start":{"line":270,"column":4},"end":{"line":273,"column":5}},"type":"if","locations":[{"start":{"line":270,"column":4},"end":{"line":273,"column":5}},{"start":{"line":270,"column":4},"end":{"line":273,"column":5}}],"line":270},"40":{"loc":{"start":{"line":287,"column":2},"end":{"line":289,"column":3}},"type":"if","locations":[{"start":{"line":287,"column":2},"end":{"line":289,"column":3}},{"start":{"line":287,"column":2},"end":{"line":289,"column":3}}],"line":287},"41":{"loc":{"start":{"line":287,"column":6},"end":{"line":287,"column":43}},"type":"binary-expr","locations":[{"start":{"line":287,"column":6},"end":{"line":287,"column":13}},{"start":{"line":287,"column":17},"end":{"line":287,"column":43}}],"line":287},"42":{"loc":{"start":{"line":290,"column":20},"end":{"line":290,"column":58}},"type":"cond-expr","locations":[{"start":{"line":290,"column":51},"end":{"line":290,"column":53}},{"start":{"line":290,"column":56},"end":{"line":290,"column":58}}],"line":290},"43":{"loc":{"start":{"line":292,"column":4},"end":{"line":296,"column":5}},"type":"if","locations":[{"start":{"line":292,"column":4},"end":{"line":296,"column":5}},{"start":{"line":292,"column":4},"end":{"line":296,"column":5}}],"line":292},"44":{"loc":{"start":{"line":292,"column":8},"end":{"line":292,"column":56}},"type":"binary-expr","locations":[{"start":{"line":292,"column":8},"end":{"line":292,"column":20}},{"start":{"line":292,"column":24},"end":{"line":292,"column":56}}],"line":292},"45":{"loc":{"start":{"line":334,"column":2},"end":{"line":334,"column":53}},"type":"if","locations":[{"start":{"line":334,"column":2},"end":{"line":334,"column":53}},{"start":{"line":334,"column":2},"end":{"line":334,"column":53}}],"line":334},"46":{"loc":{"start":{"line":343,"column":2},"end":{"line":346,"column":3}},"type":"if","locations":[{"start":{"line":343,"column":2},"end":{"line":346,"column":3}},{"start":{"line":343,"column":2},"end":{"line":346,"column":3}}],"line":343}},"s":{"0":7,"1":1,"2":6,"3":6,"4":4,"5":2,"6":0,"7":2,"8":0,"9":2,"10":6,"11":6,"12":25,"13":25,"14":1,"15":24,"16":6,"17":7,"18":1,"19":6,"20":7,"21":7,"22":7,"23":7,"24":3,"25":4,"26":1,"27":3,"28":1,"29":2,"30":1,"31":1,"32":1,"33":0,"34":4,"35":4,"36":4,"37":4,"38":4,"39":7,"40":7,"41":7,"42":7,"43":7,"44":4,"45":0,"46":0,"47":0,"48":0,"49":0,"50":0,"51":0,"52":0,"53":0,"54":0,"55":0,"56":0,"57":0,"58":0,"59":0,"60":0,"61":0,"62":0,"63":0,"64":0,"65":0,"66":2,"67":2,"68":0,"69":2,"70":0,"71":0,"72":0,"73":0,"74":0,"75":0,"76":0,"77":0,"78":0,"79":0,"80":0,"81":0,"82":0,"83":0,"84":0,"85":0,"86":0,"87":0,"88":0,"89":0,"90":0,"91":0,"92":0,"93":0,"94":0,"95":0,"96":0,"97":0,"98":0,"99":0,"100":0,"101":0,"102":0,"103":0,"104":0,"105":0,"106":0,"107":0,"108":0,"109":0,"110":0,"111":0,"112":0,"113":8,"114":0,"115":8,"116":8,"117":17,"118":5,"119":12,"120":8,"121":4,"122":13,"123":13,"124":13,"125":0,"126":0,"127":0,"128":0,"129":0,"130":0},"f":{"0":7,"1":25,"2":7,"3":4,"4":7,"5":0,"6":0,"7":0,"8":0,"9":2,"10":0,"11":0,"12":0,"13":0,"14":0,"15":0,"16":0,"17":0,"18":8,"19":17,"20":4,"21":13,"22":0,"23":0,"24":0},"b":{"0":[1,6],"1":[6,1],"2":[4,2],"3":[0,2],"4":[2,0],"5":[0,2],"6":[2,2],"7":[1,24],"8":[1,6],"9":[3,4],"10":[1,3],"11":[1,2],"12":[1,1],"13":[1,0],"14":[0,4],"15":[0,0],"16":[0,0],"17":[0,0],"18":[0,0],"19":[0,0],"20":[0,0],"21":[0,0],"22":[0,0],"23":[0,0],"24":[0,2],"25":[0,0],"26":[0,0],"27":[0,0],"28":[0,0],"29":[0,0],"30":[0,0],"31":[0,0],"32":[0,0],"33":[0,0],"34":[0,0],"35":[0,0],"36":[0,0],"37":[0,0],"38":[0,0],"39":[0,0],"40":[0,8],"41":[8,0],"42":[3,5],"43":[5,12],"44":[17,17],"45":[0,0],"46":[0,0]},"_coverageSchema":"332fd63041d2c1bcb487cc26dd0d5f7d97098a6c","hash":"4864a9112c8bad3dd44a1faa746c896c192d1d71"},"C:\\Users\\jianzi\\Desktop\\softtest\\White-Jotter-master\\wj-vue\\src\\store\\index.js":{"path":"C:\\Users\\jianzi\\Desktop\\softtest\\White-Jotter-master\\wj-vue\\src\\store\\index.js","statementMap":{"0":{"start":{"line":4,"column":0},"end":{"line":4,"column":13}},"1":{"start":{"line":13,"column":6},"end":{"line":13,"column":30}},"2":{"start":{"line":16,"column":6},"end":{"line":16,"column":27}},"3":{"start":{"line":17,"column":6},"end":{"line":17,"column":67}},"4":{"start":{"line":21,"column":6},"end":{"line":21,"column":25}},"5":{"start":{"line":22,"column":6},"end":{"line":22,"column":48}},"6":{"start":{"line":23,"column":6},"end":{"line":23,"column":27}}},"fnMap":{},"branchMap":{"0":{"loc":{"start":{"line":8,"column":14},"end":{"line":8,"column":128}},"type":"cond-expr","locations":[{"start":{"line":8,"column":64},"end":{"line":8,"column":66}},{"start":{"line":8,"column":69},"end":{"line":8,"column":128}}],"line":8},"1":{"loc":{"start":{"line":8,"column":108},"end":{"line":8,"column":126}},"type":"binary-expr","locations":[{"start":{"line":8,"column":108},"end":{"line":8,"column":118}},{"start":{"line":8,"column":122},"end":{"line":8,"column":126}}],"line":8}},"s":{"0":1,"1":1,"2":2,"3":2,"4":1,"5":1,"6":1},"f":{},"b":{"0":[1,0],"1":[0,0]},"_coverageSchema":"332fd63041d2c1bcb487cc26dd0d5f7d97098a6c","hash":"609773e52f65639b4a14cb5b75deed1363d44b7c"},"C:\\Users\\jianzi\\Desktop\\softtest\\White-Jotter-master\\wj-vue\\src\\utils\\validate.js":{"path":"C:\\Users\\jianzi\\Desktop\\softtest\\White-Jotter-master\\wj-vue\\src\\utils\\validate.js","statementMap":{"0":{"start":{"line":10,"column":2},"end":{"line":10,"column":45}},"1":{"start":{"line":18,"column":20},"end":{"line":18,"column":39}},"2":{"start":{"line":19,"column":2},"end":{"line":19,"column":43}},"3":{"start":{"line":27,"column":14},"end":{"line":27,"column":330}},"4":{"start":{"line":28,"column":2},"end":{"line":28,"column":22}},"5":{"start":{"line":36,"column":14},"end":{"line":36,"column":24}},"6":{"start":{"line":37,"column":2},"end":{"line":37,"column":22}},"7":{"start":{"line":45,"column":14},"end":{"line":45,"column":24}},"8":{"start":{"line":46,"column":2},"end":{"line":46,"column":22}},"9":{"start":{"line":54,"column":14},"end":{"line":54,"column":27}},"10":{"start":{"line":55,"column":2},"end":{"line":55,"column":22}},"11":{"start":{"line":64,"column":14},"end":{"line":64,"column":167}},"12":{"start":{"line":65,"column":2},"end":{"line":65,"column":24}},"13":{"start":{"line":73,"column":2},"end":{"line":75,"column":3}},"14":{"start":{"line":74,"column":4},"end":{"line":74,"column":15}},"15":{"start":{"line":76,"column":2},"end":{"line":76,"column":14}},"16":{"start":{"line":84,"column":2},"end":{"line":86,"column":3}},"17":{"start":{"line":85,"column":4},"end":{"line":85,"column":67}},"18":{"start":{"line":87,"column":2},"end":{"line":87,"column":27}}},"fnMap":{"0":{"name":"isExternal","decl":{"start":{"line":9,"column":16},"end":{"line":9,"column":26}},"loc":{"start":{"line":9,"column":34},"end":{"line":11,"column":1}},"line":9},"1":{"name":"validUsername","decl":{"start":{"line":17,"column":16},"end":{"line":17,"column":29}},"loc":{"start":{"line":17,"column":36},"end":{"line":20,"column":1}},"line":17},"2":{"name":"validURL","decl":{"start":{"line":26,"column":16},"end":{"line":26,"column":24}},"loc":{"start":{"line":26,"column":31},"end":{"line":29,"column":1}},"line":26},"3":{"name":"validLowerCase","decl":{"start":{"line":35,"column":16},"end":{"line":35,"column":30}},"loc":{"start":{"line":35,"column":37},"end":{"line":38,"column":1}},"line":35},"4":{"name":"validUpperCase","decl":{"start":{"line":44,"column":16},"end":{"line":44,"column":30}},"loc":{"start":{"line":44,"column":37},"end":{"line":47,"column":1}},"line":44},"5":{"name":"validAlphabets","decl":{"start":{"line":53,"column":16},"end":{"line":53,"column":30}},"loc":{"start":{"line":53,"column":37},"end":{"line":56,"column":1}},"line":53},"6":{"name":"validEmail","decl":{"start":{"line":62,"column":16},"end":{"line":62,"column":26}},"loc":{"start":{"line":62,"column":35},"end":{"line":66,"column":1}},"line":62},"7":{"name":"isString","decl":{"start":{"line":72,"column":16},"end":{"line":72,"column":24}},"loc":{"start":{"line":72,"column":31},"end":{"line":77,"column":1}},"line":72},"8":{"name":"isArray","decl":{"start":{"line":83,"column":16},"end":{"line":83,"column":23}},"loc":{"start":{"line":83,"column":30},"end":{"line":88,"column":1}},"line":83}},"branchMap":{"0":{"loc":{"start":{"line":73,"column":2},"end":{"line":75,"column":3}},"type":"if","locations":[{"start":{"line":73,"column":2},"end":{"line":75,"column":3}},{"start":{"line":73,"column":2},"end":{"line":75,"column":3}}],"line":73},"1":{"loc":{"start":{"line":73,"column":6},"end":{"line":73,"column":54}},"type":"binary-expr","locations":[{"start":{"line":73,"column":6},"end":{"line":73,"column":29}},{"start":{"line":73,"column":33},"end":{"line":73,"column":54}}],"line":73},"2":{"loc":{"start":{"line":84,"column":2},"end":{"line":86,"column":3}},"type":"if","locations":[{"start":{"line":84,"column":2},"end":{"line":86,"column":3}},{"start":{"line":84,"column":2},"end":{"line":86,"column":3}}],"line":84}},"s":{"0":7,"1":6,"2":6,"3":9,"4":9,"5":7,"6":7,"7":7,"8":7,"9":8,"10":8,"11":10,"12":10,"13":10,"14":4,"15":6,"16":9,"17":0,"18":9},"f":{"0":7,"1":6,"2":9,"3":7,"4":7,"5":8,"6":10,"7":10,"8":9},"b":{"0":[4,6],"1":[10,7],"2":[0,9]},"_coverageSchema":"332fd63041d2c1bcb487cc26dd0d5f7d97098a6c","hash":"b2aa672d98d272bc260a8838bbf7945e3de60adc"},"C:\\Users\\jianzi\\Desktop\\softtest\\White-Jotter-master\\wj-vue\\src\\components\\common\\NavMenu.vue":{"path":"C:\\Users\\jianzi\\Desktop\\softtest\\White-Jotter-master\\wj-vue\\src\\components\\common\\NavMenu.vue","statementMap":{"0":{"start":{"line":30,"column":0},"end":{"line":null,"column":-1}},"1":{"start":{"line":42,"column":0},"end":{"line":null,"column":-1}},"2":{"start":{"line":45,"column":0},"end":{"line":null,"column":-1}},"3":{"start":{"line":46,"column":0},"end":{"line":50,"column":0}},"4":{"start":{"line":47,"column":0},"end":{"line":null,"column":-1}},"5":{"start":{"line":49,"column":0},"end":{"line":null,"column":-1}}},"fnMap":{"0":{"name":"data","decl":{"start":{"line":29,"column":0},"end":{"line":null,"column":-1}},"loc":{"start":{"line":29,"column":0},"end":{"line":39,"column":0}}},"1":{"name":"hoverBackground","decl":{"start":{"line":41,"column":0},"end":{"line":null,"column":-1}},"loc":{"start":{"line":41,"column":0},"end":{"line":43,"column":0}}},"2":{"name":"currentPath","decl":{"start":{"line":44,"column":0},"end":{"line":null,"column":-1}},"loc":{"start":{"line":44,"column":0},"end":{"line":51,"column":0}}}},"branchMap":{"0":{"loc":{"start":{"line":46,"column":0},"end":{"line":50,"column":0}},"type":"if","locations":[{"start":{"line":46,"column":0},"end":{"line":50,"column":0}},{"start":{"line":46,"column":0},"end":{"line":50,"column":0}}]}},"s":{"0":0,"1":0,"2":0,"3":0,"4":0,"5":0},"f":{"0":0,"1":0,"2":0},"b":{"0":[0,0]}},"C:\\Users\\jianzi\\Desktop\\softtest\\White-Jotter-master\\wj-vue\\src\\components\\library\\Tag.vue":{"path":"C:\\Users\\jianzi\\Desktop\\softtest\\White-Jotter-master\\wj-vue\\src\\components\\library\\Tag.vue","statementMap":{"0":{"start":{"line":17,"column":0},"end":{"line":null,"column":-1}}},"fnMap":{"0":{"name":"data","decl":{"start":{"line":16,"column":0},"end":{"line":null,"column":-1}},"loc":{"start":{"line":16,"column":0},"end":{"line":26,"column":0}}}},"branchMap":{},"s":{"0":0},"f":{"0":0},"b":{}},"C:\\Users\\jianzi\\Desktop\\softtest\\White-Jotter-master\\wj-vue\\src\\components\\Home.vue":{"path":"C:\\Users\\jianzi\\Desktop\\softtest\\White-Jotter-master\\wj-vue\\src\\components\\Home.vue","statementMap":{"0":{"start":{"line":9,"column":0},"end":{"line":null,"column":-1}}},"fnMap":{},"branchMap":{},"s":{"0":0},"f":{},"b":{}},"C:\\Users\\jianzi\\Desktop\\softtest\\White-Jotter-master\\wj-vue\\src\\components\\library\\ViewSwitch.vue":{"path":"C:\\Users\\jianzi\\Desktop\\softtest\\White-Jotter-master\\wj-vue\\src\\components\\library\\ViewSwitch.vue","statementMap":{"0":{"start":{"line":12,"column":0},"end":{"line":null,"column":-1}}},"fnMap":{"0":{"name":"data","decl":{"start":{"line":11,"column":0},"end":{"line":null,"column":-1}},"loc":{"start":{"line":11,"column":0},"end":{"line":15,"column":0}}}},"branchMap":{},"s":{"0":0},"f":{"0":0},"b":{}},"C:\\Users\\jianzi\\Desktop\\softtest\\White-Jotter-master\\wj-vue\\src\\components\\jotter\\ArticleDetails.vue":{"path":"C:\\Users\\jianzi\\Desktop\\softtest\\White-Jotter-master\\wj-vue\\src\\components\\jotter\\ArticleDetails.vue","statementMap":{"0":{"start":{"line":19,"column":0},"end":{"line":null,"column":-1}},"1":{"start":{"line":24,"column":0},"end":{"line":null,"column":-1}},"2":{"start":{"line":28,"column":0},"end":{"line":null,"column":-1}},"3":{"start":{"line":29,"column":0},"end":{"line":33,"column":0}},"4":{"start":{"line":30,"column":0},"end":{"line":32,"column":0}},"5":{"start":{"line":31,"column":0},"end":{"line":null,"column":-1}}},"fnMap":{"0":{"name":"data","decl":{"start":{"line":18,"column":0},"end":{"line":null,"column":-1}},"loc":{"start":{"line":18,"column":0},"end":{"line":22,"column":0}}},"1":{"name":"mounted","decl":{"start":{"line":23,"column":0},"end":{"line":null,"column":-1}},"loc":{"start":{"line":23,"column":0},"end":{"line":25,"column":0}}},"2":{"name":"loadArticle","decl":{"start":{"line":27,"column":0},"end":{"line":null,"column":-1}},"loc":{"start":{"line":27,"column":0},"end":{"line":34,"column":0}}},"3":{"name":"(anonymous_4)","decl":{"start":{"line":29,"column":0},"end":{"line":null,"column":-1}},"loc":{"start":{"line":29,"column":0},"end":{"line":33,"column":0}}}},"branchMap":{"0":{"loc":{"start":{"line":30,"column":0},"end":{"line":32,"column":0}},"type":"if","locations":[{"start":{"line":30,"column":0},"end":{"line":32,"column":0}},{"start":{"line":30,"column":0},"end":{"line":32,"column":0}}]},"1":{"loc":{"start":{"line":30,"column":0},"end":{"line":null,"column":-1}},"type":"binary-expr","locations":[{"start":{"line":30,"column":0},"end":{"line":null,"column":-1}},{"start":{"line":30,"column":0},"end":{"line":null,"column":-1}}]}},"s":{"0":0,"1":0,"2":0,"3":0,"4":0,"5":0},"f":{"0":0,"1":0,"2":0,"3":0},"b":{"0":[0,0],"1":[0,0]}},"C:\\Users\\jianzi\\Desktop\\softtest\\White-Jotter-master\\wj-vue\\src\\components\\admin\\Header.vue":{"path":"C:\\Users\\jianzi\\Desktop\\softtest\\White-Jotter-master\\wj-vue\\src\\components\\admin\\Header.vue","statementMap":{"0":{"start":{"line":12,"column":0},"end":{"line":null,"column":-1}},"1":{"start":{"line":18,"column":0},"end":{"line":null,"column":-1}},"2":{"start":{"line":19,"column":0},"end":{"line":27,"column":0}},"3":{"start":{"line":20,"column":0},"end":{"line":26,"column":0}},"4":{"start":{"line":21,"column":0},"end":{"line":null,"column":-1}},"5":{"start":{"line":22,"column":0},"end":{"line":null,"column":-1}},"6":{"start":{"line":24,"column":0},"end":{"line":null,"column":-1}},"7":{"start":{"line":25,"column":0},"end":{"line":null,"column":-1}}},"fnMap":{"0":{"name":"logout","decl":{"start":{"line":17,"column":0},"end":{"line":null,"column":-1}},"loc":{"start":{"line":17,"column":0},"end":{"line":28,"column":0}}},"1":{"name":"(anonymous_2)","decl":{"start":{"line":19,"column":0},"end":{"line":null,"column":-1}},"loc":{"start":{"line":19,"column":0},"end":{"line":27,"column":0}}},"2":{"name":"(anonymous_3)","decl":{"start":{"line":27,"column":0},"end":{"line":null,"column":-1}},"loc":{"start":{"line":27,"column":0},"end":{"line":null,"column":-1}}}},"branchMap":{"0":{"loc":{"start":{"line":20,"column":0},"end":{"line":26,"column":0}},"type":"if","locations":[{"start":{"line":20,"column":0},"end":{"line":26,"column":0}},{"start":{"line":20,"column":0},"end":{"line":26,"column":0}}]},"1":{"loc":{"start":{"line":20,"column":0},"end":{"line":null,"column":-1}},"type":"binary-expr","locations":[{"start":{"line":20,"column":0},"end":{"line":null,"column":-1}},{"start":{"line":20,"column":0},"end":{"line":null,"column":-1}}]}},"s":{"0":0,"1":0,"2":0,"3":0,"4":0,"5":0,"6":0,"7":0},"f":{"0":0,"1":0,"2":0},"b":{"0":[0,0],"1":[0,0]}},"C:\\Users\\jianzi\\Desktop\\softtest\\White-Jotter-master\\wj-vue\\src\\components\\library\\LibraryIndex.vue":{"path":"C:\\Users\\jianzi\\Desktop\\softtest\\White-Jotter-master\\wj-vue\\src\\components\\library\\LibraryIndex.vue","statementMap":{"0":{"start":{"line":14,"column":0},"end":{"line":null,"column":-1}},"1":{"start":{"line":15,"column":0},"end":{"line":null,"column":-1}},"2":{"start":{"line":22,"column":0},"end":{"line":null,"column":-1}},"3":{"start":{"line":23,"column":0},"end":{"line":null,"column":-1}},"4":{"start":{"line":24,"column":0},"end":{"line":null,"column":-1}},"5":{"start":{"line":25,"column":0},"end":{"line":30,"column":0}},"6":{"start":{"line":26,"column":0},"end":{"line":29,"column":0}},"7":{"start":{"line":27,"column":0},"end":{"line":null,"column":-1}},"8":{"start":{"line":28,"column":0},"end":{"line":null,"column":-1}}},"fnMap":{"0":{"name":"listByCategory","decl":{"start":{"line":21,"column":0},"end":{"line":null,"column":-1}},"loc":{"start":{"line":21,"column":0},"end":{"line":31,"column":0}}},"1":{"name":"(anonymous_3)","decl":{"start":{"line":25,"column":0},"end":{"line":null,"column":-1}},"loc":{"start":{"line":25,"column":0},"end":{"line":30,"column":0}}}},"branchMap":{"0":{"loc":{"start":{"line":26,"column":0},"end":{"line":29,"column":0}},"type":"if","locations":[{"start":{"line":26,"column":0},"end":{"line":29,"column":0}},{"start":{"line":26,"column":0},"end":{"line":29,"column":0}}]},"1":{"loc":{"start":{"line":26,"column":0},"end":{"line":null,"column":-1}},"type":"binary-expr","locations":[{"start":{"line":26,"column":0},"end":{"line":null,"column":-1}},{"start":{"line":26,"column":0},"end":{"line":null,"column":-1}}]}},"s":{"0":0,"1":0,"2":0,"3":0,"4":0,"5":0,"6":0,"7":0,"8":0},"f":{"0":0,"1":0},"b":{"0":[0,0],"1":[0,0]}},"C:\\Users\\jianzi\\Desktop\\softtest\\White-Jotter-master\\wj-vue\\src\\components\\admin\\AdminMenu.vue":{"path":"C:\\Users\\jianzi\\Desktop\\softtest\\White-Jotter-master\\wj-vue\\src\\components\\admin\\AdminMenu.vue","statementMap":{"0":{"start":{"line":30,"column":0},"end":{"line":null,"column":-1}},"1":{"start":{"line":36,"column":0},"end":{"line":null,"column":-1}},"2":{"start":{"line":39,"column":0},"end":{"line":null,"column":-1}}},"fnMap":{"0":{"name":"data","decl":{"start":{"line":29,"column":0},"end":{"line":null,"column":-1}},"loc":{"start":{"line":29,"column":0},"end":{"line":33,"column":0}}},"1":{"name":"adminMenus","decl":{"start":{"line":35,"column":0},"end":{"line":null,"column":-1}},"loc":{"start":{"line":35,"column":0},"end":{"line":37,"column":0}}},"2":{"name":"currentPath","decl":{"start":{"line":38,"column":0},"end":{"line":null,"column":-1}},"loc":{"start":{"line":38,"column":0},"end":{"line":40,"column":0}}}},"branchMap":{},"s":{"0":0,"1":0,"2":0},"f":{"0":0,"1":0,"2":0},"b":{}},"C:\\Users\\jianzi\\Desktop\\softtest\\White-Jotter-master\\wj-vue\\src\\components\\admin\\content\\ArticleManagement.vue":{"path":"C:\\Users\\jianzi\\Desktop\\softtest\\White-Jotter-master\\wj-vue\\src\\components\\admin\\content\\ArticleManagement.vue","statementMap":{"0":{"start":{"line":86,"column":0},"end":{"line":null,"column":-1}},"1":{"start":{"line":93,"column":0},"end":{"line":null,"column":-1}},"2":{"start":{"line":97,"column":0},"end":{"line":null,"column":-1}},"3":{"start":{"line":102,"column":0},"end":{"line":null,"column":-1}},"4":{"start":{"line":103,"column":0},"end":{"line":108,"column":0}},"5":{"start":{"line":104,"column":0},"end":{"line":107,"column":0}},"6":{"start":{"line":105,"column":0},"end":{"line":null,"column":-1}},"7":{"start":{"line":106,"column":0},"end":{"line":null,"column":-1}},"8":{"start":{"line":111,"column":0},"end":{"line":null,"column":-1}},"9":{"start":{"line":112,"column":0},"end":{"line":117,"column":0}},"10":{"start":{"line":113,"column":0},"end":{"line":116,"column":0}},"11":{"start":{"line":114,"column":0},"end":{"line":null,"column":-1}},"12":{"start":{"line":115,"column":0},"end":{"line":null,"column":-1}},"13":{"start":{"line":120,"column":0},"end":{"line":121,"column":0}},"14":{"start":{"line":128,"column":0},"end":{"line":null,"column":-1}},"15":{"start":{"line":131,"column":0},"end":{"line":132,"column":0}},"16":{"start":{"line":140,"column":0},"end":{"line":null,"column":-1}},"17":{"start":{"line":141,"column":0},"end":{"line":158,"column":0}},"18":{"start":{"line":146,"column":0},"end":{"line":151,"column":0}},"19":{"start":{"line":148,"column":0},"end":{"line":150,"column":0}},"20":{"start":{"line":149,"column":0},"end":{"line":null,"column":-1}},"21":{"start":{"line":154,"column":0},"end":{"line":null,"column":-1}}},"fnMap":{"0":{"name":"data","decl":{"start":{"line":85,"column":0},"end":{"line":null,"column":-1}},"loc":{"start":{"line":85,"column":0},"end":{"line":91,"column":0}}},"1":{"name":"mounted","decl":{"start":{"line":92,"column":0},"end":{"line":null,"column":-1}},"loc":{"start":{"line":92,"column":0},"end":{"line":94,"column":0}}},"2":{"name":"tableHeight","decl":{"start":{"line":96,"column":0},"end":{"line":null,"column":-1}},"loc":{"start":{"line":96,"column":0},"end":{"line":98,"column":0}}},"3":{"name":"loadArticles","decl":{"start":{"line":101,"column":0},"end":{"line":null,"column":-1}},"loc":{"start":{"line":101,"column":0},"end":{"line":109,"column":0}}},"4":{"name":"(anonymous_5)","decl":{"start":{"line":103,"column":0},"end":{"line":null,"column":-1}},"loc":{"start":{"line":103,"column":0},"end":{"line":108,"column":0}}},"5":{"name":"handleCurrentChange","decl":{"start":{"line":110,"column":0},"end":{"line":null,"column":-1}},"loc":{"start":{"line":110,"column":0},"end":{"line":118,"column":0}}},"6":{"name":"(anonymous_7)","decl":{"start":{"line":112,"column":0},"end":{"line":null,"column":-1}},"loc":{"start":{"line":112,"column":0},"end":{"line":117,"column":0}}},"7":{"name":"viewArticle","decl":{"start":{"line":119,"column":0},"end":{"line":null,"column":-1}},"loc":{"start":{"line":119,"column":0},"end":{"line":129,"column":0}}},"8":{"name":"editArticle","decl":{"start":{"line":130,"column":0},"end":{"line":null,"column":-1}},"loc":{"start":{"line":130,"column":0},"end":{"line":139,"column":0}}},"9":{"name":"deleteArticle","decl":{"start":{"line":140,"column":0},"end":{"line":null,"column":-1}},"loc":{"start":{"line":140,"column":0},"end":{"line":159,"column":0}}},"10":{"name":"(anonymous_11)","decl":{"start":{"line":141,"column":0},"end":{"line":null,"column":-1}},"loc":{"start":{"line":141,"column":0},"end":{"line":152,"column":0}}},"11":{"name":"(anonymous_12)","decl":{"start":{"line":146,"column":0},"end":{"line":null,"column":-1}},"loc":{"start":{"line":146,"column":0},"end":{"line":151,"column":0}}},"12":{"name":"(anonymous_13)","decl":{"start":{"line":152,"column":0},"end":{"line":null,"column":-1}},"loc":{"start":{"line":152,"column":0},"end":{"line":158,"column":0}}}},"branchMap":{"0":{"loc":{"start":{"line":104,"column":0},"end":{"line":107,"column":0}},"type":"if","locations":[{"start":{"line":104,"column":0},"end":{"line":107,"column":0}},{"start":{"line":104,"column":0},"end":{"line":107,"column":0}}]},"1":{"loc":{"start":{"line":104,"column":0},"end":{"line":null,"column":-1}},"type":"binary-expr","locations":[{"start":{"line":104,"column":0},"end":{"line":null,"column":-1}},{"start":{"line":104,"column":0},"end":{"line":null,"column":-1}}]},"2":{"loc":{"start":{"line":113,"column":0},"end":{"line":116,"column":0}},"type":"if","locations":[{"start":{"line":113,"column":0},"end":{"line":116,"column":0}},{"start":{"line":113,"column":0},"end":{"line":116,"column":0}}]},"3":{"loc":{"start":{"line":113,"column":0},"end":{"line":null,"column":-1}},"type":"binary-expr","locations":[{"start":{"line":113,"column":0},"end":{"line":null,"column":-1}},{"start":{"line":113,"column":0},"end":{"line":null,"column":-1}}]},"4":{"loc":{"start":{"line":148,"column":0},"end":{"line":150,"column":0}},"type":"if","locations":[{"start":{"line":148,"column":0},"end":{"line":150,"column":0}},{"start":{"line":148,"column":0},"end":{"line":150,"column":0}}]},"5":{"loc":{"start":{"line":148,"column":0},"end":{"line":null,"column":-1}},"type":"binary-expr","locations":[{"start":{"line":148,"column":0},"end":{"line":null,"column":-1}},{"start":{"line":148,"column":0},"end":{"line":null,"column":-1}}]}},"s":{"0":0,"1":0,"2":0,"3":0,"4":0,"5":0,"6":0,"7":0,"8":0,"9":0,"10":0,"11":0,"12":0,"13":0,"14":0,"15":0,"16":0,"17":0,"18":0,"19":0,"20":0,"21":0},"f":{"0":0,"1":0,"2":0,"3":0,"4":0,"5":0,"6":0,"7":0,"8":0,"9":0,"10":0,"11":0,"12":0},"b":{"0":[0,0],"1":[0,0],"2":[0,0],"3":[0,0],"4":[0,0],"5":[0,0]}},"C:\\Users\\jianzi\\Desktop\\softtest\\White-Jotter-master\\wj-vue\\src\\components\\admin\\content\\ImgUpload.vue":{"path":"C:\\Users\\jianzi\\Desktop\\softtest\\White-Jotter-master\\wj-vue\\src\\components\\admin\\content\\ImgUpload.vue","statementMap":{"0":{"start":{"line":24,"column":0},"end":{"line":null,"column":-1}},"1":{"start":{"line":31,"column":0},"end":{"line":null,"column":-1}},"2":{"start":{"line":34,"column":0},"end":{"line":null,"column":-1}},"3":{"start":{"line":39,"column":0},"end":{"line":null,"column":-1}},"4":{"start":{"line":42,"column":0},"end":{"line":null,"
[...]
mn":-1}},"14":{"start":{"line":154,"column":0},"end":{"line":null,"column":-1}},"15":{"start":{"line":155,"column":0},"end":{"line":159,"column":0}},"16":{"start":{"line":156,"column":0},"end":{"line":158,"column":0}},"17":{"start":{"line":157,"column":0},"end":{"line":null,"column":-1}},"18":{"start":{"line":161,"column":0},"end":{"line":null,"column":-1}},"19":{"start":{"line":162,"column":0},"end":{"line":190,"column":0}},"20":{"start":{"line":163,"column":0},"end":{"line":186,"column":0}},"21":{"start":{"line":168,"column":0},"end":{"line":179,"column":0}},"22":{"start":{"line":172,"column":0},"end":{"line":178,"column":0}},"23":{"start":{"line":173,"column":0},"end":{"line":177,"column":0}},"24":{"start":{"line":174,"column":0},"end":{"line":null,"column":-1}},"25":{"start":{"line":176,"column":0},"end":{"line":null,"column":-1}},"26":{"start":{"line":181,"column":0},"end":{"line":null,"column":-1}},"27":{"start":{"line":182,"column":0},"end":{"line":null,"column":-1}},"28":{"start":{"line":188,"column":0},"end":{"line":null,"column":-1}},"29":{"start":{"line":189,"column":0},"end":{"line":null,"column":-1}},"30":{"start":{"line":193,"column":0},"end":{"line":null,"column":-1}},"31":{"start":{"line":194,"column":0},"end":{"line":null,"column":-1}},"32":{"start":{"line":195,"column":0},"end":{"line":null,"column":-1}},"33":{"start":{"line":196,"column":0},"end":{"line":198,"column":0}},"34":{"start":{"line":197,"column":0},"end":{"line":null,"column":-1}},"35":{"start":{"line":199,"column":0},"end":{"line":null,"column":-1}},"36":{"start":{"line":200,"column":0},"end":{"line":null,"column":-1}},"37":{"start":{"line":201,"column":0},"end":{"line":206,"column":0}},"38":{"start":{"line":202,"column":0},"end":{"line":null,"column":-1}},"39":{"start":{"line":203,"column":0},"end":{"line":205,"column":0}},"40":{"start":{"line":204,"column":0},"end":{"line":null,"column":-1}},"41":{"start":{"line":207,"column":0},"end":{"line":null,"column":-1}},"42":{"start":{"line":209,"column":0},"end":{"line":211,"column":0}},"43":{"start":{"line":210,"column":0},"end":{"line":null,"column":-1}},"44":{"start":{"line":213,"column":0},"end":{"line":null,"column":-1}},"45":{"start":{"line":214,"column":0},"end":{"line":null,"column":-1}},"46":{"start":{"line":216,"column":0},"end":{"line":null,"column":-1}},"47":{"start":{"line":217,"column":0},"end":{"line":223,"column":0}},"48":{"start":{"line":218,"column":0},"end":{"line":222,"column":0}},"49":{"start":{"line":219,"column":0},"end":{"line":221,"column":0}},"50":{"start":{"line":220,"column":0},"end":{"line":null,"column":-1}},"51":{"start":{"line":224,"column":0},"end":{"line":236,"column":0}},"52":{"start":{"line":231,"column":0},"end":{"line":235,"column":0}},"53":{"start":{"line":232,"column":0},"end":{"line":null,"column":-1}},"54":{"start":{"line":233,"column":0},"end":{"line":null,"column":-1}},"55":{"start":{"line":234,"column":0},"end":{"line":null,"column":-1}},"56":{"start":{"line":237,"column":0},"end":{"line":243,"column":0}},"57":{"start":{"line":240,"column":0},"end":{"line":242,"column":0}},"58":{"start":{"line":241,"column":0},"end":{"line":null,"column":-1}}},"fnMap":{"0":{"name":"data","decl":{"start":{"line":110,"column":0},"end":{"line":null,"column":-1}},"loc":{"start":{"line":110,"column":0},"end":{"line":125,"column":0}}},"1":{"name":"mounted","decl":{"start":{"line":126,"column":0},"end":{"line":null,"column":-1}},"loc":{"start":{"line":126,"column":0},"end":{"line":130,"column":0}}},"2":{"name":"tableHeight","decl":{"start":{"line":132,"column":0},"end":{"line":null,"column":-1}},"loc":{"start":{"line":132,"column":0},"end":{"line":134,"column":0}}},"3":{"name":"listRoles","decl":{"start":{"line":137,"column":0},"end":{"line":null,"column":-1}},"loc":{"start":{"line":137,"column":0},"end":{"line":144,"column":0}}},"4":{"name":"(anonymous_6)","decl":{"start":{"line":139,"column":0},"end":{"line":null,"column":-1}},"loc":{"start":{"line":139,"column":0},"end":{"line":143,"column":0}}},"5":{"name":"listPerms","decl":{"start":{"line":145,"column":0},"end":{"line":null,"column":-1}},"loc":{"start":{"line":145,"column":0},"end":{"line":152,"column":0}}},"6":{"name":"(anonymous_8)","decl":{"start":{"line":147,"column":0},"end":{"line":null,"column":-1}},"loc":{"start":{"line":147,"column":0},"end":{"line":151,"column":0}}},"7":{"name":"listMenus","decl":{"start":{"line":153,"column":0},"end":{"line":null,"column":-1}},"loc":{"start":{"line":153,"column":0},"end":{"line":160,"column":0}}},"8":{"name":"(anonymous_10)","decl":{"start":{"line":155,"column":0},"end":{"line":null,"column":-1}},"loc":{"start":{"line":155,"column":0},"end":{"line":159,"column":0}}},"9":{"name":"commitStatusChange","decl":{"start":{"line":161,"column":0},"end":{"line":null,"column":-1}},"loc":{"start":{"line":161,"column":0},"end":{"line":191,"column":0}}},"10":{"name":"(anonymous_12)","decl":{"start":{"line":163,"column":0},"end":{"line":null,"column":-1}},"loc":{"start":{"line":163,"column":0},"end":{"line":180,"column":0}}},"11":{"name":"(anonymous_13)","decl":{"start":{"line":168,"column":0},"end":{"line":null,"column":-1}},"loc":{"start":{"line":168,"column":0},"end":{"line":179,"column":0}}},"12":{"name":"(anonymous_14)","decl":{"start":{"line":180,"column":0},"end":{"line":null,"column":-1}},"loc":{"start":{"line":180,"column":0},"end":{"line":186,"column":0}}},"13":{"name":"editRole","decl":{"start":{"line":192,"column":0},"end":{"line":null,"column":-1}},"loc":{"start":{"line":192,"column":0},"end":{"line":212,"column":0}}},"14":{"name":"onSubmit","decl":{"start":{"line":213,"column":0},"end":{"line":null,"column":-1}},"loc":{"start":{"line":213,"column":0},"end":{"line":244,"column":0}}},"15":{"name":"(anonymous_17)","decl":{"start":{"line":224,"column":0},"end":{"line":null,"column":-1}},"loc":{"start":{"line":224,"column":0},"end":{"line":236,"column":0}}},"16":{"name":"(anonymous_18)","decl":{"start":{"line":237,"column":0},"end":{"line":null,"column":-1}},"loc":{"start":{"line":237,"column":0},"end":{"line":243,"column":0}}}},"branchMap":{"0":{"loc":{"start":{"line":140,"column":0},"end":{"line":142,"column":0}},"type":"if","locations":[{"start":{"line":140,"column":0},"end":{"line":142,"column":0}},{"start":{"line":140,"column":0},"end":{"line":142,"column":0}}]},"1":{"loc":{"start":{"line":140,"column":0},"end":{"line":null,"column":-1}},"type":"binary-expr","locations":[{"start":{"line":140,"column":0},"end":{"line":null,"column":-1}},{"start":{"line":140,"column":0},"end":{"line":null,"column":-1}}]},"2":{"loc":{"start":{"line":148,"column":0},"end":{"line":150,"column":0}},"type":"if","locations":[{"start":{"line":148,"column":0},"end":{"line":150,"column":0}},{"start":{"line":148,"column":0},"end":{"line":150,"column":0}}]},"3":{"loc":{"start":{"line":148,"column":0},"end":{"line":null,"column":-1}},"type":"binary-expr","locations":[{"start":{"line":148,"column":0},"end":{"line":null,"column":-1}},{"start":{"line":148,"column":0},"end":{"line":null,"column":-1}}]},"4":{"loc":{"start":{"line":156,"column":0},"end":{"line":158,"column":0}},"type":"if","locations":[{"start":{"line":156,"column":0},"end":{"line":158,"column":0}},{"start":{"line":156,"column":0},"end":{"line":158,"column":0}}]},"5":{"loc":{"start":{"line":156,"column":0},"end":{"line":null,"column":-1}},"type":"binary-expr","locations":[{"start":{"line":156,"column":0},"end":{"line":null,"column":-1}},{"start":{"line":156,"column":0},"end":{"line":null,"column":-1}}]},"6":{"loc":{"start":{"line":162,"column":0},"end":{"line":190,"column":0}},"type":"if","locations":[{"start":{"line":162,"column":0},"end":{"line":190,"column":0}},{"start":{"line":162,"column":0},"end":{"line":190,"column":0}}]},"7":{"loc":{"start":{"line":172,"column":0},"end":{"line":178,"column":0}},"type":"if","locations":[{"start":{"line":172,"column":0},"end":{"line":178,"column":0}},{"start":{"line":172,"column":0},"end":{"line":178,"column":0}}]},"8":{"loc":{"start":{"line":172,"column":0},"end":{"line":null,"column":-1}},"type":"binary-expr","locations":[{"start":{"line":172,"column":0},"end":{"line":null,"column":-1}},{"start":{"line":172,"column":0},"end":{"line":null,"column":-1}}]},"9":{"loc":{"start":{"line":173,"column":0},"end":{"line":177,"column":0}},"type":"if","locations":[{"start":{"line":173,"column":0},"end":{"line":177,"column":0}},{"start":{"line":173,"column":0},"end":{"line":177,"column":0}}]},"10":{"loc":{"start":{"line":209,"column":0},"end":{"line":211,"column":0}},"type":"if","locations":[{"start":{"line":209,"column":0},"end":{"line":211,"column":0}},{"start":{"line":209,"column":0},"end":{"line":211,"column":0}}]},"11":{"loc":{"start":{"line":219,"column":0},"end":{"line":221,"column":0}},"type":"if","locations":[{"start":{"line":219,"column":0},"end":{"line":221,"column":0}},{"start":{"line":219,"column":0},"end":{"line":221,"column":0}}]},"12":{"loc":{"start":{"line":231,"column":0},"end":{"line":235,"column":0}},"type":"if","locations":[{"start":{"line":231,"column":0},"end":{"line":235,"column":0}},{"start":{"line":231,"column":0},"end":{"line":235,"column":0}}]},"13":{"loc":{"start":{"line":231,"column":0},"end":{"line":null,"column":-1}},"type":"binary-expr","locations":[{"start":{"line":231,"column":0},"end":{"line":null,"column":-1}},{"start":{"line":231,"column":0},"end":{"line":null,"column":-1}}]},"14":{"loc":{"start":{"line":240,"column":0},"end":{"line":242,"column":0}},"type":"if","locations":[{"start":{"line":240,"column":0},"end":{"line":242,"column":0}},{"start":{"line":240,"column":0},"end":{"line":242,"column":0}}]},"15":{"loc":{"start":{"line":240,"column":0},"end":{"line":null,"column":-1}},"type":"binary-expr","locations":[{"start":{"line":240,"column":0},"end":{"line":null,"column":-1}},{"start":{"line":240,"column":0},"end":{"line":null,"column":-1}}]}},"s":{"0":0,"1":0,"2":0,"3":0,"4":0,"5":0,"6":0,"7":0,"8":0,"9":0,"10":0,"11":0,"12":0,"13":0,"14":0,"15":0,"16":0,"17":0,"18":0,"19":0,"20":0,"21":0,"22":0,"23":0,"24":0,"25":0,"26":0,"27":0,"28":0,"29":0,"30":0,"31":0,"32":0,"33":0,"34":0,"35":0,"36":0,"37":0,"38":0,"39":0,"40":0,"41":0,"42":0,"43":0,"44":0,"45":0,"46":0,"47":0,"48":0,"49":0,"50":0,"51":0,"52":0,"53":0,"54":0,"55":0,"56":0,"57":0,"58":0},"f":{"0":0,"1":0,"2":0,"3":0,"4":0,"5":0,"6":0,"7":0,"8":0,"9":0,"10":0,"11":0,"12":0,"13":0,"14":0,"15":0,"16":0},"b":{"0":[0,0],"1":[0,0],"2":[0,0],"3":[0,0],"4":[0,0],"5":[0,0],"6":[0,0],"7":[0,0],"8":[0,0],"9":[0,0],"10":[0,0],"11":[0,0],"12":[0,0],"13":[0,0],"14":[0,0],"15":[0,0]}},"C:\\Users\\jianzi\\Desktop\\softtest\\White-Jotter-master\\wj-vue\\src\\components\\admin\\user\\UserProfile.vue":{"path":"C:\\Users\\jianzi\\Desktop\\softtest\\White-Jotter-master\\wj-vue\\src\\components\\admin\\user\\UserProfile.vue","statementMap":{"0":{"start":{"line":119,"column":0},"end":{"line":null,"column":-1}},"1":{"start":{"line":124,"column":0},"end":{"line":null,"column":-1}},"2":{"start":{"line":133,"column":0},"end":{"line":null,"column":-1}},"3":{"start":{"line":134,"column":0},"end":{"line":null,"column":-1}},"4":{"start":{"line":138,"column":0},"end":{"line":null,"column":-1}},"5":{"start":{"line":143,"column":0},"end":{"line":null,"column":-1}},"6":{"start":{"line":144,"column":0},"end":{"line":148,"column":0}},"7":{"start":{"line":145,"column":0},"end":{"line":147,"column":0}},"8":{"start":{"line":146,"column":0},"end":{"line":null,"column":-1}},"9":{"start":{"line":151,"column":0},"end":{"line":null,"column":-1}},"10":{"start":{"line":152,"column":0},"end":{"line":156,"column":0}},"11":{"start":{"line":153,"column":0},"end":{"line":155,"column":0}},"12":{"start":{"line":154,"column":0},"end":{"line":null,"column":-1}},"13":{"start":{"line":158,"column":0},"end":{"line":null,"column":-1}},"14":{"start":{"line":159,"column":0},"end":{"line":175,"column":0}},"15":{"start":{"line":160,"column":0},"end":{"line":171,"column":0}},"16":{"start":{"line":164,"column":0},"end":{"line":170,"column":0}},"17":{"start":{"line":165,"column":0},"end":{"line":169,"column":0}},"18":{"start":{"line":166,"column":0},"end":{"line":null,"column":-1}},"19":{"start":{"line":168,"column":0},"end":{"line":null,"column":-1}},"20":{"start":{"line":173,"column":0},"end":{"line":null,"column":-1}},"21":{"start":{"line":174,"column":0},"end":{"line":null,"column":-1}},"22":{"start":{"line":177,"column":0},"end":{"line":null,"column":-1}},"23":{"start":{"line":178,"column":0},"end":{"line":null,"column":-1}},"24":{"start":{"line":180,"column":0},"end":{"line":null,"column":-1}},"25":{"start":{"line":181,"column":0},"end":{"line":187,"column":0}},"26":{"start":{"line":182,"column":0},"end":{"line":186,"column":0}},"27":{"start":{"line":183,"column":0},"end":{"line":185,"column":0}},"28":{"start":{"line":184,"column":0},"end":{"line":null,"column":-1}},"29":{"start":{"line":188,"column":0},"end":{"line":203,"column":0}},"30":{"start":{"line":195,"column":0},"end":{"line":202,"column":0}},"31":{"start":{"line":196,"column":0},"end":{"line":null,"column":-1}},"32":{"start":{"line":197,"column":0},"end":{"line":null,"column":-1}},"33":{"start":{"line":199,"column":0},"end":{"line":null,"column":-1}},"34":{"start":{"line":201,"column":0},"end":{"line":null,"column":-1}},"35":{"start":{"line":206,"column":0},"end":{"line":null,"column":-1}},"36":{"start":{"line":207,"column":0},"end":{"line":null,"column":-1}},"37":{"start":{"line":208,"column":0},"end":{"line":null,"column":-1}},"38":{"start":{"line":209,"column":0},"end":{"line":211,"column":0}},"39":{"start":{"line":210,"column":0},"end":{"line":null,"column":-1}},"40":{"start":{"line":212,"column":0},"end":{"line":null,"column":-1}},"41":{"start":{"line":214,"column":0},"end":{"line":null,"column":-1}},"42":{"start":{"line":215,"column":0},"end":{"line":221,"column":0}},"43":{"start":{"line":218,"column":0},"end":{"line":220,"column":0}},"44":{"start":{"line":219,"column":0},"end":{"line":null,"column":-1}}},"fnMap":{"0":{"name":"data","decl":{"start":{"line":123,"column":0},"end":{"line":null,"column":-1}},"loc":{"start":{"line":123,"column":0},"end":{"line":131,"column":0}}},"1":{"name":"mounted","decl":{"start":{"line":132,"column":0},"end":{"line":null,"column":-1}},"loc":{"start":{"line":132,"column":0},"end":{"line":135,"column":0}}},"2":{"name":"tableHeight","decl":{"start":{"line":137,"column":0},"end":{"line":null,"column":-1}},"loc":{"start":{"line":137,"column":0},"end":{"line":139,"column":0}}},"3":{"name":"listUsers","decl":{"start":{"line":142,"column":0},"end":{"line":null,"column":-1}},"loc":{"start":{"line":142,"column":0},"end":{"line":149,"column":0}}},"4":{"name":"(anonymous_6)","decl":{"start":{"line":144,"column":0},"end":{"line":null,"column":-1}},"loc":{"start":{"line":144,"column":0},"end":{"line":148,"column":0}}},"5":{"name":"listRoles","decl":{"start":{"line":150,"column":0},"end":{"line":null,"column":-1}},"loc":{"start":{"line":150,"column":0},"end":{"line":157,"column":0}}},"6":{"name":"(anonymous_8)","decl":{"start":{"line":152,"column":0},"end":{"line":null,"column":-1}},"loc":{"start":{"line":152,"column":0},"end":{"line":156,"column":0}}},"7":{"name":"commitStatusChange","decl":{"start":{"line":158,"column":0},"end":{"line":null,"column":-1}},"loc":{"start":{"line":158,"column":0},"end":{"line":176,"column":0}}},"8":{"name":"(anonymous_10)","decl":{"start":{"line":160,"column":0},"end":{"line":null,"column":-1}},"loc":{"start":{"line":160,"column":0},"end":{"line":171,"column":0}}},"9":{"name":"onSubmit","decl":{"start":{"line":177,"column":0},"end":{"line":null,"column":-1}},"loc":{"start":{"line":177,"column":0},"end":{"line":204,"column":0}}},"10":{"name":"(anonymous_12)","decl":{"start":{"line":188,"column":0},"end":{"line":null,"column":-1}},"loc":{"start":{"line":188,"column":0},"end":{"line":203,"column":0}}},"11":{"name":"editUser","decl":{"start":{"line":205,"column":0},"end":{"line":null,"column":-1}},"loc":{"start":{"line":205,"column":0},"end":{"line":213,"column":0}}},"12":{"name":"resetPassword","decl":{"start":{"line":214,"column":0},"end":{"line":null,"column":-1}},"loc":{"start":{"line":214,"column":0},"end":{"line":222,"column":0}}},"13":{"name":"(anonymous_15)","decl":{"start":{"line":215,"column":0},"end":{"line":null,"column":-1}},"loc":{"start":{"line":215,"column":0},"end":{"line":221,"column":0}}}},"branchMap":{"0":{"loc":{"start":{"line":145,"column":0},"end":{"line":147,"column":0}},"type":"if","locations":[{"start":{"line":145,"column":0},"end":{"line":147,"column":0}},{"start":{"line":145,"column":0},"end":{"line":147,"column":0}}]},"1":{"loc":{"start":{"line":145,"column":0},"end":{"line":null,"column":-1}},"type":"binary-expr","locations":[{"start":{"line":145,"column":0},"end":{"line":null,"column":-1}},{"start":{"line":145,"column":0},"end":{"line":null,"column":-1}}]},"2":{"loc":{"start":{"line":153,"column":0},"end":{"line":155,"column":0}},"type":"if","locations":[{"start":{"line":153,"column":0},"end":{"line":155,"column":0}},{"start":{"line":153,"column":0},"end":{"line":155,"column":0}}]},"3":{"loc":{"start":{"line":153,"column":0},"end":{"line":null,"column":-1}},"type":"binary-expr","locations":[{"start":{"line":153,"column":0},"end":{"line":null,"column":-1}},{"start":{"line":153,"column":0},"end":{"line":null,"column":-1}}]},"4":{"loc":{"start":{"line":159,"column":0},"end":{"line":175,"column":0}},"type":"if","locations":[{"start":{"line":159,"column":0},"end":{"line":175,"column":0}},{"start":{"line":159,"column":0},"end":{"line":175,"column":0}}]},"5":{"loc":{"start":{"line":164,"column":0},"end":{"line":170,"column":0}},"type":"if","locations":[{"start":{"line":164,"column":0},"end":{"line":170,"column":0}},{"start":{"line":164,"column":0},"end":{"line":170,"column":0}}]},"6":{"loc":{"start":{"line":164,"column":0},"end":{"line":null,"column":-1}},"type":"binary-expr","locations":[{"start":{"line":164,"column":0},"end":{"line":null,"column":-1}},{"start":{"line":164,"column":0},"end":{"line":null,"column":-1}}]},"7":{"loc":{"start":{"line":165,"column":0},"end":{"line":169,"column":0}},"type":"if","locations":[{"start":{"line":165,"column":0},"end":{"line":169,"column":0}},{"start":{"line":165,"column":0},"end":{"line":169,"column":0}}]},"8":{"loc":{"start":{"line":183,"column":0},"end":{"line":185,"column":0}},"type":"if","locations":[{"start":{"line":183,"column":0},"end":{"line":185,"column":0}},{"start":{"line":183,"column":0},"end":{"line":185,"column":0}}]},"9":{"loc":{"start":{"line":195,"column":0},"end":{"line":202,"column":0}},"type":"if","locations":[{"start":{"line":195,"column":0},"end":{"line":202,"column":0}},{"start":{"line":195,"column":0},"end":{"line":202,"column":0}}]},"10":{"loc":{"start":{"line":195,"column":0},"end":{"line":null,"column":-1}},"type":"binary-expr","locations":[{"start":{"line":195,"column":0},"end":{"line":null,"column":-1}},{"start":{"line":195,"column":0},"end":{"line":null,"column":-1}}]},"11":{"loc":{"start":{"line":218,"column":0},"end":{"line":220,"column":0}},"type":"if","locations":[{"start":{"line":218,"column":0},"end":{"line":220,"column":0}},{"start":{"line":218,"column":0},"end":{"line":220,"column":0}}]},"12":{"loc":{"start":{"line":218,"column":0},"end":{"line":null,"column":-1}},"type":"binary-expr","locations":[{"start":{"line":218,"column":0},"end":{"line":null,"column":-1}},{"start":{"line":218,"column":0},"end":{"line":null,"column":-1}}]}},"s":{"0":0,"1":0,"2":0,"3":0,"4":0,"5":0,"6":0,"7":0,"8":0,"9":0,"10":0,"11":0,"12":0,"13":0,"14":0,"15":0,"16":0,"17":0,"18":0,"19":0,"20":0,"21":0,"22":0,"23":0,"24":0,"25":0,"26":0,"27":0,"28":0,"29":0,"30":0,"31":0,"32":0,"33":0,"34":0,"35":0,"36":0,"37":0,"38":0,"39":0,"40":0,"41":0,"42":0,"43":0,"44":0},"f":{"0":0,"1":0,"2":0,"3":0,"4":0,"5":0,"6":0,"7":0,"8":0,"9":0,"10":0,"11":0,"12":0,"13":0},"b":{"0":[0,0],"1":[0,0],"2":[0,0],"3":[0,0],"4":[0,0],"5":[0,0],"6":[0,0],"7":[0,0],"8":[0,0],"9":[0,0],"10":[0,0],"11":[0,0],"12":[0,0]}}}}